<div class="story">
<h1></h1>
<div class="path">email/useGmail.story</div>
<div class="narrative"><h2>Narrative:</h2>
<div class="element inOrderTo"><span class="keyword inOrderTo">As a</span> user</div>
<div class="element asA"><span class="keyword asA">I want to</span> login in gmail account</div>
<div class="element iWantTo"><span class="keyword iWantTo">So that</span> I can send letter</div>
</div>
<div class="scenario">
<h2>Scenario: Login with an empty login field</h2>
<div class="step successful">Given I am on LogInPage</div>
<div class="step successful">When I leave login field empty</div>
<div class="step successful">And I click button &quot;Next&quot;</div>
<div class="step successful">Then Error message &quot;Please enter your email&quot; is shown</div>
</div>
<div class="scenario">
<h2>Scenario: Login with an invalid data</h2>
<div class="step successful">Given I am on LogInPage</div>
<div class="step successful">When I enter an invalid login</div>
<div class="step successful">And I click button &quot;Next&quot;</div>
<div class="step successful">Then Error message &quot;Please enter a valid email address&quot; is shown</div>
</div>
<div class="scenario">
<h2>Scenario: Login with a valid data</h2>
<div class="step successful">Given I am on LogInPage</div>
<div class="step successful">When I enter a valid login</div>
<div class="step successful">And I click button &quot;Next&quot;</div>
<div class="step successful">And I enter a valid password</div>
<div class="step successful">And I uncheck checkbox &quot;Stay signed in&quot;</div>
<div class="step successful">And I click button &quot;Sign in&quot;</div>
<div class="step failed">Then InBoxPage of my account is opened <span class="keyword failed">(FAILED)</span><br/><span class="message failed">org.openqa.selenium.NoSuchElementException: no such element: Unable to locate element: {&quot;method&quot;:&quot;xpath&quot;,&quot;selector&quot;:&quot;.//a[contains(@title, '&#1040;&#1082;&#1082;&#1072;&#1091;&#1085;&#1090; Google')]&quot;}
  (Session info: chrome=51.0.2704.84)
  (Driver info: chromedriver=2.22.397933 (1cab651507b88dec79b2b2a22d1943c01833cc1b),platform=Windows NT 6.1.7601 SP1 x86) (WARNING: The server did not provide any stacktrace information)
Command duration or timeout: 30 milliseconds
For documentation on this error, please visit: http://seleniumhq.org/exceptions/no_such_element.html
Build info: version: '2.49.1', revision: '808c23b0963853d375cbe54b90bbd052e2528a54', time: '2016-01-21 09:37:52'
System info: host: 'BIL-PC', ip: '192.168.0.101', os.name: 'Windows 7', os.arch: 'x86', os.version: '6.1', java.version: '1.8.0_65'
Driver info: org.openqa.selenium.chrome.ChromeDriver
Capabilities [{applicationCacheEnabled=false, rotatable=false, mobileEmulationEnabled=false, chrome={chromedriverVersion=2.22.397933 (1cab651507b88dec79b2b2a22d1943c01833cc1b), userDataDir=C:\Users\BIL\AppData\Local\Temp\scoped_dir5960_28711}, takesHeapSnapshot=true, databaseEnabled=false, handlesAlerts=true, hasTouchScreen=false, version=51.0.2704.84, platform=XP, browserConnectionEnabled=false, nativeEvents=true, acceptSslCerts=true, locationContextEnabled=true, webStorageEnabled=true, browserName=chrome, takesScreenshot=true, javascriptEnabled=true, cssSelectorsEnabled=true}]
Session ID: 710df2b5d810b1bcff15e968b0dd3dbc
*** Element info: {Using=xpath, value=.//a[contains(@title, '&#1040;&#1082;&#1082;&#1072;&#1091;&#1085;&#1090; Google')]}</span></div>
</div>
</div>
