<?xml version="1.0" encoding="UTF-8" ?>
<testsuite tests="572" failures="67" name="TestSuite" time="1.187" errors="0" skipped="0">
  <properties>
    <property name="java.runtime.name" value="Java(TM) SE Runtime Environment"/>
    <property name="sun.boot.library.path" value="C:\Program Files\Java\jdk1.8.0_65\jre\bin"/>
    <property name="java.vm.version" value="25.65-b01"/>
    <property name="user.country.format" value="UA"/>
    <property name="java.vm.vendor" value="Oracle Corporation"/>
    <property name="maven.multiModuleProjectDirectory" value="D:\Galyna\PreProdLab\TestNG\CalculatorTestNG"/>
    <property name="java.vendor.url" value="http://java.oracle.com/"/>
    <property name="path.separator" value=";"/>
    <property name="guice.disable.misplaced.annotation.check" value="true"/>
    <property name="java.vm.name" value="Java HotSpot(TM) Client VM"/>
    <property name="file.encoding.pkg" value="sun.io"/>
    <property name="user.script" value=""/>
    <property name="user.country" value="RU"/>
    <property name="sun.java.launcher" value="SUN_STANDARD"/>
    <property name="sun.os.patch.level" value="Service Pack 1"/>
    <property name="java.vm.specification.name" value="Java Virtual Machine Specification"/>
    <property name="user.dir" value="D:\Galyna\PreProdLab\TestNG\CalculatorTestNG"/>
    <property name="java.runtime.version" value="1.8.0_65-b17"/>
    <property name="java.awt.graphicsenv" value="sun.awt.Win32GraphicsEnvironment"/>
    <property name="java.endorsed.dirs" value="C:\Program Files\Java\jdk1.8.0_65\jre\lib\endorsed"/>
    <property name="os.arch" value="x86"/>
    <property name="java.io.tmpdir" value="C:\Users\BIL\AppData\Local\Temp\"/>
    <property name="line.separator" value="
"/>
    <property name="java.vm.specification.vendor" value="Oracle Corporation"/>
    <property name="user.variant" value=""/>
    <property name="os.name" value="Windows 7"/>
    <property name="classworlds.conf" value="D:\Galyna\Courses_Books\Testing Epam\environment\apache-maven-3.3.9\bin\..\bin\m2.conf"/>
    <property name="sun.jnu.encoding" value="Cp1251"/>
    <property name="java.library.path" value="C:\Program Files\Java\jdk1.8.0_65\bin;C:\Windows\Sun\Java\bin;C:\Windows\system32;C:\Windows;C:\Python27\;C:\Python27\Scripts;C:\ProgramData\Oracle\Java\javapath;C:\Windows\system32;C:\Windows;C:\Windows\System32\Wbem;C:\Windows\System32\WindowsPowerShell\v1.0\;C:\Program Files\Skype\Phone\;C:\Program Files\Microsoft SQL Server\120\Tools\Binn\;C:\Program Files\Microsoft SQL Server\Client SDK\ODBC\110\Tools\Binn\;C:\Program Files\Microsoft SQL Server\120\DTS\Binn\;C:\Program Files\Microsoft SQL Server\120\Tools\Binn\ManagementStudio\;C:\Program Files\Java\jre1.8.0_65\bin\javaw.exe;D:\Galyna\Courses_Books\Testing Epam\environment\apache-maven-3.3.9/bin;."/>
    <property name="java.specification.name" value="Java Platform API Specification"/>
    <property name="java.class.version" value="52.0"/>
    <property name="sun.management.compiler" value="HotSpot Client Compiler"/>
    <property name="os.version" value="6.1"/>
    <property name="user.home" value="C:\Users\BIL"/>
    <property name="user.timezone" value="Europe/Helsinki"/>
    <property name="java.awt.printerjob" value="sun.awt.windows.WPrinterJob"/>
    <property name="java.specification.version" value="1.8"/>
    <property name="file.encoding" value="Cp1251"/>
    <property name="user.name" value="BIL"/>
    <property name="java.class.path" value="D:\Galyna\Courses_Books\Testing Epam\environment\apache-maven-3.3.9\bin\..\boot\plexus-classworlds-2.5.2.jar"/>
    <property name="java.vm.specification.version" value="1.8"/>
    <property name="sun.arch.data.model" value="32"/>
    <property name="java.home" value="C:\Program Files\Java\jdk1.8.0_65\jre"/>
    <property name="sun.java.command" value="org.codehaus.plexus.classworlds.launcher.Launcher package"/>
    <property name="java.specification.vendor" value="Oracle Corporation"/>
    <property name="user.language" value="ru"/>
    <property name="user.language.format" value="uk"/>
    <property name="awt.toolkit" value="sun.awt.windows.WToolkit"/>
    <property name="java.vm.info" value="mixed mode, sharing"/>
    <property name="java.version" value="1.8.0_65"/>
    <property name="java.ext.dirs" value="C:\Program Files\Java\jdk1.8.0_65\jre\lib\ext;C:\Windows\Sun\Java\lib\ext"/>
    <property name="sun.boot.class.path" value="C:\Program Files\Java\jdk1.8.0_65\jre\lib\resources.jar;C:\Program Files\Java\jdk1.8.0_65\jre\lib\rt.jar;C:\Program Files\Java\jdk1.8.0_65\jre\lib\sunrsasign.jar;C:\Program Files\Java\jdk1.8.0_65\jre\lib\jsse.jar;C:\Program Files\Java\jdk1.8.0_65\jre\lib\jce.jar;C:\Program Files\Java\jdk1.8.0_65\jre\lib\charsets.jar;C:\Program Files\Java\jdk1.8.0_65\jre\lib\jfr.jar;C:\Program Files\Java\jdk1.8.0_65\jre\classes"/>
    <property name="sun.stderr.encoding" value="cp866"/>
    <property name="java.vendor" value="Oracle Corporation"/>
    <property name="maven.home" value="D:\Galyna\Courses_Books\Testing Epam\environment\apache-maven-3.3.9\bin\.."/>
    <property name="file.separator" value="\"/>
    <property name="java.vendor.url.bug" value="http://bugreport.sun.com/bugreport/"/>
    <property name="sun.cpu.endian" value="little"/>
    <property name="sun.io.unicode.encoding" value="UnicodeLittle"/>
    <property name="sun.stdout.encoding" value="cp866"/>
    <property name="sun.desktop" value="windows"/>
    <property name="sun.cpu.isalist" value="pentium_pro+mmx pentium_pro pentium+mmx pentium i486 i386 i86"/>
  </properties>
  <testcase classname="com.epam.calculator.testCalculator.baseOperations.TestDiv" name="testDivPassLong" time="0.002"/>
  <testcase classname="com.epam.calculator.testCalculator.baseOperations.TestDiv" name="testDivPassLong" time="0.003"/>
  <testcase classname="com.epam.calculator.testCalculator.baseOperations.TestDiv" name="testDivPassLong" time="0.001"/>
  <testcase classname="com.epam.calculator.testCalculator.baseOperations.TestDiv" name="testDivPassLong" time="0.001"/>
  <testcase classname="com.epam.calculator.testCalculator.baseOperations.TestSum" name="testSumFailLong" time="0"/>
  <testcase classname="com.epam.calculator.testCalculator.sign.TestIsPositive" name="testIsPositiveFailLong" time="0"/>
  <testcase classname="com.epam.calculator.testCalculator.sign.TestIsNegative" name="testIsNegativePassLong" time="0"/>
  <testcase classname="com.epam.calculator.testCalculator.baseOperations.TestDiv" name="testDivPassLong" time="0.001"/>
  <testcase classname="com.epam.calculator.testCalculator.baseOperations.TestSum" name="testSumPassLong" time="0"/>
  <testcase classname="com.epam.calculator.testCalculator.baseOperations.TestMult" name="testMultFailLong" time="0.002"/>
  <testcase classname="com.epam.calculator.testCalculator.baseOperations.TestSum" name="testSumExceptionIsThrown" time="0.003">
    <failure message="
Method TestSum.testSumExceptionIsThrown(long, long)[pri:0, instance:com.epam.calculator.testCalculator.baseOperations.TestSum@50a6f6] should have thrown an exception of class java.lang.Exception" type="org.testng.TestException">org.testng.TestException: 
Method TestSum.testSumExceptionIsThrown(long, long)[pri:0, instance:com.epam.calculator.testCalculator.baseOperations.TestSum@50a6f6] should have thrown an exception of class java.lang.Exception
	at org.testng.internal.Invoker.handleInvocationResults(Invoker.java:1512)
	at org.testng.internal.Invoker.invokeMethod(Invoker.java:754)
	at org.testng.internal.Invoker.invokeTestMethod(Invoker.java:901)
	at org.testng.internal.TestMethodWithDataProviderMethodWorker.call(TestMethodWithDataProviderMethodWorker.java:73)
	at org.testng.internal.TestMethodWithDataProviderMethodWorker.call(TestMethodWithDataProviderMethodWorker.java:14)
	at java.util.concurrent.FutureTask.run(FutureTask.java:266)
	at java.util.concurrent.Executors$RunnableAdapter.call(Executors.java:511)
	at java.util.concurrent.FutureTask.run(FutureTask.java:266)
	at java.util.concurrent.ThreadPoolExecutor.runWorker(ThreadPoolExecutor.java:1142)
	at java.util.concurrent.ThreadPoolExecutor$Worker.run(ThreadPoolExecutor.java:617)
	at java.lang.Thread.run(Thread.java:745)
</failure>
    <system-out>[Test: TestNG Functional Group][Class: com.epam.calculator.testCalculator.baseOperations.TestMult][Method: testMultFailLong] - State [1] - [Time: 0 ms]
[Test: TestNG Functional Group][Class: com.epam.calculator.testCalculator.baseOperations.TestMult][Method: testMultFailLong] - State [1] - [Time: 0 ms]
[Test: TestNG Functional Group][Class: com.epam.calculator.testCalculator.baseOperations.TestMult][Method: testMultFailLong] - State [1] - [Time: 0 ms]
[Test: TestNG Functional Group][Class: com.epam.calculator.testCalculator.baseOperations.TestMult][Method: testMultFailLong] - State [1] - [Time: 0 ms]
[Test: TestNG Functional Group][Class: com.epam.calculator.testCalculator.baseOperations.TestSum][Method: testSumPassLong] - State [1] - [Time: 0 ms]
[Test: TestNG Functional Group][Class: com.epam.calculator.testCalculator.baseOperations.TestSum][Method: testSumPassLong] - State [1] - [Time: 0 ms]
[Test: TestNG Functional Group][Class: com.epam.calculator.testCalculator.baseOperations.TestSum][Method: testSumPassLong] - State [1] - [Time: 0 ms]
[Test: TestNG Functional Group][Class: com.epam.calculator.testCalculator.baseOperations.TestSum][Method: testSumPassLong] - State [1] - [Time: 0 ms]
[Test: TestNG Functional Group][Class: com.epam.calculator.testCalculator.baseOperations.TestDiv][Method: testDivPassLong] - State [1] - [Time: 0 ms]
[Test: TestNG Functional Group][Class: com.epam.calculator.testCalculator.baseOperations.TestDiv][Method: testDivPassLong] - State [1] - [Time: 0 ms]
[Test: TestNG Functional Group][Class: com.epam.calculator.testCalculator.baseOperations.TestDiv][Method: testDivPassLong] - State [1] - [Time: 0 ms]
[Test: TestNG Functional Group][Class: com.epam.calculator.testCalculator.baseOperations.TestDiv][Method: testDivPassLong] - State [1] - [Time: 0 ms]
</system-out>
  </testcase>
  <testcase classname="com.epam.calculator.testCalculator.baseOperations.TestSub" name="testSubExceptionIsThrown" time="0.006">
    <failure message="
Method TestSub.testSubExceptionIsThrown(long, long)[pri:0, instance:com.epam.calculator.testCalculator.baseOperations.TestSub@2a67b4] should have thrown an exception of class java.lang.Exception" type="org.testng.TestException">org.testng.TestException: 
Method TestSub.testSubExceptionIsThrown(long, long)[pri:0, instance:com.epam.calculator.testCalculator.baseOperations.TestSub@2a67b4] should have thrown an exception of class java.lang.Exception
	at org.testng.internal.Invoker.handleInvocationResults(Invoker.java:1512)
	at org.testng.internal.Invoker.invokeMethod(Invoker.java:754)
	at org.testng.internal.Invoker.invokeTestMethod(Invoker.java:901)
	at org.testng.internal.TestMethodWithDataProviderMethodWorker.call(TestMethodWithDataProviderMethodWorker.java:73)
	at org.testng.internal.TestMethodWithDataProviderMethodWorker.call(TestMethodWithDataProviderMethodWorker.java:14)
	at java.util.concurrent.FutureTask.run(FutureTask.java:266)
	at java.util.concurrent.Executors$RunnableAdapter.call(Executors.java:511)
	at java.util.concurrent.FutureTask.run(FutureTask.java:266)
	at java.util.concurrent.ThreadPoolExecutor.runWorker(ThreadPoolExecutor.java:1142)
	at java.util.concurrent.ThreadPoolExecutor$Worker.run(ThreadPoolExecutor.java:617)
	at java.lang.Thread.run(Thread.java:745)
</failure>
    <system-out>testSumExceptionIsThrown--Test method failed
testSumExceptionIsThrown--Test method failed
testSumExceptionIsThrown--Test method failed
testSumExceptionIsThrown--Test method failed
[Test: TestNG Functional Group][Class: com.epam.calculator.testCalculator.sign.TestIsPositive][Method: testIsPositiveFailLong] - State [1] - [Time: 0 ms]
[Test: TestNG Functional Group][Class: com.epam.calculator.testCalculator.sign.TestIsPositive][Method: testIsPositiveFailLong] - State [1] - [Time: 0 ms]
[Test: TestNG Functional Group][Class: com.epam.calculator.testCalculator.sign.TestIsPositive][Method: testIsPositiveFailLong] - State [1] - [Time: 0 ms]
</system-out>
  </testcase>
  <testcase classname="com.epam.calculator.testCalculator.sign.TestIsPositive" name="testIsPositivePassLong" time="0.007"/>
  <testcase classname="com.epam.calculator.testCalculator.baseOperations.TestSub" name="testSubPassLong" time="0"/>
  <testcase classname="com.epam.calculator.testCalculator.baseOperations.TestDiv" name="testDivFailLong" time="0.003"/>
  <testcase classname="com.epam.calculator.testCalculator.baseOperations.TestSum" name="testSumExceptionIsThrown" time="0.007">
    <failure message="
Method TestSum.testSumExceptionIsThrown(long, long)[pri:0, instance:com.epam.calculator.testCalculator.baseOperations.TestSum@50a6f6] should have thrown an exception of class java.lang.Exception" type="org.testng.TestException">org.testng.TestException: 
Method TestSum.testSumExceptionIsThrown(long, long)[pri:0, instance:com.epam.calculator.testCalculator.baseOperations.TestSum@50a6f6] should have thrown an exception of class java.lang.Exception
	at org.testng.internal.Invoker.handleInvocationResults(Invoker.java:1512)
	at org.testng.internal.Invoker.invokeMethod(Invoker.java:754)
	at org.testng.internal.Invoker.invokeTestMethod(Invoker.java:901)
	at org.testng.internal.TestMethodWithDataProviderMethodWorker.call(TestMethodWithDataProviderMethodWorker.java:73)
	at org.testng.internal.TestMethodWithDataProviderMethodWorker.call(TestMethodWithDataProviderMethodWorker.java:14)
	at java.util.concurrent.FutureTask.run(FutureTask.java:266)
	at java.util.concurrent.Executors$RunnableAdapter.call(Executors.java:511)
	at java.util.concurrent.FutureTask.run(FutureTask.java:266)
	at java.util.concurrent.ThreadPoolExecutor.runWorker(ThreadPoolExecutor.java:1142)
	at java.util.concurrent.ThreadPoolExecutor$Worker.run(ThreadPoolExecutor.java:617)
	at java.lang.Thread.run(Thread.java:745)
</failure>
    <system-out>[Test: TestNG Functional Group][Class: com.epam.calculator.testCalculator.baseOperations.TestDiv][Method: testDivFailLong] - State [1] - [Time: 0 ms]
[Test: TestNG Functional Group][Class: com.epam.calculator.testCalculator.baseOperations.TestDiv][Method: testDivFailLong] - State [1] - [Time: 0 ms]
</system-out>
  </testcase>
  <testcase classname="com.epam.calculator.testCalculator.baseOperations.TestSub" name="testSubFailLong" time="0"/>
  <testcase classname="com.epam.calculator.testCalculator.baseOperations.TestMult" name="testMultPassLong" time="0"/>
  <testcase classname="com.epam.calculator.testCalculator.baseOperations.TestSum" name="testSumExceptionIsThrown" time="0.001">
    <failure message="
Method TestSum.testSumExceptionIsThrown(long, long)[pri:0, instance:com.epam.calculator.testCalculator.baseOperations.TestSum@50a6f6] should have thrown an exception of class java.lang.Exception" type="org.testng.TestException">org.testng.TestException: 
Method TestSum.testSumExceptionIsThrown(long, long)[pri:0, instance:com.epam.calculator.testCalculator.baseOperations.TestSum@50a6f6] should have thrown an exception of class java.lang.Exception
	at org.testng.internal.Invoker.handleInvocationResults(Invoker.java:1512)
	at org.testng.internal.Invoker.invokeMethod(Invoker.java:754)
	at org.testng.internal.Invoker.invokeTestMethod(Invoker.java:901)
	at org.testng.internal.TestMethodWithDataProviderMethodWorker.call(TestMethodWithDataProviderMethodWorker.java:73)
	at org.testng.internal.TestMethodWithDataProviderMethodWorker.call(TestMethodWithDataProviderMethodWorker.java:14)
	at java.util.concurrent.FutureTask.run(FutureTask.java:266)
	at java.util.concurrent.Executors$RunnableAdapter.call(Executors.java:511)
	at java.util.concurrent.FutureTask.run(FutureTask.java:266)
	at java.util.concurrent.ThreadPoolExecutor.runWorker(ThreadPoolExecutor.java:1142)
	at java.util.concurrent.ThreadPoolExecutor$Worker.run(ThreadPoolExecutor.java:617)
	at java.lang.Thread.run(Thread.java:745)
</failure>
    <system-out>[Test: TestNG Functional Group][Class: com.epam.calculator.testCalculator.baseOperations.TestMult][Method: testMultPassLong] - State [1] - [Time: 1 ms]
[Test: TestNG Functional Group][Class: com.epam.calculator.testCalculator.baseOperations.TestMult][Method: testMultPassLong] - State [1] - [Time: 1 ms]
[Test: TestNG Functional Group][Class: com.epam.calculator.testCalculator.baseOperations.TestMult][Method: testMultPassLong] - State [1] - [Time: 1 ms]
[Test: TestNG Functional Group][Class: com.epam.calculator.testCalculator.baseOperations.TestMult][Method: testMultPassLong] - State [1] - [Time: 1 ms]
[Test: TestNG Functional Group][Class: com.epam.calculator.testCalculator.sign.TestIsPositive][Method: testIsPositivePassLong] - State [1] - [Time: 1 ms]
[Test: TestNG Functional Group][Class: com.epam.calculator.testCalculator.sign.TestIsPositive][Method: testIsPositivePassLong] - State [1] - [Time: 1 ms]
</system-out>
  </testcase>
  <testcase classname="com.epam.calculator.testCalculator.baseOperations.TestSub" name="testSubPassLong" time="0.005"/>
  <testcase classname="com.epam.calculator.testCalculator.baseOperations.TestMult" name="testMultFailLong" time="0"/>
  <testcase classname="com.epam.calculator.testCalculator.baseOperations.TestSum" name="testSumExceptionIsThrown" time="0.004">
    <failure message="
Method TestSum.testSumExceptionIsThrown(long, long)[pri:0, instance:com.epam.calculator.testCalculator.baseOperations.TestSum@50a6f6] should have thrown an exception of class java.lang.Exception" type="org.testng.TestException">org.testng.TestException: 
Method TestSum.testSumExceptionIsThrown(long, long)[pri:0, instance:com.epam.calculator.testCalculator.baseOperations.TestSum@50a6f6] should have thrown an exception of class java.lang.Exception
	at org.testng.internal.Invoker.handleInvocationResults(Invoker.java:1512)
	at org.testng.internal.Invoker.invokeMethod(Invoker.java:754)
	at org.testng.internal.Invoker.invokeTestMethod(Invoker.java:901)
	at org.testng.internal.TestMethodWithDataProviderMethodWorker.call(TestMethodWithDataProviderMethodWorker.java:73)
	at org.testng.internal.TestMethodWithDataProviderMethodWorker.call(TestMethodWithDataProviderMethodWorker.java:14)
	at java.util.concurrent.FutureTask.run(FutureTask.java:266)
	at java.util.concurrent.Executors$RunnableAdapter.call(Executors.java:511)
	at java.util.concurrent.FutureTask.run(FutureTask.java:266)
	at java.util.concurrent.ThreadPoolExecutor.runWorker(ThreadPoolExecutor.java:1142)
	at java.util.concurrent.ThreadPoolExecutor$Worker.run(ThreadPoolExecutor.java:617)
	at java.lang.Thread.run(Thread.java:745)
</failure>
    <system-out>[Test: TestNG Functional Group][Class: com.epam.calculator.testCalculator.baseOperations.TestMult][Method: testMultFailLong] - State [1] - [Time: 0 ms]
</system-out>
  </testcase>
  <testcase classname="com.epam.calculator.testCalculator.baseOperations.TestDiv" name="testDivPassLong" time="0.009"/>
  <testcase classname="com.epam.calculator.testCalculator.baseOperations.TestSub" name="testSubPassLong" time="0.009"/>
  <testcase classname="com.epam.calculator.testCalculator.baseOperations.TestSum" name="testSumFailLong" time="0.005"/>
  <testcase classname="com.epam.calculator.testCalculator.sign.TestIsNegative" name="testIsNegativePassLong" time="0.005"/>
  <testcase classname="com.epam.calculator.testCalculator.sign.TestIsNegative" name="testIsNegativeFailLong" time="0"/>
  <testcase classname="com.epam.calculator.testCalculator.sign.TestIsNegative" name="testIsNegativeFailLong" time="0"/>
  <testcase classname="com.epam.calculator.testCalculator.baseOperations.TestMult" name="testMultExceptionIsThrown" time="0.001">
    <failure message="
Method TestMult.testMultExceptionIsThrown(long, long)[pri:0, instance:com.epam.calculator.testCalculator.baseOperations.TestMult@1f70c54] should have thrown an exception of class java.lang.Exception" type="org.testng.TestException">org.testng.TestException: 
Method TestMult.testMultExceptionIsThrown(long, long)[pri:0, instance:com.epam.calculator.testCalculator.baseOperations.TestMult@1f70c54] should have thrown an exception of class java.lang.Exception
	at org.testng.internal.Invoker.handleInvocationResults(Invoker.java:1512)
	at org.testng.internal.Invoker.invokeMethod(Invoker.java:754)
	at org.testng.internal.Invoker.invokeTestMethod(Invoker.java:901)
	at org.testng.internal.TestMethodWithDataProviderMethodWorker.call(TestMethodWithDataProviderMethodWorker.java:73)
	at org.testng.internal.TestMethodWithDataProviderMethodWorker.call(TestMethodWithDataProviderMethodWorker.java:14)
	at java.util.concurrent.FutureTask.run(FutureTask.java:266)
	at java.util.concurrent.Executors$RunnableAdapter.call(Executors.java:511)
	at java.util.concurrent.FutureTask.run(FutureTask.java:266)
	at java.util.concurrent.ThreadPoolExecutor.runWorker(ThreadPoolExecutor.java:1142)
	at java.util.concurrent.ThreadPoolExecutor$Worker.run(ThreadPoolExecutor.java:617)
	at java.lang.Thread.run(Thread.java:745)
</failure>
    <system-out>[Test: TestNG Functional Group][Class: com.epam.calculator.testCalculator.baseOperations.TestSub][Method: testSubPassLong] - State [1] - [Time: 1 ms]
[Test: TestNG Functional Group][Class: com.epam.calculator.testCalculator.baseOperations.TestSub][Method: testSubPassLong] - State [1] - [Time: 1 ms]
[Test: TestNG Functional Group][Class: com.epam.calculator.testCalculator.baseOperations.TestSub][Method: testSubPassLong] - State [1] - [Time: 1 ms]
</system-out>
  </testcase>
  <testcase classname="com.epam.calculator.testCalculator.baseOperations.TestMult" name="testMultFailLong" time="0.005"/>
  <testcase classname="com.epam.calculator.testCalculator.baseOperations.TestMult" name="testMultExceptionIsThrown" time="0.006">
    <failure message="
Method TestMult.testMultExceptionIsThrown(long, long)[pri:0, instance:com.epam.calculator.testCalculator.baseOperations.TestMult@1f70c54] should have thrown an exception of class java.lang.Exception" type="org.testng.TestException">org.testng.TestException: 
Method TestMult.testMultExceptionIsThrown(long, long)[pri:0, instance:com.epam.calculator.testCalculator.baseOperations.TestMult@1f70c54] should have thrown an exception of class java.lang.Exception
	at org.testng.internal.Invoker.handleInvocationResults(Invoker.java:1512)
	at org.testng.internal.Invoker.invokeMethod(Invoker.java:754)
	at org.testng.internal.Invoker.invokeTestMethod(Invoker.java:901)
	at org.testng.internal.TestMethodWithDataProviderMethodWorker.call(TestMethodWithDataProviderMethodWorker.java:73)
	at org.testng.internal.TestMethodWithDataProviderMethodWorker.call(TestMethodWithDataProviderMethodWorker.java:14)
	at java.util.concurrent.FutureTask.run(FutureTask.java:266)
	at java.util.concurrent.Executors$RunnableAdapter.call(Executors.java:511)
	at java.util.concurrent.FutureTask.run(FutureTask.java:266)
	at java.util.concurrent.ThreadPoolExecutor.runWorker(ThreadPoolExecutor.java:1142)
	at java.util.concurrent.ThreadPoolExecutor$Worker.run(ThreadPoolExecutor.java:617)
	at java.lang.Thread.run(Thread.java:745)
</failure>
    <system-out>[Test: TestNG Functional Group][Class: com.epam.calculator.testCalculator.baseOperations.TestDiv][Method: testDivPassLong] - State [1] - [Time: 0 ms]
[Test: TestNG Functional Group][Class: com.epam.calculator.testCalculator.baseOperations.TestDiv][Method: testDivPassLong] - State [1] - [Time: 0 ms]
[Test: TestNG Functional Group][Class: com.epam.calculator.testCalculator.baseOperations.TestDiv][Method: testDivPassLong] - State [1] - [Time: 0 ms]
</system-out>
  </testcase>
  <testcase classname="com.epam.calculator.testCalculator.sign.TestIsNegative" name="testIsNegativeFailLong" time="0"/>
  <testcase classname="com.epam.calculator.testCalculator.sign.TestIsNegative" name="testIsNegativeFailLong" time="0"/>
  <testcase classname="com.epam.calculator.testCalculator.sign.TestIsPositive" name="testIsPositiveFailLong" time="0"/>
  <testcase classname="com.epam.calculator.testCalculator.baseOperations.TestMult" name="testMultFailLong" time="0"/>
  <testcase classname="com.epam.calculator.testCalculator.baseOperations.TestSum" name="testSumFailLong" time="0"/>
  <testcase classname="com.epam.calculator.testCalculator.sign.TestIsPositive" name="testIsPositiveFailLong" time="0"/>
  <testcase classname="com.epam.calculator.testCalculator.baseOperations.TestDiv" name="testDivExceptionIsThrown" time="0"/>
  <testcase classname="com.epam.calculator.testCalculator.baseOperations.TestDiv" name="testDivExceptionIsThrown" time="0"/>
  <testcase classname="com.epam.calculator.testCalculator.baseOperations.TestSum" name="testSumFailLong" time="0"/>
  <testcase classname="com.epam.calculator.testCalculator.baseOperations.TestSum" name="testSumExceptionIsThrown" time="0">
    <failure message="
Method TestSum.testSumExceptionIsThrown(long, long)[pri:0, instance:com.epam.calculator.testCalculator.baseOperations.TestSum@50a6f6] should have thrown an exception of class java.lang.Exception" type="org.testng.TestException">org.testng.TestException: 
Method TestSum.testSumExceptionIsThrown(long, long)[pri:0, instance:com.epam.calculator.testCalculator.baseOperations.TestSum@50a6f6] should have thrown an exception of class java.lang.Exception
	at org.testng.internal.Invoker.handleInvocationResults(Invoker.java:1512)
	at org.testng.internal.Invoker.invokeMethod(Invoker.java:754)
	at org.testng.internal.Invoker.invokeTestMethod(Invoker.java:901)
	at org.testng.internal.TestMethodWithDataProviderMethodWorker.call(TestMethodWithDataProviderMethodWorker.java:73)
	at org.testng.internal.TestMethodWithDataProviderMethodWorker.call(TestMethodWithDataProviderMethodWorker.java:14)
	at java.util.concurrent.FutureTask.run(FutureTask.java:266)
	at java.util.concurrent.Executors$RunnableAdapter.call(Executors.java:511)
	at java.util.concurrent.FutureTask.run(FutureTask.java:266)
	at java.util.concurrent.ThreadPoolExecutor.runWorker(ThreadPoolExecutor.java:1142)
	at java.util.concurrent.ThreadPoolExecutor$Worker.run(ThreadPoolExecutor.java:617)
	at java.lang.Thread.run(Thread.java:745)
</failure>
  </testcase>
  <testcase classname="com.epam.calculator.testCalculator.baseOperations.TestDiv" name="testDivPassLong" time="0"/>
  <testcase classname="com.epam.calculator.testCalculator.sign.TestIsNegative" name="testIsNegativePassLong" time="0"/>
  <testcase classname="com.epam.calculator.testCalculator.baseOperations.TestDiv" name="testDivPassLong" time="0"/>
  <testcase classname="com.epam.calculator.testCalculator.sign.TestIsPositive" name="testIsPositiveFailLong" time="0"/>
  <testcase classname="com.epam.calculator.testCalculator.baseOperations.TestSub" name="testSubExceptionIsThrown" time="0">
    <failure message="
Method TestSub.testSubExceptionIsThrown(long, long)[pri:0, instance:com.epam.calculator.testCalculator.baseOperations.TestSub@2a67b4] should have thrown an exception of class java.lang.Exception" type="org.testng.TestException">org.testng.TestException: 
Method TestSub.testSubExceptionIsThrown(long, long)[pri:0, instance:com.epam.calculator.testCalculator.baseOperations.TestSub@2a67b4] should have thrown an exception of class java.lang.Exception
	at org.testng.internal.Invoker.handleInvocationResults(Invoker.java:1512)
	at org.testng.internal.Invoker.invokeMethod(Invoker.java:754)
	at org.testng.internal.Invoker.invokeTestMethod(Invoker.java:901)
	at org.testng.internal.TestMethodWithDataProviderMethodWorker.call(TestMethodWithDataProviderMethodWorker.java:73)
	at org.testng.internal.TestMethodWithDataProviderMethodWorker.call(TestMethodWithDataProviderMethodWorker.java:14)
	at java.util.concurrent.FutureTask.run(FutureTask.java:266)
	at java.util.concurrent.Executors$RunnableAdapter.call(Executors.java:511)
	at java.util.concurrent.FutureTask.run(FutureTask.java:266)
	at java.util.concurrent.ThreadPoolExecutor.runWorker(ThreadPoolExecutor.java:1142)
	at java.util.concurrent.ThreadPoolExecutor$Worker.run(ThreadPoolExecutor.java:617)
	at java.lang.Thread.run(Thread.java:745)
</failure>
    <system-out>[Test: TestNG Functional Group][Class: com.epam.calculator.testCalculator.baseOperations.TestDiv][Method: testDivPassLong] - State [1] - [Time: 0 ms]
</system-out>
  </testcase>
  <testcase classname="com.epam.calculator.testCalculator.baseOperations.TestDiv" name="testDivPassLong" time="0"/>
  <testcase classname="com.epam.calculator.testCalculator.baseOperations.TestMult" name="testMultPassLong" time="0.001"/>
  <testcase classname="com.epam.calculator.testCalculator.baseOperations.TestDiv" name="testDivPassLong" time="0.006"/>
  <testcase classname="com.epam.calculator.testCalculator.baseOperations.TestSum" name="testSumExceptionIsThrown" time="0.01">
    <failure message="
Method TestSum.testSumExceptionIsThrown(long, long)[pri:0, instance:com.epam.calculator.testCalculator.baseOperations.TestSum@50a6f6] should have thrown an exception of class java.lang.Exception" type="org.testng.TestException">org.testng.TestException: 
Method TestSum.testSumExceptionIsThrown(long, long)[pri:0, instance:com.epam.calculator.testCalculator.baseOperations.TestSum@50a6f6] should have thrown an exception of class java.lang.Exception
	at org.testng.internal.Invoker.handleInvocationResults(Invoker.java:1512)
	at org.testng.internal.Invoker.invokeMethod(Invoker.java:754)
	at org.testng.internal.Invoker.invokeTestMethod(Invoker.java:901)
	at org.testng.internal.TestMethodWithDataProviderMethodWorker.call(TestMethodWithDataProviderMethodWorker.java:73)
	at org.testng.internal.TestMethodWithDataProviderMethodWorker.call(TestMethodWithDataProviderMethodWorker.java:14)
	at java.util.concurrent.FutureTask.run(FutureTask.java:266)
	at java.util.concurrent.Executors$RunnableAdapter.call(Executors.java:511)
	at java.util.concurrent.FutureTask.run(FutureTask.java:266)
	at java.util.concurrent.ThreadPoolExecutor.runWorker(ThreadPoolExecutor.java:1142)
	at java.util.concurrent.ThreadPoolExecutor$Worker.run(ThreadPoolExecutor.java:617)
	at java.lang.Thread.run(Thread.java:745)
</failure>
    <system-out>[Test: TestNG Functional Group][Class: com.epam.calculator.testCalculator.baseOperations.TestDiv][Method: testDivPassLong] - State [1] - [Time: 1 ms]
</system-out>
  </testcase>
  <testcase classname="com.epam.calculator.testCalculator.baseOperations.TestSum" name="testSumFailLong" time="0"/>
  <testcase classname="com.epam.calculator.testCalculator.baseOperations.TestSum" name="testSumExceptionIsThrown" time="0.001">
    <failure message="
Method TestSum.testSumExceptionIsThrown(long, long)[pri:0, instance:com.epam.calculator.testCalculator.baseOperations.TestSum@50a6f6] should have thrown an exception of class java.lang.Exception" type="org.testng.TestException">org.testng.TestException: 
Method TestSum.testSumExceptionIsThrown(long, long)[pri:0, instance:com.epam.calculator.testCalculator.baseOperations.TestSum@50a6f6] should have thrown an exception of class java.lang.Exception
	at org.testng.internal.Invoker.handleInvocationResults(Invoker.java:1512)
	at org.testng.internal.Invoker.invokeMethod(Invoker.java:754)
	at org.testng.internal.Invoker.invokeTestMethod(Invoker.java:901)
	at org.testng.internal.TestMethodWithDataProviderMethodWorker.call(TestMethodWithDataProviderMethodWorker.java:73)
	at org.testng.internal.TestMethodWithDataProviderMethodWorker.call(TestMethodWithDataProviderMethodWorker.java:14)
	at java.util.concurrent.FutureTask.run(FutureTask.java:266)
	at java.util.concurrent.Executors$RunnableAdapter.call(Executors.java:511)
	at java.util.concurrent.FutureTask.run(FutureTask.java:266)
	at java.util.concurrent.ThreadPoolExecutor.runWorker(ThreadPoolExecutor.java:1142)
	at java.util.concurrent.ThreadPoolExecutor$Worker.run(ThreadPoolExecutor.java:617)
	at java.lang.Thread.run(Thread.java:745)
</failure>
  </testcase>
  <testcase classname="com.epam.calculator.testCalculator.baseOperations.TestSum" name="testSumFailLong" time="0"/>
  <testcase classname="com.epam.calculator.testCalculator.baseOperations.TestSum" name="testSumFailLong" time="0"/>
  <testcase classname="com.epam.calculator.testCalculator.baseOperations.TestSum" name="testSumFailLong" time="0"/>
  <testcase classname="com.epam.calculator.testCalculator.baseOperations.TestDiv" name="testDivFailLong" time="0"/>
  <testcase classname="com.epam.calculator.testCalculator.baseOperations.TestDiv" name="testDivFailLong" time="0"/>
  <testcase classname="com.epam.calculator.testCalculator.baseOperations.TestSub" name="testSubFailLong" time="0"/>
  <testcase classname="com.epam.calculator.testCalculator.baseOperations.TestSum" name="testSumExceptionIsThrown" time="0">
    <failure message="
Method TestSum.testSumExceptionIsThrown(long, long)[pri:0, instance:com.epam.calculator.testCalculator.baseOperations.TestSum@50a6f6] should have thrown an exception of class java.lang.Exception" type="org.testng.TestException">org.testng.TestException: 
Method TestSum.testSumExceptionIsThrown(long, long)[pri:0, instance:com.epam.calculator.testCalculator.baseOperations.TestSum@50a6f6] should have thrown an exception of class java.lang.Exception
	at org.testng.internal.Invoker.handleInvocationResults(Invoker.java:1512)
	at org.testng.internal.Invoker.invokeMethod(Invoker.java:754)
	at org.testng.internal.Invoker.invokeTestMethod(Invoker.java:901)
	at org.testng.internal.TestMethodWithDataProviderMethodWorker.call(TestMethodWithDataProviderMethodWorker.java:73)
	at org.testng.internal.TestMethodWithDataProviderMethodWorker.call(TestMethodWithDataProviderMethodWorker.java:14)
	at java.util.concurrent.FutureTask.run(FutureTask.java:266)
	at java.util.concurrent.Executors$RunnableAdapter.call(Executors.java:511)
	at java.util.concurrent.FutureTask.run(FutureTask.java:266)
	at java.util.concurrent.ThreadPoolExecutor.runWorker(ThreadPoolExecutor.java:1142)
	at java.util.concurrent.ThreadPoolExecutor$Worker.run(ThreadPoolExecutor.java:617)
	at java.lang.Thread.run(Thread.java:745)
</failure>
  </testcase>
  <testcase classname="com.epam.calculator.testCalculator.baseOperations.TestSum" name="testSumExceptionIsThrown" time="0">
    <failure message="
Method TestSum.testSumExceptionIsThrown(long, long)[pri:0, instance:com.epam.calculator.testCalculator.baseOperations.TestSum@50a6f6] should have thrown an exception of class java.lang.Exception" type="org.testng.TestException">org.testng.TestException: 
Method TestSum.testSumExceptionIsThrown(long, long)[pri:0, instance:com.epam.calculator.testCalculator.baseOperations.TestSum@50a6f6] should have thrown an exception of class java.lang.Exception
	at org.testng.internal.Invoker.handleInvocationResults(Invoker.java:1512)
	at org.testng.internal.Invoker.invokeMethod(Invoker.java:754)
	at org.testng.internal.Invoker.invokeTestMethod(Invoker.java:901)
	at org.testng.internal.TestMethodWithDataProviderMethodWorker.call(TestMethodWithDataProviderMethodWorker.java:73)
	at org.testng.internal.TestMethodWithDataProviderMethodWorker.call(TestMethodWithDataProviderMethodWorker.java:14)
	at java.util.concurrent.FutureTask.run(FutureTask.java:266)
	at java.util.concurrent.Executors$RunnableAdapter.call(Executors.java:511)
	at java.util.concurrent.FutureTask.run(FutureTask.java:266)
	at java.util.concurrent.ThreadPoolExecutor.runWorker(ThreadPoolExecutor.java:1142)
	at java.util.concurrent.ThreadPoolExecutor$Worker.run(ThreadPoolExecutor.java:617)
	at java.lang.Thread.run(Thread.java:745)
</failure>
  </testcase>
  <testcase classname="com.epam.calculator.testCalculator.baseOperations.TestDiv" name="testDivPassLong" time="0"/>
  <testcase classname="com.epam.calculator.testCalculator.baseOperations.TestSub" name="testSubPassLong" time="0"/>
  <testcase classname="com.epam.calculator.testCalculator.baseOperations.TestSub" name="testSubPassLong" time="0"/>
  <testcase classname="com.epam.calculator.testCalculator.baseOperations.TestSum" name="testSumPassLong" time="0"/>
  <testcase classname="com.epam.calculator.testCalculator.baseOperations.TestSum" name="testSumPassLong" time="0.001"/>
  <testcase classname="com.epam.calculator.testCalculator.baseOperations.TestSum" name="testSumExceptionIsThrown" time="0.001">
    <failure message="
Method TestSum.testSumExceptionIsThrown(long, long)[pri:0, instance:com.epam.calculator.testCalculator.baseOperations.TestSum@50a6f6] should have thrown an exception of class java.lang.Exception" type="org.testng.TestException">org.testng.TestException: 
Method TestSum.testSumExceptionIsThrown(long, long)[pri:0, instance:com.epam.calculator.testCalculator.baseOperations.TestSum@50a6f6] should have thrown an exception of class java.lang.Exception
	at org.testng.internal.Invoker.handleInvocationResults(Invoker.java:1512)
	at org.testng.internal.Invoker.invokeMethod(Invoker.java:754)
	at org.testng.internal.Invoker.invokeTestMethod(Invoker.java:901)
	at org.testng.internal.TestMethodWithDataProviderMethodWorker.call(TestMethodWithDataProviderMethodWorker.java:73)
	at org.testng.internal.TestMethodWithDataProviderMethodWorker.call(TestMethodWithDataProviderMethodWorker.java:14)
	at java.util.concurrent.FutureTask.run(FutureTask.java:266)
	at java.util.concurrent.Executors$RunnableAdapter.call(Executors.java:511)
	at java.util.concurrent.FutureTask.run(FutureTask.java:266)
	at java.util.concurrent.ThreadPoolExecutor.runWorker(ThreadPoolExecutor.java:1142)
	at java.util.concurrent.ThreadPoolExecutor$Worker.run(ThreadPoolExecutor.java:617)
	at java.lang.Thread.run(Thread.java:745)
</failure>
  </testcase>
  <testcase classname="com.epam.calculator.testCalculator.baseOperations.TestSum" name="testSumPassLong" time="0"/>
  <testcase classname="com.epam.calculator.testCalculator.baseOperations.TestSub" name="testSubFailLong" time="0"/>
  <testcase classname="com.epam.calculator.testCalculator.baseOperations.TestDiv" name="testDivExceptionIsThrown" time="0"/>
  <testcase classname="com.epam.calculator.testCalculator.baseOperations.TestSum" name="testSumFailLong" time="0"/>
  <testcase classname="com.epam.calculator.testCalculator.baseOperations.TestSub" name="testSubPassLong" time="0"/>
  <testcase classname="com.epam.calculator.testCalculator.baseOperations.TestDiv" name="testDivPassLong" time="0"/>
  <testcase classname="com.epam.calculator.testCalculator.baseOperations.TestDiv" name="testDivExceptionIsThrown" time="0"/>
  <testcase classname="com.epam.calculator.testCalculator.baseOperations.TestDiv" name="testDivPassLong" time="0"/>
  <testcase classname="com.epam.calculator.testCalculator.baseOperations.TestDiv" name="testDivPassLong" time="0"/>
  <testcase classname="com.epam.calculator.testCalculator.baseOperations.TestSum" name="testSumFailLong" time="0.001"/>
  <testcase classname="com.epam.calculator.testCalculator.baseOperations.TestSub" name="testSubFailLong" time="0.001"/>
  <testcase classname="com.epam.calculator.testCalculator.baseOperations.TestDiv" name="testDivPassLong" time="0"/>
  <testcase classname="com.epam.calculator.testCalculator.baseOperations.TestMult" name="testMultPassLong" time="0"/>
  <testcase classname="com.epam.calculator.testCalculator.baseOperations.TestSub" name="testSubFailLong" time="0"/>
  <testcase classname="com.epam.calculator.testCalculator.baseOperations.TestSub" name="testSubFailLong" time="0"/>
  <testcase classname="com.epam.calculator.testCalculator.baseOperations.TestSub" name="testSubFailLong" time="0"/>
  <testcase classname="com.epam.calculator.testCalculator.sign.TestIsNegative" name="testIsNegativeFailLong" time="0"/>
  <testcase classname="com.epam.calculator.testCalculator.sign.TestIsPositive" name="testIsPositivePassLong" time="0"/>
  <testcase classname="com.epam.calculator.testCalculator.baseOperations.TestMult" name="testMultExceptionIsThrown" time="0.001">
    <failure message="
Method TestMult.testMultExceptionIsThrown(long, long)[pri:0, instance:com.epam.calculator.testCalculator.baseOperations.TestMult@1f70c54] should have thrown an exception of class java.lang.Exception" type="org.testng.TestException">org.testng.TestException: 
Method TestMult.testMultExceptionIsThrown(long, long)[pri:0, instance:com.epam.calculator.testCalculator.baseOperations.TestMult@1f70c54] should have thrown an exception of class java.lang.Exception
	at org.testng.internal.Invoker.handleInvocationResults(Invoker.java:1512)
	at org.testng.internal.Invoker.invokeMethod(Invoker.java:754)
	at org.testng.internal.Invoker.invokeTestMethod(Invoker.java:901)
	at org.testng.internal.TestMethodWithDataProviderMethodWorker.call(TestMethodWithDataProviderMethodWorker.java:73)
	at org.testng.internal.TestMethodWithDataProviderMethodWorker.call(TestMethodWithDataProviderMethodWorker.java:14)
	at java.util.concurrent.FutureTask.run(FutureTask.java:266)
	at java.util.concurrent.Executors$RunnableAdapter.call(Executors.java:511)
	at java.util.concurrent.FutureTask.run(FutureTask.java:266)
	at java.util.concurrent.ThreadPoolExecutor.runWorker(ThreadPoolExecutor.java:1142)
	at java.util.concurrent.ThreadPoolExecutor$Worker.run(ThreadPoolExecutor.java:617)
	at java.lang.Thread.run(Thread.java:745)
</failure>
    <system-out>[Test: TestNG Functional Group][Class: com.epam.calculator.testCalculator.baseOperations.TestDiv][Method: testDivPassLong] - State [1] - [Time: 1 ms]
</system-out>
  </testcase>
  <testcase classname="com.epam.calculator.testCalculator.baseOperations.TestMult" name="testMultExceptionIsThrown" time="0">
    <failure message="
Method TestMult.testMultExceptionIsThrown(long, long)[pri:0, instance:com.epam.calculator.testCalculator.baseOperations.TestMult@1f70c54] should have thrown an exception of class java.lang.Exception" type="org.testng.TestException">org.testng.TestException: 
Method TestMult.testMultExceptionIsThrown(long, long)[pri:0, instance:com.epam.calculator.testCalculator.baseOperations.TestMult@1f70c54] should have thrown an exception of class java.lang.Exception
	at org.testng.internal.Invoker.handleInvocationResults(Invoker.java:1512)
	at org.testng.internal.Invoker.invokeMethod(Invoker.java:754)
	at org.testng.internal.Invoker.invokeTestMethod(Invoker.java:901)
	at org.testng.internal.TestMethodWithDataProviderMethodWorker.call(TestMethodWithDataProviderMethodWorker.java:73)
	at org.testng.internal.TestMethodWithDataProviderMethodWorker.call(TestMethodWithDataProviderMethodWorker.java:14)
	at java.util.concurrent.FutureTask.run(FutureTask.java:266)
	at java.util.concurrent.Executors$RunnableAdapter.call(Executors.java:511)
	at java.util.concurrent.FutureTask.run(FutureTask.java:266)
	at java.util.concurrent.ThreadPoolExecutor.runWorker(ThreadPoolExecutor.java:1142)
	at java.util.concurrent.ThreadPoolExecutor$Worker.run(ThreadPoolExecutor.java:617)
	at java.lang.Thread.run(Thread.java:745)
</failure>
  </testcase>
  <testcase classname="com.epam.calculator.testCalculator.baseOperations.TestMult" name="testMultFailLong" time="0"/>
  <testcase classname="com.epam.calculator.testCalculator.baseOperations.TestDiv" name="testDivPassLong" time="0.001"/>
  <testcase classname="com.epam.calculator.testCalculator.baseOperations.TestSub" name="testSubPassLong" time="0.005"/>
  <testcase classname="com.epam.calculator.testCalculator.baseOperations.TestSum" name="testSumFailLong" time="0.006"/>
  <testcase classname="com.epam.calculator.testCalculator.baseOperations.TestDiv" name="testDivFailLong" time="0.006"/>
  <testcase classname="com.epam.calculator.testCalculator.sign.TestIsPositive" name="testIsPositivePassLong" time="0.006"/>
  <testcase classname="com.epam.calculator.testCalculator.baseOperations.TestDiv" name="testDivFailLong" time="0"/>
  <testcase classname="com.epam.calculator.testCalculator.baseOperations.TestSum" name="testSumPassLong" time="0.004"/>
  <testcase classname="com.epam.calculator.testCalculator.baseOperations.TestDiv" name="testDivFailLong" time="0.009"/>
  <testcase classname="com.epam.calculator.testCalculator.baseOperations.TestSub" name="testSubFailLong" time="0"/>
  <testcase classname="com.epam.calculator.testCalculator.baseOperations.TestDiv" name="testDivFailLong" time="0"/>
  <testcase classname="com.epam.calculator.testCalculator.baseOperations.TestSum" name="testSumPassLong" time="0"/>
  <testcase classname="com.epam.calculator.testCalculator.baseOperations.TestSub" name="testSubFailLong" time="0"/>
  <testcase classname="com.epam.calculator.testCalculator.baseOperations.TestSub" name="testSubPassLong" time="0"/>
  <testcase classname="com.epam.calculator.testCalculator.baseOperations.TestSub" name="testSubPassLong" time="0"/>
  <testcase classname="com.epam.calculator.testCalculator.baseOperations.TestSub" name="testSubPassLong" time="0"/>
  <testcase classname="com.epam.calculator.testCalculator.baseOperations.TestSub" name="testSubExceptionIsThrown" time="0">
    <failure message="
Method TestSub.testSubExceptionIsThrown(long, long)[pri:0, instance:com.epam.calculator.testCalculator.baseOperations.TestSub@2a67b4] should have thrown an exception of class java.lang.Exception" type="org.testng.TestException">org.testng.TestException: 
Method TestSub.testSubExceptionIsThrown(long, long)[pri:0, instance:com.epam.calculator.testCalculator.baseOperations.TestSub@2a67b4] should have thrown an exception of class java.lang.Exception
	at org.testng.internal.Invoker.handleInvocationResults(Invoker.java:1512)
	at org.testng.internal.Invoker.invokeMethod(Invoker.java:754)
	at org.testng.internal.Invoker.invokeTestMethod(Invoker.java:901)
	at org.testng.internal.TestMethodWithDataProviderMethodWorker.call(TestMethodWithDataProviderMethodWorker.java:73)
	at org.testng.internal.TestMethodWithDataProviderMethodWorker.call(TestMethodWithDataProviderMethodWorker.java:14)
	at java.util.concurrent.FutureTask.run(FutureTask.java:266)
	at java.util.concurrent.Executors$RunnableAdapter.call(Executors.java:511)
	at java.util.concurrent.FutureTask.run(FutureTask.java:266)
	at java.util.concurrent.ThreadPoolExecutor.runWorker(ThreadPoolExecutor.java:1142)
	at java.util.concurrent.ThreadPoolExecutor$Worker.run(ThreadPoolExecutor.java:617)
	at java.lang.Thread.run(Thread.java:745)
</failure>
  </testcase>
  <testcase classname="com.epam.calculator.testCalculator.baseOperations.TestSub" name="testSubExceptionIsThrown" time="0">
    <failure message="
Method TestSub.testSubExceptionIsThrown(long, long)[pri:0, instance:com.epam.calculator.testCalculator.baseOperations.TestSub@2a67b4] should have thrown an exception of class java.lang.Exception" type="org.testng.TestException">org.testng.TestException: 
Method TestSub.testSubExceptionIsThrown(long, long)[pri:0, instance:com.epam.calculator.testCalculator.baseOperations.TestSub@2a67b4] should have thrown an exception of class java.lang.Exception
	at org.testng.internal.Invoker.handleInvocationResults(Invoker.java:1512)
	at org.testng.internal.Invoker.invokeMethod(Invoker.java:754)
	at org.testng.internal.Invoker.invokeTestMethod(Invoker.java:901)
	at org.testng.internal.TestMethodWithDataProviderMethodWorker.call(TestMethodWithDataProviderMethodWorker.java:73)
	at org.testng.internal.TestMethodWithDataProviderMethodWorker.call(TestMethodWithDataProviderMethodWorker.java:14)
	at java.util.concurrent.FutureTask.run(FutureTask.java:266)
	at java.util.concurrent.Executors$RunnableAdapter.call(Executors.java:511)
	at java.util.concurrent.FutureTask.run(FutureTask.java:266)
	at java.util.concurrent.ThreadPoolExecutor.runWorker(ThreadPoolExecutor.java:1142)
	at java.util.concurrent.ThreadPoolExecutor$Worker.run(ThreadPoolExecutor.java:617)
	at java.lang.Thread.run(Thread.java:745)
</failure>
  </testcase>
  <testcase classname="com.epam.calculator.testCalculator.baseOperations.TestSum" name="testSumPassLong" time="0"/>
  <testcase classname="com.epam.calculator.testCalculator.baseOperations.TestSub" name="testSubFailLong" time="0"/>
  <testcase classname="com.epam.calculator.testCalculator.baseOperations.TestMult" name="testMultFailLong" time="0"/>
  <testcase classname="com.epam.calculator.testCalculator.baseOperations.TestSub" name="testSubExceptionIsThrown" time="0">
    <failure message="
Method TestSub.testSubExceptionIsThrown(long, long)[pri:0, instance:com.epam.calculator.testCalculator.baseOperations.TestSub@2a67b4] should have thrown an exception of class java.lang.Exception" type="org.testng.TestException">org.testng.TestException: 
Method TestSub.testSubExceptionIsThrown(long, long)[pri:0, instance:com.epam.calculator.testCalculator.baseOperations.TestSub@2a67b4] should have thrown an exception of class java.lang.Exception
	at org.testng.internal.Invoker.handleInvocationResults(Invoker.java:1512)
	at org.testng.internal.Invoker.invokeMethod(Invoker.java:754)
	at org.testng.internal.Invoker.invokeTestMethod(Invoker.java:901)
	at org.testng.internal.TestMethodWithDataProviderMethodWorker.call(TestMethodWithDataProviderMethodWorker.java:73)
	at org.testng.internal.TestMethodWithDataProviderMethodWorker.call(TestMethodWithDataProviderMethodWorker.java:14)
	at java.util.concurrent.FutureTask.run(FutureTask.java:266)
	at java.util.concurrent.Executors$RunnableAdapter.call(Executors.java:511)
	at java.util.concurrent.FutureTask.run(FutureTask.java:266)
	at java.util.concurrent.ThreadPoolExecutor.runWorker(ThreadPoolExecutor.java:1142)
	at java.util.concurrent.ThreadPoolExecutor$Worker.run(ThreadPoolExecutor.java:617)
	at java.lang.Thread.run(Thread.java:745)
</failure>
  </testcase>
  <testcase classname="com.epam.calculator.testCalculator.baseOperations.TestSub" name="testSubFailLong" time="0"/>
  <testcase classname="com.epam.calculator.testCalculator.baseOperations.TestDiv" name="testDivPassLong" time="0.001"/>
  <testcase classname="com.epam.calculator.testCalculator.baseOperations.TestDiv" name="testDivPassLong" time="0"/>
  <testcase classname="com.epam.calculator.testCalculator.baseOperations.TestSum" name="testSumPassLong" time="0"/>
  <testcase classname="com.epam.calculator.testCalculator.baseOperations.TestSub" name="testSubExceptionIsThrown" time="0">
    <failure message="
Method TestSub.testSubExceptionIsThrown(long, long)[pri:0, instance:com.epam.calculator.testCalculator.baseOperations.TestSub@2a67b4] should have thrown an exception of class java.lang.Exception" type="org.testng.TestException">org.testng.TestException: 
Method TestSub.testSubExceptionIsThrown(long, long)[pri:0, instance:com.epam.calculator.testCalculator.baseOperations.TestSub@2a67b4] should have thrown an exception of class java.lang.Exception
	at org.testng.internal.Invoker.handleInvocationResults(Invoker.java:1512)
	at org.testng.internal.Invoker.invokeMethod(Invoker.java:754)
	at org.testng.internal.Invoker.invokeTestMethod(Invoker.java:901)
	at org.testng.internal.TestMethodWithDataProviderMethodWorker.call(TestMethodWithDataProviderMethodWorker.java:73)
	at org.testng.internal.TestMethodWithDataProviderMethodWorker.call(TestMethodWithDataProviderMethodWorker.java:14)
	at java.util.concurrent.FutureTask.run(FutureTask.java:266)
	at java.util.concurrent.Executors$RunnableAdapter.call(Executors.java:511)
	at java.util.concurrent.FutureTask.run(FutureTask.java:266)
	at java.util.concurrent.ThreadPoolExecutor.runWorker(ThreadPoolExecutor.java:1142)
	at java.util.concurrent.ThreadPoolExecutor$Worker.run(ThreadPoolExecutor.java:617)
	at java.lang.Thread.run(Thread.java:745)
</failure>
  </testcase>
  <testcase classname="com.epam.calculator.testCalculator.baseOperations.TestMult" name="testMultFailLong" time="0"/>
  <testcase classname="com.epam.calculator.testCalculator.baseOperations.TestSum" name="testSumPassLong" time="0"/>
  <testcase classname="com.epam.calculator.testCalculator.baseOperations.TestMult" name="testMultFailLong" time="0"/>
  <testcase classname="com.epam.calculator.testCalculator.baseOperations.TestSub" name="testSubExceptionIsThrown" time="0">
    <failure message="
Method TestSub.testSubExceptionIsThrown(long, long)[pri:0, instance:com.epam.calculator.testCalculator.baseOperations.TestSub@2a67b4] should have thrown an exception of class java.lang.Exception" type="org.testng.TestException">org.testng.TestException: 
Method TestSub.testSubExceptionIsThrown(long, long)[pri:0, instance:com.epam.calculator.testCalculator.baseOperations.TestSub@2a67b4] should have thrown an exception of class java.lang.Exception
	at org.testng.internal.Invoker.handleInvocationResults(Invoker.java:1512)
	at org.testng.internal.Invoker.invokeMethod(Invoker.java:754)
	at org.testng.internal.Invoker.invokeTestMethod(Invoker.java:901)
	at org.testng.internal.TestMethodWithDataProviderMethodWorker.call(TestMethodWithDataProviderMethodWorker.java:73)
	at org.testng.internal.TestMethodWithDataProviderMethodWorker.call(TestMethodWithDataProviderMethodWorker.java:14)
	at java.util.concurrent.FutureTask.run(FutureTask.java:266)
	at java.util.concurrent.Executors$RunnableAdapter.call(Executors.java:511)
	at java.util.concurrent.FutureTask.run(FutureTask.java:266)
	at java.util.concurrent.ThreadPoolExecutor.runWorker(ThreadPoolExecutor.java:1142)
	at java.util.concurrent.ThreadPoolExecutor$Worker.run(ThreadPoolExecutor.java:617)
	at java.lang.Thread.run(Thread.java:745)
</failure>
  </testcase>
  <testcase classname="com.epam.calculator.testCalculator.baseOperations.TestSum" name="testSumPassLong" time="0"/>
  <testcase classname="com.epam.calculator.testCalculator.baseOperations.TestSub" name="testSubPassLong" time="0"/>
  <testcase classname="com.epam.calculator.testCalculator.baseOperations.TestSub" name="testSubPassLong" time="0"/>
  <testcase classname="com.epam.calculator.testCalculator.baseOperations.TestSub" name="testSubExceptionIsThrown" time="0">
    <failure message="
Method TestSub.testSubExceptionIsThrown(long, long)[pri:0, instance:com.epam.calculator.testCalculator.baseOperations.TestSub@2a67b4] should have thrown an exception of class java.lang.Exception" type="org.testng.TestException">org.testng.TestException: 
Method TestSub.testSubExceptionIsThrown(long, long)[pri:0, instance:com.epam.calculator.testCalculator.baseOperations.TestSub@2a67b4] should have thrown an exception of class java.lang.Exception
	at org.testng.internal.Invoker.handleInvocationResults(Invoker.java:1512)
	at org.testng.internal.Invoker.invokeMethod(Invoker.java:754)
	at org.testng.internal.Invoker.invokeTestMethod(Invoker.java:901)
	at org.testng.internal.TestMethodWithDataProviderMethodWorker.call(TestMethodWithDataProviderMethodWorker.java:73)
	at org.testng.internal.TestMethodWithDataProviderMethodWorker.call(TestMethodWithDataProviderMethodWorker.java:14)
	at java.util.concurrent.FutureTask.run(FutureTask.java:266)
	at java.util.concurrent.Executors$RunnableAdapter.call(Executors.java:511)
	at java.util.concurrent.FutureTask.run(FutureTask.java:266)
	at java.util.concurrent.ThreadPoolExecutor.runWorker(ThreadPoolExecutor.java:1142)
	at java.util.concurrent.ThreadPoolExecutor$Worker.run(ThreadPoolExecutor.java:617)
	at java.lang.Thread.run(Thread.java:745)
</failure>
    <system-out>[Test: TestNG Functional Group][Class: com.epam.calculator.testCalculator.baseOperations.TestDiv][Method: testDivPassLong] - State [1] - [Time: 4 ms]
[Test: TestNG Functional Group][Class: com.epam.calculator.testCalculator.baseOperations.TestSub][Method: testSubPassLong] - State [1] - [Time: 0 ms]
[Test: TestNG Functional Group][Class: com.epam.calculator.testCalculator.baseOperations.TestSub][Method: testSubPassLong] - State [1] - [Time: 0 ms]
[Test: TestNG Functional Group][Class: com.epam.calculator.testCalculator.baseOperations.TestSub][Method: testSubPassLong] - State [1] - [Time: 0 ms]
</system-out>
  </testcase>
  <testcase classname="com.epam.calculator.testCalculator.baseOperations.TestMult" name="testMultFailLong" time="0"/>
  <testcase classname="com.epam.calculator.testCalculator.baseOperations.TestSum" name="testSumPassLong" time="0"/>
  <testcase classname="com.epam.calculator.testCalculator.baseOperations.TestMult" name="testMultPassLong" time="0"/>
  <testcase classname="com.epam.calculator.testCalculator.baseOperations.TestMult" name="testMultFailLong" time="0"/>
  <testcase classname="com.epam.calculator.testCalculator.baseOperations.TestSub" name="testSubPassLong" time="0"/>
  <testcase classname="com.epam.calculator.testCalculator.baseOperations.TestMult" name="testMultPassLong" time="0"/>
  <testcase classname="com.epam.calculator.testCalculator.baseOperations.TestMult" name="testMultFailLong" time="0"/>
  <testcase classname="com.epam.calculator.testCalculator.baseOperations.TestDiv" name="testDivFailLong" time="0.001"/>
  <testcase classname="com.epam.calculator.testCalculator.baseOperations.TestMult" name="testMultFailLong" time="0.001"/>
  <testcase classname="com.epam.calculator.testCalculator.baseOperations.TestDiv" name="testDivFailLong" time="0"/>
  <testcase classname="com.epam.calculator.testCalculator.baseOperations.TestMult" name="testMultPassLong" time="0"/>
  <testcase classname="com.epam.calculator.testCalculator.baseOperations.TestMult" name="testMultPassLong" time="0"/>
  <testcase classname="com.epam.calculator.testCalculator.baseOperations.TestMult" name="testMultPassLong" time="0"/>
  <testcase classname="com.epam.calculator.testCalculator.baseOperations.TestMult" name="testMultPassLong" time="0.004"/>
  <testcase classname="com.epam.calculator.testCalculator.sign.TestIsPositive" name="testIsPositiveFailLong" time="0"/>
  <testcase classname="com.epam.calculator.testCalculator.baseOperations.TestDiv" name="testDivFailLong" time="0"/>
  <testcase classname="com.epam.calculator.testCalculator.baseOperations.TestSub" name="testSubPassLong" time="0"/>
  <testcase classname="com.epam.calculator.testCalculator.baseOperations.TestMult" name="testMultPassLong" time="0.015"/>
  <testcase classname="com.epam.calculator.testCalculator.baseOperations.TestSum" name="testSumFailLong" time="0.016"/>
  <testcase classname="com.epam.calculator.testCalculator.baseOperations.TestMult" name="testMultPassLong" time="0"/>
  <testcase classname="com.epam.calculator.testCalculator.baseOperations.TestMult" name="testMultPassLong" time="0.005"/>
  <testcase classname="com.epam.calculator.testCalculator.baseOperations.TestMult" name="testMultPassLong" time="0"/>
  <testcase classname="com.epam.calculator.testCalculator.baseOperations.TestSub" name="testSubPassLong" time="0"/>
  <testcase classname="com.epam.calculator.testCalculator.baseOperations.TestSum" name="testSumFailLong" time="0.005"/>
  <testcase classname="com.epam.calculator.testCalculator.baseOperations.TestSub" name="testSubPassLong" time="0.01"/>
  <testcase classname="com.epam.calculator.testCalculator.baseOperations.TestSub" name="testSubPassLong" time="0.001"/>
  <testcase classname="com.epam.calculator.testCalculator.baseOperations.TestSub" name="testSubPassLong" time="0.002"/>
  <testcase classname="com.epam.calculator.testCalculator.baseOperations.TestMult" name="testMultPassLong" time="0"/>
  <testcase classname="com.epam.calculator.testCalculator.baseOperations.TestSum" name="testSumFailLong" time="0.005"/>
  <testcase classname="com.epam.calculator.testCalculator.baseOperations.TestSum" name="testSumFailLong" time="0"/>
  <testcase classname="com.epam.calculator.testCalculator.baseOperations.TestSum" name="testSumFailLong" time="0.015"/>
  <testcase classname="com.epam.calculator.testCalculator.baseOperations.TestSub" name="testSubFailLong" time="0"/>
  <testcase classname="com.epam.calculator.testCalculator.baseOperations.TestSum" name="testSumPassLong" time="0"/>
  <testcase classname="com.epam.calculator.testCalculator.baseOperations.TestSub" name="testSubFailLong" time="0"/>
  <testcase classname="com.epam.calculator.testCalculator.baseOperations.TestSum" name="testSumPassLong" time="0.001"/>
  <testcase classname="com.epam.calculator.testCalculator.baseOperations.TestSub" name="testSubFailLong" time="0"/>
  <testcase classname="com.epam.calculator.testCalculator.baseOperations.TestSum" name="testSumPassLong" time="0.005"/>
  <testcase classname="com.epam.calculator.testCalculator.baseOperations.TestSub" name="testSubFailLong" time="0"/>
  <testcase classname="com.epam.calculator.testCalculator.baseOperations.TestSum" name="testSumPassLong" time="0.005"/>
  <testcase classname="com.epam.calculator.testCalculator.baseOperations.TestSub" name="testSubFailLong" time="0.015"/>
  <testcase classname="com.epam.calculator.testCalculator.baseOperations.TestSum" name="testSumPassLong" time="0"/>
  <testcase classname="com.epam.calculator.testCalculator.baseOperations.TestSum" name="testSumPassLong" time="0"/>
  <testcase classname="com.epam.calculator.testCalculator.baseOperations.TestSum" name="testSumPassLong" time="0.005"/>
  <testcase classname="com.epam.calculator.testCalculator.baseOperations.TestSum" name="testSumPassLong" time="0.001"/>
  <testcase classname="com.epam.calculator.testCalculator.baseOperations.TestSum" name="testSumPassLong" time="0"/>
  <testcase classname="com.epam.calculator.testCalculator.sign.TestIsNegative" name="testIsNegativeFailLong" time="0"/>
  <testcase classname="com.epam.calculator.testCalculator.sign.TestIsNegative" name="testIsNegativeFailLong" time="0.001"/>
  <testcase classname="com.epam.calculator.testCalculator.sign.TestIsNegative" name="testIsNegativeFailLong" time="0"/>
  <testcase classname="com.epam.calculator.testCalculator.sign.TestIsNegative" name="testIsNegativeFailLong" time="0.005"/>
  <testcase classname="com.epam.calculator.testCalculator.sign.TestIsNegative" name="testIsNegativeFailLong" time="0"/>
  <testcase classname="com.epam.calculator.testCalculator.baseOperations.TestSum" name="testSumPassLong" time="0"/>
  <testcase classname="com.epam.calculator.testCalculator.baseOperations.TestSum" name="testSumPassLong" time="0"/>
  <testcase classname="com.epam.calculator.testCalculator.baseOperations.TestSum" name="testSumPassLong" time="0.005"/>
  <testcase classname="com.epam.calculator.testCalculator.baseOperations.TestSum" name="testSumPassLong" time="0"/>
  <testcase classname="com.epam.calculator.testCalculator.baseOperations.TestSum" name="testSumPassLong" time="0"/>
  <testcase classname="com.epam.calculator.testCalculator.baseOperations.TestSum" name="testSumPassLong" time="0.001"/>
  <testcase classname="com.epam.calculator.testCalculator.baseOperations.TestSum" name="testSumPassLong" time="0.005"/>
  <testcase classname="com.epam.calculator.testCalculator.baseOperations.TestSum" name="testSumPassLong" time="0"/>
  <testcase classname="com.epam.calculator.testCalculator.baseOperations.TestMult" name="testMultPassLong" time="0"/>
  <testcase classname="com.epam.calculator.testCalculator.sign.TestIsPositive" name="testIsPositivePassLong" time="0.005"/>
  <testcase classname="com.epam.calculator.testCalculator.baseOperations.TestMult" name="testMultPassLong" time="0"/>
  <testcase classname="com.epam.calculator.testCalculator.baseOperations.TestSum" name="testSumPassLong" time="0"/>
  <testcase classname="com.epam.calculator.testCalculator.sign.TestIsPositive" name="testIsPositiveFailLong" time="0"/>
  <testcase classname="com.epam.calculator.testCalculator.sign.TestIsPositive" name="testIsPositiveFailLong" time="0.005"/>
  <testcase classname="com.epam.calculator.testCalculator.sign.TestIsPositive" name="testIsPositiveFailLong" time="0.004"/>
  <testcase classname="com.epam.calculator.testCalculator.sign.TestIsPositive" name="testIsPositiveFailLong" time="0.001"/>
  <testcase classname="com.epam.calculator.testCalculator.sign.TestIsPositive" name="testIsPositiveFailLong" time="0"/>
  <testcase classname="com.epam.calculator.testCalculator.baseOperations.TestSub" name="testSubPassLong" time="0"/>
  <testcase classname="com.epam.calculator.testCalculator.baseOperations.TestDiv" name="testDivFailLong" time="0"/>
  <testcase classname="com.epam.calculator.testCalculator.baseOperations.TestMult" name="testMultPassLong" time="0.006"/>
  <testcase classname="com.epam.calculator.testCalculator.baseOperations.TestDiv" name="testDivFailLong" time="0"/>
  <testcase classname="com.epam.calculator.testCalculator.baseOperations.TestMult" name="testMultPassLong" time="0"/>
  <testcase classname="com.epam.calculator.testCalculator.baseOperations.TestSum" name="testSumPassLong" time="0"/>
  <testcase classname="com.epam.calculator.testCalculator.baseOperations.TestSum" name="testSumPassLong" time="0"/>
  <testcase classname="com.epam.calculator.testCalculator.baseOperations.TestMult" name="testMultPassLong" time="0"/>
  <testcase classname="com.epam.calculator.testCalculator.sign.TestIsPositive" name="testIsPositivePassLong" time="0"/>
  <testcase classname="com.epam.calculator.testCalculator.sign.TestIsNegative" name="testIsNegativePassLong" time="0"/>
  <testcase classname="com.epam.calculator.testCalculator.baseOperations.TestMult" name="testMultPassLong" time="0"/>
  <testcase classname="com.epam.calculator.testCalculator.baseOperations.TestMult" name="testMultPassLong" time="0"/>
  <testcase classname="com.epam.calculator.testCalculator.baseOperations.TestMult" name="testMultPassLong" time="0"/>
  <testcase classname="com.epam.calculator.testCalculator.baseOperations.TestMult" name="testMultPassLong" time="0"/>
  <testcase classname="com.epam.calculator.testCalculator.baseOperations.TestMult" name="testMultPassLong" time="0"/>
  <testcase classname="com.epam.calculator.testCalculator.sign.TestIsNegative" name="testIsNegativePassLong" time="0"/>
  <testcase classname="com.epam.calculator.testCalculator.baseOperations.TestMult" name="testMultPassLong" time="0"/>
  <testcase classname="com.epam.calculator.testCalculator.baseOperations.TestMult" name="testMultFailLong" time="0"/>
  <testcase classname="com.epam.calculator.testCalculator.baseOperations.TestSum" name="testSumPassLong" time="0"/>
  <testcase classname="com.epam.calculator.testCalculator.baseOperations.TestDiv" name="testDivPassLong" time="0"/>
  <testcase classname="com.epam.calculator.testCalculator.baseOperations.TestDiv" name="testDivPassLong" time="0"/>
  <testcase classname="com.epam.calculator.testCalculator.baseOperations.TestMult" name="testMultPassLong" time="0.005"/>
  <testcase classname="com.epam.calculator.testCalculator.baseOperations.TestSum" name="testSumPassLong" time="0"/>
  <testcase classname="com.epam.calculator.testCalculator.baseOperations.TestMult" name="testMultFailLong" time="0"/>
  <testcase classname="com.epam.calculator.testCalculator.baseOperations.TestMult" name="testMultPassLong" time="0.005"/>
  <testcase classname="com.epam.calculator.testCalculator.baseOperations.TestSub" name="testSubPassLong" time="0.005"/>
  <testcase classname="com.epam.calculator.testCalculator.baseOperations.TestDiv" name="testDivFailLong" time="0.005"/>
  <testcase classname="com.epam.calculator.testCalculator.sign.TestIsPositive" name="testIsPositivePassLong" time="0.005"/>
  <testcase classname="com.epam.calculator.testCalculator.baseOperations.TestDiv" name="testDivPassLong" time="0"/>
  <testcase classname="com.epam.calculator.testCalculator.baseOperations.TestSum" name="testSumPassLong" time="0.005"/>
  <testcase classname="com.epam.calculator.testCalculator.baseOperations.TestDiv" name="testDivPassLong" time="0"/>
  <testcase classname="com.epam.calculator.testCalculator.baseOperations.TestDiv" name="testDivPassLong" time="0.009"/>
  <testcase classname="com.epam.calculator.testCalculator.baseOperations.TestMult" name="testMultFailLong" time="0"/>
  <testcase classname="com.epam.calculator.testCalculator.baseOperations.TestSum" name="testSumPassLong" time="0.005"/>
  <testcase classname="com.epam.calculator.testCalculator.baseOperations.TestMult" name="testMultFailLong" time="0.015"/>
  <testcase classname="com.epam.calculator.testCalculator.baseOperations.TestSum" name="testSumPassLong" time="0"/>
  <testcase classname="com.epam.calculator.testCalculator.baseOperations.TestDiv" name="testDivPassLong" time="0"/>
  <testcase classname="com.epam.calculator.testCalculator.baseOperations.TestMult" name="testMultFailLong" time="0"/>
  <testcase classname="com.epam.calculator.testCalculator.baseOperations.TestSum" name="testSumPassLong" time="0.001"/>
  <testcase classname="com.epam.calculator.testCalculator.baseOperations.TestDiv" name="testDivPassLong" time="0"/>
  <testcase classname="com.epam.calculator.testCalculator.baseOperations.TestDiv" name="testDivPassLong" time="0.005"/>
  <testcase classname="com.epam.calculator.testCalculator.baseOperations.TestSum" name="testSumPassLong" time="0.01"/>
  <testcase classname="com.epam.calculator.testCalculator.baseOperations.TestMult" name="testMultPassLong" time="0.005"/>
  <testcase classname="com.epam.calculator.testCalculator.baseOperations.TestMult" name="testMultFailLong" time="0.005"/>
  <testcase classname="com.epam.calculator.testCalculator.baseOperations.TestSum" name="testSumPassLong" time="0.005"/>
  <testcase classname="com.epam.calculator.testCalculator.sign.TestIsNegative" name="testIsNegativePassLong" time="0"/>
  <testcase classname="com.epam.calculator.testCalculator.baseOperations.TestMult" name="testMultFailLong" time="0"/>
  <testcase classname="com.epam.calculator.testCalculator.baseOperations.TestMult" name="testMultFailLong" time="0.001"/>
  <testcase classname="com.epam.calculator.testCalculator.baseOperations.TestMult" name="testMultFailLong" time="0.001"/>
  <testcase classname="com.epam.calculator.testCalculator.baseOperations.TestSum" name="testSumPassLong" time="0.009"/>
  <testcase classname="com.epam.calculator.testCalculator.baseOperations.TestDiv" name="testDivPassLong" time="0.014"/>
  <testcase classname="com.epam.calculator.testCalculator.baseOperations.TestDiv" name="testDivPassLong" time="0.014"/>
  <testcase classname="com.epam.calculator.testCalculator.baseOperations.TestSub" name="testSubFailLong" time="0.014"/>
  <testcase classname="com.epam.calculator.testCalculator.baseOperations.TestSub" name="testSubFailLong" time="0.001"/>
  <testcase classname="com.epam.calculator.testCalculator.baseOperations.TestMult" name="testMultFailLong" time="0"/>
  <testcase classname="com.epam.calculator.testCalculator.baseOperations.TestSub" name="testSubFailLong" time="0"/>
  <testcase classname="com.epam.calculator.testCalculator.baseOperations.TestMult" name="testMultFailLong" time="0.026"/>
  <testcase classname="com.epam.calculator.testCalculator.baseOperations.TestSub" name="testSubFailLong" time="0.005"/>
  <testcase classname="com.epam.calculator.testCalculator.baseOperations.TestDiv" name="testDivPassLong" time="0"/>
  <testcase classname="com.epam.calculator.testCalculator.baseOperations.TestDiv" name="testDivPassLong" time="0"/>
  <testcase classname="com.epam.calculator.testCalculator.baseOperations.TestSum" name="testSumFailLong" time="0"/>
  <testcase classname="com.epam.calculator.testCalculator.baseOperations.TestDiv" name="testDivPassLong" time="0.005"/>
  <testcase classname="com.epam.calculator.testCalculator.baseOperations.TestSum" name="testSumFailLong" time="0.01"/>
  <testcase classname="com.epam.calculator.testCalculator.baseOperations.TestSub" name="testSubFailLong" time="0.004"/>
  <testcase classname="com.epam.calculator.testCalculator.baseOperations.TestSub" name="testSubPassLong" time="0.004"/>
  <testcase classname="com.epam.calculator.testCalculator.baseOperations.TestSub" name="testSubFailLong" time="0"/>
  <testcase classname="com.epam.calculator.testCalculator.baseOperations.TestSub" name="testSubFailLong" time="0.005"/>
  <testcase classname="com.epam.calculator.testCalculator.baseOperations.TestSub" name="testSubFailLong" time="0"/>
  <testcase classname="com.epam.calculator.testCalculator.baseOperations.TestSub" name="testSubFailLong" time="0"/>
  <testcase classname="com.epam.calculator.testCalculator.baseOperations.TestSum" name="testSumFailLong" time="0"/>
  <testcase classname="com.epam.calculator.testCalculator.baseOperations.TestSub" name="testSubPassLong" time="0"/>
  <testcase classname="com.epam.calculator.testCalculator.baseOperations.TestSub" name="testSubFailLong" time="0.009"/>
  <testcase classname="com.epam.calculator.testCalculator.baseOperations.TestSub" name="testSubPassLong" time="0.005"/>
  <testcase classname="com.epam.calculator.testCalculator.baseOperations.TestDiv" name="testDivPassLong" time="0"/>
  <testcase classname="com.epam.calculator.testCalculator.baseOperations.TestSub" name="testSubPassLong" time="0.005"/>
  <testcase classname="com.epam.calculator.testCalculator.baseOperations.TestDiv" name="testDivPassLong" time="0.005"/>
  <testcase classname="com.epam.calculator.testCalculator.baseOperations.TestDiv" name="testDivPassLong" time="0"/>
  <testcase classname="com.epam.calculator.testCalculator.baseOperations.TestMult" name="testMultFailLong" time="0"/>
  <testcase classname="com.epam.calculator.testCalculator.baseOperations.TestDiv" name="testDivPassLong" time="0.005"/>
  <testcase classname="com.epam.calculator.testCalculator.baseOperations.TestDiv" name="testDivPassLong" time="0"/>
  <testcase classname="com.epam.calculator.testCalculator.baseOperations.TestSub" name="testSubPassLong" time="0"/>
  <testcase classname="com.epam.calculator.testCalculator.baseOperations.TestSub" name="testSubPassLong" time="0"/>
  <testcase classname="com.epam.calculator.testCalculator.baseOperations.TestSub" name="testSubPassLong" time="0"/>
  <testcase classname="com.epam.calculator.testCalculator.baseOperations.TestSum" name="testSumFailLong" time="0"/>
  <testcase classname="com.epam.calculator.testCalculator.baseOperations.TestSum" name="testSumFailLong" time="0.001"/>
  <testcase classname="com.epam.calculator.testCalculator.baseOperations.TestSub" name="testSubPassLong" time="0.001"/>
  <testcase classname="com.epam.calculator.testCalculator.baseOperations.TestSum" name="testSumFailLong" time="0.005"/>
  <testcase classname="com.epam.calculator.testCalculator.baseOperations.TestSub" name="testSubPassLong" time="0.004"/>
  <testcase classname="com.epam.calculator.testCalculator.baseOperations.TestSum" name="testSumFailLong" time="0"/>
  <testcase classname="com.epam.calculator.testCalculator.baseOperations.TestSub" name="testSubFailLong" time="0"/>
  <testcase classname="com.epam.calculator.testCalculator.baseOperations.TestSum" name="testSumFailLong" time="0"/>
  <testcase classname="com.epam.calculator.testCalculator.baseOperations.TestSub" name="testSubPassLong" time="0"/>
  <testcase classname="com.epam.calculator.testCalculator.baseOperations.TestSub" name="testSubPassLong" time="0"/>
  <testcase classname="com.epam.calculator.testCalculator.baseOperations.TestSum" name="testSumFailLong" time="0"/>
  <testcase classname="com.epam.calculator.testCalculator.baseOperations.TestSum" name="testSumFailLong" time="0.01"/>
  <testcase classname="com.epam.calculator.testCalculator.baseOperations.TestSum" name="testSumFailLong" time="0"/>
  <testcase classname="com.epam.calculator.testCalculator.baseOperations.TestSum" name="testSumFailLong" time="0.005"/>
  <testcase classname="com.epam.calculator.testCalculator.baseOperations.TestSub" name="testSubFailLong" time="0"/>
  <testcase classname="com.epam.calculator.testCalculator.baseOperations.TestSum" name="testSumFailLong" time="0.009"/>
  <testcase classname="com.epam.calculator.testCalculator.baseOperations.TestSub" name="testSubFailLong" time="0"/>
  <testcase classname="com.epam.calculator.testCalculator.baseOperations.TestSub" name="testSubFailLong" time="0"/>
  <testcase classname="com.epam.calculator.testCalculator.baseOperations.TestSub" name="testSubFailLong" time="0"/>
  <testcase classname="com.epam.calculator.testCalculator.baseOperations.TestSub" name="testSubFailLong" time="0"/>
  <testcase classname="com.epam.calculator.testCalculator.baseOperations.TestSum" name="testSumFailLong" time="0"/>
  <testcase classname="com.epam.calculator.testCalculator.baseOperations.TestDiv" name="testDivFailLong" time="0"/>
  <testcase classname="com.epam.calculator.testCalculator.baseOperations.TestDiv" name="testDivExceptionIsThrown" time="0"/>
  <testcase classname="com.epam.calculator.testCalculator.baseOperations.TestDiv" name="testDivFailLong" time="0"/>
  <testcase classname="com.epam.calculator.testCalculator.baseOperations.TestDiv" name="testDivFailLong" time="0"/>
  <testcase classname="com.epam.calculator.testCalculator.baseOperations.TestDiv" name="testDivFailLong" time="0"/>
  <testcase classname="com.epam.calculator.testCalculator.baseOperations.TestDiv" name="testDivFailLong" time="0"/>
  <testcase classname="com.epam.calculator.testCalculator.baseOperations.TestDiv" name="testDivFailLong" time="0"/>
  <testcase classname="com.epam.calculator.testCalculator.baseOperations.TestDiv" name="testDivExceptionIsThrown" time="0"/>
  <testcase classname="com.epam.calculator.testCalculator.baseOperations.TestSum" name="testSumFailLong" time="0"/>
  <testcase classname="com.epam.calculator.testCalculator.baseOperations.TestDiv" name="testDivExceptionIsThrown" time="0"/>
  <testcase classname="com.epam.calculator.testCalculator.baseOperations.TestSum" name="testSumFailLong" time="0"/>
  <testcase classname="com.epam.calculator.testCalculator.baseOperations.TestDiv" name="testDivExceptionIsThrown" time="0.001"/>
  <testcase classname="com.epam.calculator.testCalculator.baseOperations.TestSum" name="testSumExceptionIsThrown" time="0">
    <failure message="
Method TestSum.testSumExceptionIsThrown(long, long)[pri:0, instance:com.epam.calculator.testCalculator.baseOperations.TestSum@11c311e] should have thrown an exception of class java.lang.Exception" type="org.testng.TestException">org.testng.TestException: 
Method TestSum.testSumExceptionIsThrown(long, long)[pri:0, instance:com.epam.calculator.testCalculator.baseOperations.TestSum@11c311e] should have thrown an exception of class java.lang.Exception
	at org.testng.internal.Invoker.handleInvocationResults(Invoker.java:1512)
	at org.testng.internal.Invoker.invokeMethod(Invoker.java:754)
	at org.testng.internal.Invoker.invokeTestMethod(Invoker.java:901)
	at org.testng.internal.TestMethodWithDataProviderMethodWorker.call(TestMethodWithDataProviderMethodWorker.java:73)
	at org.testng.internal.TestMethodWithDataProviderMethodWorker.call(TestMethodWithDataProviderMethodWorker.java:14)
	at java.util.concurrent.FutureTask.run(FutureTask.java:266)
	at java.util.concurrent.Executors$RunnableAdapter.call(Executors.java:511)
	at java.util.concurrent.FutureTask.run(FutureTask.java:266)
	at java.util.concurrent.ThreadPoolExecutor.runWorker(ThreadPoolExecutor.java:1142)
	at java.util.concurrent.ThreadPoolExecutor$Worker.run(ThreadPoolExecutor.java:617)
	at java.lang.Thread.run(Thread.java:745)
</failure>
    <system-out>[Test: TestNG Regression Group][Class: com.epam.calculator.testCalculator.baseOperations.TestSub][Method: testSubFailLong] - State [1] - [Time: 0 ms]
[Test: TestNG Regression Group][Class: com.epam.calculator.testCalculator.baseOperations.TestSub][Method: testSubFailLong] - State [1] - [Time: 0 ms]
[Test: TestNG Regression Group][Class: com.epam.calculator.testCalculator.baseOperations.TestSub][Method: testSubFailLong] - State [1] - [Time: 1 ms]
[Test: TestNG Regression Group][Class: com.epam.calculator.testCalculator.baseOperations.TestSub][Method: testSubFailLong] - State [1] - [Time: 1 ms]
[Test: TestNG Regression Group][Class: com.epam.calculator.testCalculator.baseOperations.TestSub][Method: testSubFailLong] - State [1] - [Time: 1 ms]
[Test: TestNG Regression Group][Class: com.epam.calculator.testCalculator.baseOperations.TestSub][Method: testSubFailLong] - State [1] - [Time: 1 ms]
[Test: TestNG Regression Group][Class: com.epam.calculator.testCalculator.baseOperations.TestSub][Method: testSubFailLong] - State [1] - [Time: 0 ms]
[Test: TestNG Regression Group][Class: com.epam.calculator.testCalculator.baseOperations.TestSub][Method: testSubFailLong] - State [1] - [Time: 0 ms]
[Test: TestNG Regression Group][Class: com.epam.calculator.testCalculator.baseOperations.TestSub][Method: testSubFailLong] - State [1] - [Time: 0 ms]
[Test: TestNG Regression Group][Class: com.epam.calculator.testCalculator.baseOperations.TestSub][Method: testSubFailLong] - State [1] - [Time: 0 ms]
</system-out>
  </testcase>
  <testcase classname="com.epam.calculator.testCalculator.baseOperations.TestSum" name="testSumExceptionIsThrown" time="0.005">
    <failure message="
Method TestSum.testSumExceptionIsThrown(long, long)[pri:0, instance:com.epam.calculator.testCalculator.baseOperations.TestSum@11c311e] should have thrown an exception of class java.lang.Exception" type="org.testng.TestException">org.testng.TestException: 
Method TestSum.testSumExceptionIsThrown(long, long)[pri:0, instance:com.epam.calculator.testCalculator.baseOperations.TestSum@11c311e] should have thrown an exception of class java.lang.Exception
	at org.testng.internal.Invoker.handleInvocationResults(Invoker.java:1512)
	at org.testng.internal.Invoker.invokeMethod(Invoker.java:754)
	at org.testng.internal.Invoker.invokeTestMethod(Invoker.java:901)
	at org.testng.internal.TestMethodWithDataProviderMethodWorker.call(TestMethodWithDataProviderMethodWorker.java:73)
	at org.testng.internal.TestMethodWithDataProviderMethodWorker.call(TestMethodWithDataProviderMethodWorker.java:14)
	at java.util.concurrent.FutureTask.run(FutureTask.java:266)
	at java.util.concurrent.Executors$RunnableAdapter.call(Executors.java:511)
	at java.util.concurrent.FutureTask.run(FutureTask.java:266)
	at java.util.concurrent.ThreadPoolExecutor.runWorker(ThreadPoolExecutor.java:1142)
	at java.util.concurrent.ThreadPoolExecutor$Worker.run(ThreadPoolExecutor.java:617)
	at java.lang.Thread.run(Thread.java:745)
</failure>
    <system-out>testSumExceptionIsThrown--Test method failed
testSumExceptionIsThrown--Test method failed
testSumExceptionIsThrown--Test method failed
testSumExceptionIsThrown--Test method failed
</system-out>
  </testcase>
  <testcase classname="com.epam.calculator.testCalculator.baseOperations.TestSum" name="testSumExceptionIsThrown" time="0">
    <failure message="
Method TestSum.testSumExceptionIsThrown(long, long)[pri:0, instance:com.epam.calculator.testCalculator.baseOperations.TestSum@11c311e] should have thrown an exception of class java.lang.Exception" type="org.testng.TestException">org.testng.TestException: 
Method TestSum.testSumExceptionIsThrown(long, long)[pri:0, instance:com.epam.calculator.testCalculator.baseOperations.TestSum@11c311e] should have thrown an exception of class java.lang.Exception
	at org.testng.internal.Invoker.handleInvocationResults(Invoker.java:1512)
	at org.testng.internal.Invoker.invokeMethod(Invoker.java:754)
	at org.testng.internal.Invoker.invokeTestMethod(Invoker.java:901)
	at org.testng.internal.TestMethodWithDataProviderMethodWorker.call(TestMethodWithDataProviderMethodWorker.java:73)
	at org.testng.internal.TestMethodWithDataProviderMethodWorker.call(TestMethodWithDataProviderMethodWorker.java:14)
	at java.util.concurrent.FutureTask.run(FutureTask.java:266)
	at java.util.concurrent.Executors$RunnableAdapter.call(Executors.java:511)
	at java.util.concurrent.FutureTask.run(FutureTask.java:266)
	at java.util.concurrent.ThreadPoolExecutor.runWorker(ThreadPoolExecutor.java:1142)
	at java.util.concurrent.ThreadPoolExecutor$Worker.run(ThreadPoolExecutor.java:617)
	at java.lang.Thread.run(Thread.java:745)
</failure>
    <system-out>testSumExceptionIsThrown--Test method failed
testSumExceptionIsThrown--Test method failed
testSumExceptionIsThrown--Test method failed
testSumExceptionIsThrown--Test method failed
[Test: TestNG Regression Group][Class: com.epam.calculator.testCalculator.baseOperations.TestMult][Method: testMultFailLong] - State [1] - [Time: 1 ms]
</system-out>
  </testcase>
  <testcase classname="com.epam.calculator.testCalculator.baseOperations.TestDiv" name="testDivFailLong" time="0"/>
  <testcase classname="com.epam.calculator.testCalculator.baseOperations.TestSum" name="testSumExceptionIsThrown" time="0">
    <failure message="
Method TestSum.testSumExceptionIsThrown(long, long)[pri:0, instance:com.epam.calculator.testCalculator.baseOperations.TestSum@11c311e] should have thrown an exception of class java.lang.Exception" type="org.testng.TestException">org.testng.TestException: 
Method TestSum.testSumExceptionIsThrown(long, long)[pri:0, instance:com.epam.calculator.testCalculator.baseOperations.TestSum@11c311e] should have thrown an exception of class java.lang.Exception
	at org.testng.internal.Invoker.handleInvocationResults(Invoker.java:1512)
	at org.testng.internal.Invoker.invokeMethod(Invoker.java:754)
	at org.testng.internal.Invoker.invokeTestMethod(Invoker.java:901)
	at org.testng.internal.TestMethodWithDataProviderMethodWorker.call(TestMethodWithDataProviderMethodWorker.java:73)
	at org.testng.internal.TestMethodWithDataProviderMethodWorker.call(TestMethodWithDataProviderMethodWorker.java:14)
	at java.util.concurrent.FutureTask.run(FutureTask.java:266)
	at java.util.concurrent.Executors$RunnableAdapter.call(Executors.java:511)
	at java.util.concurrent.FutureTask.run(FutureTask.java:266)
	at java.util.concurrent.ThreadPoolExecutor.runWorker(ThreadPoolExecutor.java:1142)
	at java.util.concurrent.ThreadPoolExecutor$Worker.run(ThreadPoolExecutor.java:617)
	at java.lang.Thread.run(Thread.java:745)
</failure>
    <system-out>[Test: TestNG Regression Group][Class: com.epam.calculator.testCalculator.baseOperations.TestDiv][Method: testDivFailLong] - State [1] - [Time: 1 ms]
[Test: TestNG Regression Group][Class: com.epam.calculator.testCalculator.baseOperations.TestDiv][Method: testDivFailLong] - State [1] - [Time: 1 ms]
[Test: TestNG Regression Group][Class: com.epam.calculator.testCalculator.baseOperations.TestDiv][Method: testDivFailLong] - State [1] - [Time: 1 ms]
[Test: TestNG Regression Group][Class: com.epam.calculator.testCalculator.baseOperations.TestDiv][Method: testDivFailLong] - State [1] - [Time: 1 ms]
[Test: TestNG Regression Group][Class: com.epam.calculator.testCalculator.baseOperations.TestSum][Method: testSumFailLong] - State [1] - [Time: 0 ms]
[Test: TestNG Regression Group][Class: com.epam.calculator.testCalculator.baseOperations.TestSum][Method: testSumFailLong] - State [1] - [Time: 0 ms]
[Test: TestNG Regression Group][Class: com.epam.calculator.testCalculator.baseOperations.TestSum][Method: testSumFailLong] - State [1] - [Time: 0 ms]
[Test: TestNG Regression Group][Class: com.epam.calculator.testCalculator.baseOperations.TestSum][Method: testSumFailLong] - State [1] - [Time: 0 ms]
</system-out>
  </testcase>
  <testcase classname="com.epam.calculator.testCalculator.baseOperations.TestSub" name="testSubPassLong" time="0.005"/>
  <testcase classname="com.epam.calculator.testCalculator.baseOperations.TestSum" name="testSumExceptionIsThrown" time="0.01">
    <failure message="
Method TestSum.testSumExceptionIsThrown(long, long)[pri:0, instance:com.epam.calculator.testCalculator.baseOperations.TestSum@11c311e] should have thrown an exception of class java.lang.Exception" type="org.testng.TestException">org.testng.TestException: 
Method TestSum.testSumExceptionIsThrown(long, long)[pri:0, instance:com.epam.calculator.testCalculator.baseOperations.TestSum@11c311e] should have thrown an exception of class java.lang.Exception
	at org.testng.internal.Invoker.handleInvocationResults(Invoker.java:1512)
	at org.testng.internal.Invoker.invokeMethod(Invoker.java:754)
	at org.testng.internal.Invoker.invokeTestMethod(Invoker.java:901)
	at org.testng.internal.TestMethodWithDataProviderMethodWorker.call(TestMethodWithDataProviderMethodWorker.java:73)
	at org.testng.internal.TestMethodWithDataProviderMethodWorker.call(TestMethodWithDataProviderMethodWorker.java:14)
	at java.util.concurrent.FutureTask.run(FutureTask.java:266)
	at java.util.concurrent.Executors$RunnableAdapter.call(Executors.java:511)
	at java.util.concurrent.FutureTask.run(FutureTask.java:266)
	at java.util.concurrent.ThreadPoolExecutor.runWorker(ThreadPoolExecutor.java:1142)
	at java.util.concurrent.ThreadPoolExecutor$Worker.run(ThreadPoolExecutor.java:617)
	at java.lang.Thread.run(Thread.java:745)
</failure>
    <system-out>[Test: TestNG Regression Group][Class: com.epam.calculator.testCalculator.baseOperations.TestDiv][Method: testDivPassLong] - State [1] - [Time: 0 ms]
[Test: TestNG Regression Group][Class: com.epam.calculator.testCalculator.baseOperations.TestSub][Method: testSubPassLong] - State [1] - [Time: 0 ms]

</system-out>
  </testcase>
  <testcase classname="com.epam.calculator.testCalculator.baseOperations.TestSub" name="testSubExceptionIsThrown" time="0">
    <failure message="
Method TestSub.testSubExceptionIsThrown(long, long)[pri:0, instance:com.epam.calculator.testCalculator.baseOperations.TestSub@de6747] should have thrown an exception of class java.lang.Exception" type="org.testng.TestException">org.testng.TestException: 
Method TestSub.testSubExceptionIsThrown(long, long)[pri:0, instance:com.epam.calculator.testCalculator.baseOperations.TestSub@de6747] should have thrown an exception of class java.lang.Exception
	at org.testng.internal.Invoker.handleInvocationResults(Invoker.java:1512)
	at org.testng.internal.Invoker.invokeMethod(Invoker.java:754)
	at org.testng.internal.Invoker.invokeTestMethod(Invoker.java:901)
	at org.testng.internal.TestMethodWithDataProviderMethodWorker.call(TestMethodWithDataProviderMethodWorker.java:73)
	at org.testng.internal.TestMethodWithDataProviderMethodWorker.call(TestMethodWithDataProviderMethodWorker.java:14)
	at java.util.concurrent.FutureTask.run(FutureTask.java:266)
	at java.util.concurrent.Executors$RunnableAdapter.call(Executors.java:511)
	at java.util.concurrent.FutureTask.run(FutureTask.java:266)
	at java.util.concurrent.ThreadPoolExecutor.runWorker(ThreadPoolExecutor.java:1142)
	at java.util.concurrent.ThreadPoolExecutor$Worker.run(ThreadPoolExecutor.java:617)
	at java.lang.Thread.run(Thread.java:745)
</failure>
    <system-out>[Test: TestNG Regression Group][Class: com.epam.calculator.testCalculator.baseOperations.TestSub][Method: testSubPassLong] - State [1] - [Time: 0 ms]
[Test: TestNG Regression Group][Class: com.epam.calculator.testCalculator.baseOperations.TestSub][Method: testSubPassLong] - State [1] - [Time: 0 ms]
[Test: TestNG Regression Group][Class: com.epam.calculator.testCalculator.baseOperations.TestSub][Method: testSubPassLong] - State [1] - [Time: 0 ms]
[Test: TestNG Regression Group][Class: com.epam.calculator.testCalculator.baseOperations.TestSum][Method: testSumFailLong] - State [1] - [Time: 0 ms]
[Test: TestNG Regression Group][Class: com.epam.calculator.testCalculator.baseOperations.TestSum][Method: testSumFailLong] - State [1] - [Time: 0 ms]
[Test: TestNG Regression Group][Class: com.epam.calculator.testCalculator.sign.TestIsNegative][Method: testIsNegativePassLong] - State [1] - [Time: 3 ms]
[Test: TestNG Regression Group][Class: com.epam.calculator.testCalculator.sign.TestIsNegative][Method: testIsNegativePassLong] - State [1] - [Time: 3 ms]
[Test: TestNG Regression Group][Class: com.epam.calculator.testCalculator.baseOperations.TestDiv][Method: testDivPassLong] - State [1] - [Time: 0 ms]
[Test: TestNG Regression Group][Class: com.epam.calculator.testCalculator.baseOperations.TestDiv][Method: testDivPassLong] - State [1] - [Time: 0 ms]
[Test: TestNG Regression Group][Class: com.epam.calculator.testCalculator.baseOperations.TestDiv][Method: testDivPassLong] - State [1] - [Time: 0 ms]
[Test: TestNG Regression Group][Class: com.epam.calculator.testCalculator.baseOperations.TestDiv][Method: testDivPassLong] - State [1] - [Time: 0 ms]
[Test: TestNG Regression Group][Class: com.epam.calculator.testCalculator.baseOperations.TestDiv][Method: testDivPassLong] - State [1] - [Time: 0 ms]
[Test: TestNG Regression Group][Class: com.epam.calculator.testCalculator.baseOperations.TestDiv][Method: testDivPassLong] - State [1] - [Time: 0 ms]

[Test: TestNG Regression Group][Class: com.epam.calculator.testCalculator.baseOperations.TestDiv][Method: testDivPassLong] - State [1] - [Time: 0 ms]

[Test: TestNG Regression Group][Class: com.epam.calculator.testCalculator.baseOperations.TestDiv][Method: testDivPassLong] - State [1] - [Time: 0 ms]
[Test: TestNG Regression Group][Class: com.epam.calculator.testCalculator.baseOperations.TestSub][Method: testSubFailLong] - State [1] - [Time: 0 ms]
[Test: TestNG Regression Group][Class: com.epam.calculator.testCalculator.baseOperations.TestSub][Method: testSubFailLong] - State [1] - [Time: 0 ms]
[Test: TestNG Regression Group][Class: com.epam.calculator.testCalculator.baseOperations.TestSub][Method: testSubFailLong] - State [1] - [Time: 0 ms]
[Test: TestNG Regression Group][Class: com.epam.calculator.testCalculator.baseOperations.TestSub][Method: testSubFailLong] - State [1] - [Time: 0 ms]
</system-out>
  </testcase>
  <testcase classname="com.epam.calculator.testCalculator.baseOperations.TestSub" name="testSubExceptionIsThrown" time="0.005">
    <failure message="
Method TestSub.testSubExceptionIsThrown(long, long)[pri:0, instance:com.epam.calculator.testCalculator.baseOperations.TestSub@de6747] should have thrown an exception of class java.lang.Exception" type="org.testng.TestException">org.testng.TestException: 
Method TestSub.testSubExceptionIsThrown(long, long)[pri:0, instance:com.epam.calculator.testCalculator.baseOperations.TestSub@de6747] should have thrown an exception of class java.lang.Exception
	at org.testng.internal.Invoker.handleInvocationResults(Invoker.java:1512)
	at org.testng.internal.Invoker.invokeMethod(Invoker.java:754)
	at org.testng.internal.Invoker.invokeTestMethod(Invoker.java:901)
	at org.testng.internal.TestMethodWithDataProviderMethodWorker.call(TestMethodWithDataProviderMethodWorker.java:73)
	at org.testng.internal.TestMethodWithDataProviderMethodWorker.call(TestMethodWithDataProviderMethodWorker.java:14)
	at java.util.concurrent.FutureTask.run(FutureTask.java:266)
	at java.util.concurrent.Executors$RunnableAdapter.call(Executors.java:511)
	at java.util.concurrent.FutureTask.run(FutureTask.java:266)
	at java.util.concurrent.ThreadPoolExecutor.runWorker(ThreadPoolExecutor.java:1142)
	at java.util.concurrent.ThreadPoolExecutor$Worker.run(ThreadPoolExecutor.java:617)
	at java.lang.Thread.run(Thread.java:745)
</failure>
    <system-out>testSubExceptionIsThrown--Test method failed
testSubExceptionIsThrown--Test method failed
testSubExceptionIsThrown--Test method failed
testSubExceptionIsThrown--Test method failed

</system-out>
  </testcase>
  <testcase classname="com.epam.calculator.testCalculator.baseOperations.TestSub" name="testSubPassLong" time="0.004"/>
  <testcase classname="com.epam.calculator.testCalculator.baseOperations.TestMult" name="testMultExceptionIsThrown" time="0.009">
    <failure message="
Method TestMult.testMultExceptionIsThrown(long, long)[pri:0, instance:com.epam.calculator.testCalculator.baseOperations.TestMult@1330ac6] should have thrown an exception of class java.lang.Exception" type="org.testng.TestException">org.testng.TestException: 
Method TestMult.testMultExceptionIsThrown(long, long)[pri:0, instance:com.epam.calculator.testCalculator.baseOperations.TestMult@1330ac6] should have thrown an exception of class java.lang.Exception
	at org.testng.internal.Invoker.handleInvocationResults(Invoker.java:1512)
	at org.testng.internal.Invoker.invokeMethod(Invoker.java:754)
	at org.testng.internal.Invoker.invokeTestMethod(Invoker.java:901)
	at org.testng.internal.TestMethodWithDataProviderMethodWorker.call(TestMethodWithDataProviderMethodWorker.java:73)
	at org.testng.internal.TestMethodWithDataProviderMethodWorker.call(TestMethodWithDataProviderMethodWorker.java:14)
	at java.util.concurrent.FutureTask.run(FutureTask.java:266)
	at java.util.concurrent.Executors$RunnableAdapter.call(Executors.java:511)
	at java.util.concurrent.FutureTask.run(FutureTask.java:266)
	at java.util.concurrent.ThreadPoolExecutor.runWorker(ThreadPoolExecutor.java:1142)
	at java.util.concurrent.ThreadPoolExecutor$Worker.run(ThreadPoolExecutor.java:617)
	at java.lang.Thread.run(Thread.java:745)
</failure>
    <system-out>[Test: TestNG Regression Group][Class: com.epam.calculator.testCalculator.baseOperations.TestSub][Method: testSubPassLong] - State [1] - [Time: 1 ms]
[Test: TestNG Regression Group][Class: com.epam.calculator.testCalculator.baseOperations.TestSub][Method: testSubPassLong] - State [1] - [Time: 1 ms]
[Test: TestNG Regression Group][Class: com.epam.calculator.testCalculator.baseOperations.TestSub][Method: testSubPassLong] - State [1] - [Time: 1 ms]
[Test: TestNG Regression Group][Class: com.epam.calculator.testCalculator.baseOperations.TestSub][Method: testSubPassLong] - State [1] - [Time: 1 ms]
</system-out>
  </testcase>
  <testcase classname="com.epam.calculator.testCalculator.baseOperations.TestSub" name="testSubPassLong" time="0"/>
  <testcase classname="com.epam.calculator.testCalculator.baseOperations.TestSum" name="testSumExceptionIsThrown" time="0.006">
    <failure message="
Method TestSum.testSumExceptionIsThrown(long, long)[pri:0, instance:com.epam.calculator.testCalculator.baseOperations.TestSum@11c311e] should have thrown an exception of class java.lang.Exception" type="org.testng.TestException">org.testng.TestException: 
Method TestSum.testSumExceptionIsThrown(long, long)[pri:0, instance:com.epam.calculator.testCalculator.baseOperations.TestSum@11c311e] should have thrown an exception of class java.lang.Exception
	at org.testng.internal.Invoker.handleInvocationResults(Invoker.java:1512)
	at org.testng.internal.Invoker.invokeMethod(Invoker.java:754)
	at org.testng.internal.Invoker.invokeTestMethod(Invoker.java:901)
	at org.testng.internal.TestMethodWithDataProviderMethodWorker.call(TestMethodWithDataProviderMethodWorker.java:73)
	at org.testng.internal.TestMethodWithDataProviderMethodWorker.call(TestMethodWithDataProviderMethodWorker.java:14)
	at java.util.concurrent.FutureTask.run(FutureTask.java:266)
	at java.util.concurrent.Executors$RunnableAdapter.call(Executors.java:511)
	at java.util.concurrent.FutureTask.run(FutureTask.java:266)
	at java.util.concurrent.ThreadPoolExecutor.runWorker(ThreadPoolExecutor.java:1142)
	at java.util.concurrent.ThreadPoolExecutor$Worker.run(ThreadPoolExecutor.java:617)
	at java.lang.Thread.run(Thread.java:745)
</failure>
    <system-out>[Test: TestNG Regression Group][Class: com.epam.calculator.testCalculator.baseOperations.TestSub][Method: testSubPassLong] - State [1] - [Time: 1 ms]
[Test: TestNG Regression Group][Class: com.epam.calculator.testCalculator.baseOperations.TestSub][Method: testSubPassLong] - State [1] - [Time: 1 ms]
[Test: TestNG Regression Group][Class: com.epam.calculator.testCalculator.baseOperations.TestSub][Method: testSubPassLong] - State [1] - [Time: 1 ms]
[Test: TestNG Regression Group][Class: com.epam.calculator.testCalculator.baseOperations.TestSub][Method: testSubPassLong] - State [1] - [Time: 1 ms]
</system-out>
  </testcase>
  <testcase classname="com.epam.calculator.testCalculator.baseOperations.TestSub" name="testSubExceptionIsThrown" time="0.011">
    <failure message="
Method TestSub.testSubExceptionIsThrown(long, long)[pri:0, instance:com.epam.calculator.testCalculator.baseOperations.TestSub@de6747] should have thrown an exception of class java.lang.Exception" type="org.testng.TestException">org.testng.TestException: 
Method TestSub.testSubExceptionIsThrown(long, long)[pri:0, instance:com.epam.calculator.testCalculator.baseOperations.TestSub@de6747] should have thrown an exception of class java.lang.Exception
	at org.testng.internal.Invoker.handleInvocationResults(Invoker.java:1512)
	at org.testng.internal.Invoker.invokeMethod(Invoker.java:754)
	at org.testng.internal.Invoker.invokeTestMethod(Invoker.java:901)
	at org.testng.internal.TestMethodWithDataProviderMethodWorker.call(TestMethodWithDataProviderMethodWorker.java:73)
	at org.testng.internal.TestMethodWithDataProviderMethodWorker.call(TestMethodWithDataProviderMethodWorker.java:14)
	at java.util.concurrent.FutureTask.run(FutureTask.java:266)
	at java.util.concurrent.Executors$RunnableAdapter.call(Executors.java:511)
	at java.util.concurrent.FutureTask.run(FutureTask.java:266)
	at java.util.concurrent.ThreadPoolExecutor.runWorker(ThreadPoolExecutor.java:1142)
	at java.util.concurrent.ThreadPoolExecutor$Worker.run(ThreadPoolExecutor.java:617)
	at java.lang.Thread.run(Thread.java:745)
</failure>
    <system-out>testSumExceptionIsThrown--Test method failed
testSumExceptionIsThrown--Test method failed
testSumExceptionIsThrown--Test method failed
testSumExceptionIsThrown--Test method failed
</system-out>
  </testcase>
  <testcase classname="com.epam.calculator.testCalculator.baseOperations.TestSub" name="testSubExceptionIsThrown" time="0.004">
    <failure message="
Method TestSub.testSubExceptionIsThrown(long, long)[pri:0, instance:com.epam.calculator.testCalculator.baseOperations.TestSub@de6747] should have thrown an exception of class java.lang.Exception" type="org.testng.TestException">org.testng.TestException: 
Method TestSub.testSubExceptionIsThrown(long, long)[pri:0, instance:com.epam.calculator.testCalculator.baseOperations.TestSub@de6747] should have thrown an exception of class java.lang.Exception
	at org.testng.internal.Invoker.handleInvocationResults(Invoker.java:1512)
	at org.testng.internal.Invoker.invokeMethod(Invoker.java:754)
	at org.testng.internal.Invoker.invokeTestMethod(Invoker.java:901)
	at org.testng.internal.TestMethodWithDataProviderMethodWorker.call(TestMethodWithDataProviderMethodWorker.java:73)
	at org.testng.internal.TestMethodWithDataProviderMethodWorker.call(TestMethodWithDataProviderMethodWorker.java:14)
	at java.util.concurrent.FutureTask.run(FutureTask.java:266)
	at java.util.concurrent.Executors$RunnableAdapter.call(Executors.java:511)
	at java.util.concurrent.FutureTask.run(FutureTask.java:266)
	at java.util.concurrent.ThreadPoolExecutor.runWorker(ThreadPoolExecutor.java:1142)
	at java.util.concurrent.ThreadPoolExecutor$Worker.run(ThreadPoolExecutor.java:617)
	at java.lang.Thread.run(Thread.java:745)
</failure>
    <system-out>testSubExceptionIsThrown--Test method failed
testSubExceptionIsThrown--Test method failed
testSubExceptionIsThrown--Test method failed
testSubExceptionIsThrown--Test method failed
[Test: TestNG Regression Group][Class: com.epam.calculator.testCalculator.baseOperations.TestSum][Method: testSumFailLong] - State [1] - [Time: 0 ms]
[Test: TestNG Regression Group][Class: com.epam.calculator.testCalculator.baseOperations.TestSum][Method: testSumFailLong] - State [1] - [Time: 0 ms]
[Test: TestNG Regression Group][Class: com.epam.calculator.testCalculator.baseOperations.TestSum][Method: testSumFailLong] - State [1] - [Time: 0 ms]
[Test: TestNG Regression Group][Class: com.epam.calculator.testCalculator.baseOperations.TestDiv][Method: testDivExceptionIsThrown] - State [1] - [Time: 6 ms]
[Test: TestNG Regression Group][Class: com.epam.calculator.testCalculator.baseOperations.TestDiv][Method: testDivExceptionIsThrown] - State [1] - [Time: 6 ms]
[Test: TestNG Regression Group][Class: com.epam.calculator.testCalculator.baseOperations.TestDiv][Method: testDivExceptionIsThrown] - State [1] - [Time: 6 ms]
[Test: TestNG Regression Group][Class: com.epam.calculator.testCalculator.baseOperations.TestDiv][Method: testDivExceptionIsThrown] - State [1] - [Time: 6 ms]
</system-out>
  </testcase>
  <testcase classname="com.epam.calculator.testCalculator.baseOperations.TestSub" name="testSubPassLong" time="0.009"/>
  <testcase classname="com.epam.calculator.testCalculator.baseOperations.TestSum" name="testSumExceptionIsThrown" time="0">
    <failure message="
Method TestSum.testSumExceptionIsThrown(long, long)[pri:0, instance:com.epam.calculator.testCalculator.baseOperations.TestSum@11c311e] should have thrown an exception of class java.lang.Exception" type="org.testng.TestException">org.testng.TestException: 
Method TestSum.testSumExceptionIsThrown(long, long)[pri:0, instance:com.epam.calculator.testCalculator.baseOperations.TestSum@11c311e] should have thrown an exception of class java.lang.Exception
	at org.testng.internal.Invoker.handleInvocationResults(Invoker.java:1512)
	at org.testng.internal.Invoker.invokeMethod(Invoker.java:754)
	at org.testng.internal.Invoker.invokeTestMethod(Invoker.java:901)
	at org.testng.internal.TestMethodWithDataProviderMethodWorker.call(TestMethodWithDataProviderMethodWorker.java:73)
	at org.testng.internal.TestMethodWithDataProviderMethodWorker.call(TestMethodWithDataProviderMethodWorker.java:14)
	at java.util.concurrent.FutureTask.run(FutureTask.java:266)
	at java.util.concurrent.Executors$RunnableAdapter.call(Executors.java:511)
	at java.util.concurrent.FutureTask.run(FutureTask.java:266)
	at java.util.concurrent.ThreadPoolExecutor.runWorker(ThreadPoolExecutor.java:1142)
	at java.util.concurrent.ThreadPoolExecutor$Worker.run(ThreadPoolExecutor.java:617)
	at java.lang.Thread.run(Thread.java:745)
</failure>
    <system-out>[Test: TestNG Regression Group][Class: com.epam.calculator.testCalculator.baseOperations.TestSum][Method: testSumFailLong] - State [1] - [Time: 0 ms]
[Test: TestNG Regression Group][Class: com.epam.calculator.testCalculator.baseOperations.TestSum][Method: testSumFailLong] - State [1] - [Time: 0 ms]
[Test: TestNG Regression Group][Class: com.epam.calculator.testCalculator.baseOperations.TestSum][Method: testSumFailLong] - State [1] - [Time: 0 ms]
[Test: TestNG Regression Group][Class: com.epam.calculator.testCalculator.baseOperations.TestSum][Method: testSumFailLong] - State [1] - [Time: 0 ms]
</system-out>
  </testcase>
  <testcase classname="com.epam.calculator.testCalculator.baseOperations.TestSum" name="testSumExceptionIsThrown" time="0.005">
    <failure message="
Method TestSum.testSumExceptionIsThrown(long, long)[pri:0, instance:com.epam.calculator.testCalculator.baseOperations.TestSum@11c311e] should have thrown an exception of class java.lang.Exception" type="org.testng.TestException">org.testng.TestException: 
Method TestSum.testSumExceptionIsThrown(long, long)[pri:0, instance:com.epam.calculator.testCalculator.baseOperations.TestSum@11c311e] should have thrown an exception of class java.lang.Exception
	at org.testng.internal.Invoker.handleInvocationResults(Invoker.java:1512)
	at org.testng.internal.Invoker.invokeMethod(Invoker.java:754)
	at org.testng.internal.Invoker.invokeTestMethod(Invoker.java:901)
	at org.testng.internal.TestMethodWithDataProviderMethodWorker.call(TestMethodWithDataProviderMethodWorker.java:73)
	at org.testng.internal.TestMethodWithDataProviderMethodWorker.call(TestMethodWithDataProviderMethodWorker.java:14)
	at java.util.concurrent.FutureTask.run(FutureTask.java:266)
	at java.util.concurrent.Executors$RunnableAdapter.call(Executors.java:511)
	at java.util.concurrent.FutureTask.run(FutureTask.java:266)
	at java.util.concurrent.ThreadPoolExecutor.runWorker(ThreadPoolExecutor.java:1142)
	at java.util.concurrent.ThreadPoolExecutor$Worker.run(ThreadPoolExecutor.java:617)
	at java.lang.Thread.run(Thread.java:745)
</failure>
    <system-out>testSumExceptionIsThrown--Test method failed
testSumExceptionIsThrown--Test method failed
testSumExceptionIsThrown--Test method failed
testSumExceptionIsThrown--Test method failed
[Test: TestNG Regression Group][Class: com.epam.calculator.testCalculator.baseOperations.TestDiv][Method: testDivExceptionIsThrown] - State [1] - [Time: 1 ms]
[Test: TestNG Regression Group][Class: com.epam.calculator.testCalculator.baseOperations.TestDiv][Method: testDivExceptionIsThrown] - State [1] - [Time: 1 ms]
[Test: TestNG Regression Group][Class: com.epam.calculator.testCalculator.baseOperations.TestDiv][Method: testDivExceptionIsThrown] - State [1] - [Time: 1 ms]
[Test: TestNG Regression Group][Class: com.epam.calculator.testCalculator.baseOperations.TestDiv][Method: testDivExceptionIsThrown] - State [1] - [Time: 1 ms]
</system-out>
  </testcase>
  <testcase classname="com.epam.calculator.testCalculator.baseOperations.TestSub" name="testSubExceptionIsThrown" time="0.005">
    <failure message="
Method TestSub.testSubExceptionIsThrown(long, long)[pri:0, instance:com.epam.calculator.testCalculator.baseOperations.TestSub@de6747] should have thrown an exception of class java.lang.Exception" type="org.testng.TestException">org.testng.TestException: 
Method TestSub.testSubExceptionIsThrown(long, long)[pri:0, instance:com.epam.calculator.testCalculator.baseOperations.TestSub@de6747] should have thrown an exception of class java.lang.Exception
	at org.testng.internal.Invoker.handleInvocationResults(Invoker.java:1512)
	at org.testng.internal.Invoker.invokeMethod(Invoker.java:754)
	at org.testng.internal.Invoker.invokeTestMethod(Invoker.java:901)
	at org.testng.internal.TestMethodWithDataProviderMethodWorker.call(TestMethodWithDataProviderMethodWorker.java:73)
	at org.testng.internal.TestMethodWithDataProviderMethodWorker.call(TestMethodWithDataProviderMethodWorker.java:14)
	at java.util.concurrent.FutureTask.run(FutureTask.java:266)
	at java.util.concurrent.Executors$RunnableAdapter.call(Executors.java:511)
	at java.util.concurrent.FutureTask.run(FutureTask.java:266)
	at java.util.concurrent.ThreadPoolExecutor.runWorker(ThreadPoolExecutor.java:1142)
	at java.util.concurrent.ThreadPoolExecutor$Worker.run(ThreadPoolExecutor.java:617)
	at java.lang.Thread.run(Thread.java:745)
</failure>
  </testcase>
  <testcase classname="com.epam.calculator.testCalculator.baseOperations.TestSub" name="testSubPassLong" time="0.005"/>
  <testcase classname="com.epam.calculator.testCalculator.baseOperations.TestSub" name="testSubExceptionIsThrown" time="0.005">
    <failure message="
Method TestSub.testSubExceptionIsThrown(long, long)[pri:0, instance:com.epam.calculator.testCalculator.baseOperations.TestSub@de6747] should have thrown an exception of class java.lang.Exception" type="org.testng.TestException">org.testng.TestException: 
Method TestSub.testSubExceptionIsThrown(long, long)[pri:0, instance:com.epam.calculator.testCalculator.baseOperations.TestSub@de6747] should have thrown an exception of class java.lang.Exception
	at org.testng.internal.Invoker.handleInvocationResults(Invoker.java:1512)
	at org.testng.internal.Invoker.invokeMethod(Invoker.java:754)
	at org.testng.internal.Invoker.invokeTestMethod(Invoker.java:901)
	at org.testng.internal.TestMethodWithDataProviderMethodWorker.call(TestMethodWithDataProviderMethodWorker.java:73)
	at org.testng.internal.TestMethodWithDataProviderMethodWorker.call(TestMethodWithDataProviderMethodWorker.java:14)
	at java.util.concurrent.FutureTask.run(FutureTask.java:266)
	at java.util.concurrent.Executors$RunnableAdapter.call(Executors.java:511)
	at java.util.concurrent.FutureTask.run(FutureTask.java:266)
	at java.util.concurrent.ThreadPoolExecutor.runWorker(ThreadPoolExecutor.java:1142)
	at java.util.concurrent.ThreadPoolExecutor$Worker.run(ThreadPoolExecutor.java:617)
	at java.lang.Thread.run(Thread.java:745)
</failure>
  </testcase>
  <testcase classname="com.epam.calculator.testCalculator.baseOperations.TestSub" name="testSubExceptionIsThrown" time="0.005">
    <failure message="
Method TestSub.testSubExceptionIsThrown(long, long)[pri:0, instance:com.epam.calculator.testCalculator.baseOperations.TestSub@de6747] should have thrown an exception of class java.lang.Exception" type="org.testng.TestException">org.testng.TestException: 
Method TestSub.testSubExceptionIsThrown(long, long)[pri:0, instance:com.epam.calculator.testCalculator.baseOperations.TestSub@de6747] should have thrown an exception of class java.lang.Exception
	at org.testng.internal.Invoker.handleInvocationResults(Invoker.java:1512)
	at org.testng.internal.Invoker.invokeMethod(Invoker.java:754)
	at org.testng.internal.Invoker.invokeTestMethod(Invoker.java:901)
	at org.testng.internal.TestMethodWithDataProviderMethodWorker.call(TestMethodWithDataProviderMethodWorker.java:73)
	at org.testng.internal.TestMethodWithDataProviderMethodWorker.call(TestMethodWithDataProviderMethodWorker.java:14)
	at java.util.concurrent.FutureTask.run(FutureTask.java:266)
	at java.util.concurrent.Executors$RunnableAdapter.call(Executors.java:511)
	at java.util.concurrent.FutureTask.run(FutureTask.java:266)
	at java.util.concurrent.ThreadPoolExecutor.runWorker(ThreadPoolExecutor.java:1142)
	at java.util.concurrent.ThreadPoolExecutor$Worker.run(ThreadPoolExecutor.java:617)
	at java.lang.Thread.run(Thread.java:745)
</failure>
    <system-out>[Test: TestNG Regression Group][Class: com.epam.calculator.testCalculator.baseOperations.TestDiv][Method: testDivFailLong] - State [1] - [Time: 1 ms]
[Test: TestNG Regression Group][Class: com.epam.calculator.testCalculator.baseOperations.TestDiv][Method: testDivFailLong] - State [1] - [Time: 1 ms]
</system-out>
  </testcase>
  <testcase classname="com.epam.calculator.testCalculator.baseOperations.TestSum" name="testSumExceptionIsThrown" time="0.005">
    <failure message="
Method TestSum.testSumExceptionIsThrown(long, long)[pri:0, instance:com.epam.calculator.testCalculator.baseOperations.TestSum@11c311e] should have thrown an exception of class java.lang.Exception" type="org.testng.TestException">org.testng.TestException: 
Method TestSum.testSumExceptionIsThrown(long, long)[pri:0, instance:com.epam.calculator.testCalculator.baseOperations.TestSum@11c311e] should have thrown an exception of class java.lang.Exception
	at org.testng.internal.Invoker.handleInvocationResults(Invoker.java:1512)
	at org.testng.internal.Invoker.invokeMethod(Invoker.java:754)
	at org.testng.internal.Invoker.invokeTestMethod(Invoker.java:901)
	at org.testng.internal.TestMethodWithDataProviderMethodWorker.call(TestMethodWithDataProviderMethodWorker.java:73)
	at org.testng.internal.TestMethodWithDataProviderMethodWorker.call(TestMethodWithDataProviderMethodWorker.java:14)
	at java.util.concurrent.FutureTask.run(FutureTask.java:266)
	at java.util.concurrent.Executors$RunnableAdapter.call(Executors.java:511)
	at java.util.concurrent.FutureTask.run(FutureTask.java:266)
	at java.util.concurrent.ThreadPoolExecutor.runWorker(ThreadPoolExecutor.java:1142)
	at java.util.concurrent.ThreadPoolExecutor$Worker.run(ThreadPoolExecutor.java:617)
	at java.lang.Thread.run(Thread.java:745)
</failure>
  </testcase>
  <testcase classname="com.epam.calculator.testCalculator.baseOperations.TestSum" name="testSumExceptionIsThrown" time="0.005">
    <failure message="
Method TestSum.testSumExceptionIsThrown(long, long)[pri:0, instance:com.epam.calculator.testCalculator.baseOperations.TestSum@11c311e] should have thrown an exception of class java.lang.Exception" type="org.testng.TestException">org.testng.TestException: 
Method TestSum.testSumExceptionIsThrown(long, long)[pri:0, instance:com.epam.calculator.testCalculator.baseOperations.TestSum@11c311e] should have thrown an exception of class java.lang.Exception
	at org.testng.internal.Invoker.handleInvocationResults(Invoker.java:1512)
	at org.testng.internal.Invoker.invokeMethod(Invoker.java:754)
	at org.testng.internal.Invoker.invokeTestMethod(Invoker.java:901)
	at org.testng.internal.TestMethodWithDataProviderMethodWorker.call(TestMethodWithDataProviderMethodWorker.java:73)
	at org.testng.internal.TestMethodWithDataProviderMethodWorker.call(TestMethodWithDataProviderMethodWorker.java:14)
	at java.util.concurrent.FutureTask.run(FutureTask.java:266)
	at java.util.concurrent.Executors$RunnableAdapter.call(Executors.java:511)
	at java.util.concurrent.FutureTask.run(FutureTask.java:266)
	at java.util.concurrent.ThreadPoolExecutor.runWorker(ThreadPoolExecutor.java:1142)
	at java.util.concurrent.ThreadPoolExecutor$Worker.run(ThreadPoolExecutor.java:617)
	at java.lang.Thread.run(Thread.java:745)
</failure>
  </testcase>
  <testcase classname="com.epam.calculator.testCalculator.baseOperations.TestSub" name="testSubExceptionIsThrown" time="0">
    <failure message="
Method TestSub.testSubExceptionIsThrown(long, long)[pri:0, instance:com.epam.calculator.testCalculator.baseOperations.TestSub@de6747] should have thrown an exception of class java.lang.Exception" type="org.testng.TestException">org.testng.TestException: 
Method TestSub.testSubExceptionIsThrown(long, long)[pri:0, instance:com.epam.calculator.testCalculator.baseOperations.TestSub@de6747] should have thrown an exception of class java.lang.Exception
	at org.testng.internal.Invoker.handleInvocationResults(Invoker.java:1512)
	at org.testng.internal.Invoker.invokeMethod(Invoker.java:754)
	at org.testng.internal.Invoker.invokeTestMethod(Invoker.java:901)
	at org.testng.internal.TestMethodWithDataProviderMethodWorker.call(TestMethodWithDataProviderMethodWorker.java:73)
	at org.testng.internal.TestMethodWithDataProviderMethodWorker.call(TestMethodWithDataProviderMethodWorker.java:14)
	at java.util.concurrent.FutureTask.run(FutureTask.java:266)
	at java.util.concurrent.Executors$RunnableAdapter.call(Executors.java:511)
	at java.util.concurrent.FutureTask.run(FutureTask.java:266)
	at java.util.concurrent.ThreadPoolExecutor.runWorker(ThreadPoolExecutor.java:1142)
	at java.util.concurrent.ThreadPoolExecutor$Worker.run(ThreadPoolExecutor.java:617)
	at java.lang.Thread.run(Thread.java:745)
</failure>
    <system-out>[Test: TestNG Regression Group][Class: com.epam.calculator.testCalculator.baseOperations.TestDiv][Method: testDivFailLong] - State [1] - [Time: 0 ms]
[Test: TestNG Regression Group][Class: com.epam.calculator.testCalculator.baseOperations.TestDiv][Method: testDivFailLong] - State [1] - [Time: 0 ms]
</system-out>
  </testcase>
  <testcase classname="com.epam.calculator.testCalculator.baseOperations.TestMult" name="testMultExceptionIsThrown" time="0.005">
    <failure message="
Method TestMult.testMultExceptionIsThrown(long, long)[pri:0, instance:com.epam.calculator.testCalculator.baseOperations.TestMult@1330ac6] should have thrown an exception of class java.lang.Exception" type="org.testng.TestException">org.testng.TestException: 
Method TestMult.testMultExceptionIsThrown(long, long)[pri:0, instance:com.epam.calculator.testCalculator.baseOperations.TestMult@1330ac6] should have thrown an exception of class java.lang.Exception
	at org.testng.internal.Invoker.handleInvocationResults(Invoker.java:1512)
	at org.testng.internal.Invoker.invokeMethod(Invoker.java:754)
	at org.testng.internal.Invoker.invokeTestMethod(Invoker.java:901)
	at org.testng.internal.TestMethodWithDataProviderMethodWorker.call(TestMethodWithDataProviderMethodWorker.java:73)
	at org.testng.internal.TestMethodWithDataProviderMethodWorker.call(TestMethodWithDataProviderMethodWorker.java:14)
	at java.util.concurrent.FutureTask.run(FutureTask.java:266)
	at java.util.concurrent.Executors$RunnableAdapter.call(Executors.java:511)
	at java.util.concurrent.FutureTask.run(FutureTask.java:266)
	at java.util.concurrent.ThreadPoolExecutor.runWorker(ThreadPoolExecutor.java:1142)
	at java.util.concurrent.ThreadPoolExecutor$Worker.run(ThreadPoolExecutor.java:617)
	at java.lang.Thread.run(Thread.java:745)
</failure>
    <system-out>[Test: TestNG Regression Group][Class: com.epam.calculator.testCalculator.baseOperations.TestDiv][Method: testDivFailLong] - State [1] - [Time: 0 ms]
[Test: TestNG Regression Group][Class: com.epam.calculator.testCalculator.baseOperations.TestDiv][Method: testDivFailLong] - State [1] - [Time: 0 ms]
[Test: TestNG Regression Group][Class: com.epam.calculator.testCalculator.baseOperations.TestDiv][Method: testDivFailLong] - State [1] - [Time: 0 ms]
[Test: TestNG Regression Group][Class: com.epam.calculator.testCalculator.baseOperations.TestDiv][Method: testDivFailLong] - State [1] - [Time: 0 ms]
[Test: TestNG Regression Group][Class: com.epam.calculator.testCalculator.baseOperations.TestDiv][Method: testDivFailLong] - State [1] - [Time: 1 ms]
[Test: TestNG Regression Group][Class: com.epam.calculator.testCalculator.baseOperations.TestDiv][Method: testDivFailLong] - State [1] - [Time: 0 ms]
[Test: TestNG Regression Group][Class: com.epam.calculator.testCalculator.baseOperations.TestDiv][Method: testDivFailLong] - State [1] - [Time: 0 ms]
</system-out>
  </testcase>
  <testcase classname="com.epam.calculator.testCalculator.baseOperations.TestMult" name="testMultExceptionIsThrown" time="0.005">
    <failure message="
Method TestMult.testMultExceptionIsThrown(long, long)[pri:0, instance:com.epam.calculator.testCalculator.baseOperations.TestMult@1330ac6] should have thrown an exception of class java.lang.Exception" type="org.testng.TestException">org.testng.TestException: 
Method TestMult.testMultExceptionIsThrown(long, long)[pri:0, instance:com.epam.calculator.testCalculator.baseOperations.TestMult@1330ac6] should have thrown an exception of class java.lang.Exception
	at org.testng.internal.Invoker.handleInvocationResults(Invoker.java:1512)
	at org.testng.internal.Invoker.invokeMethod(Invoker.java:754)
	at org.testng.internal.Invoker.invokeTestMethod(Invoker.java:901)
	at org.testng.internal.TestMethodWithDataProviderMethodWorker.call(TestMethodWithDataProviderMethodWorker.java:73)
	at org.testng.internal.TestMethodWithDataProviderMethodWorker.call(TestMethodWithDataProviderMethodWorker.java:14)
	at java.util.concurrent.FutureTask.run(FutureTask.java:266)
	at java.util.concurrent.Executors$RunnableAdapter.call(Executors.java:511)
	at java.util.concurrent.FutureTask.run(FutureTask.java:266)
	at java.util.concurrent.ThreadPoolExecutor.runWorker(ThreadPoolExecutor.java:1142)
	at java.util.concurrent.ThreadPoolExecutor$Worker.run(ThreadPoolExecutor.java:617)
	at java.lang.Thread.run(Thread.java:745)
</failure>
    <system-out>[Test: TestNG Regression Group][Class: com.epam.calculator.testCalculator.baseOperations.TestDiv][Method: testDivFailLong] - State [1] - [Time: 0 ms]
[Test: TestNG Regression Group][Class: com.epam.calculator.testCalculator.baseOperations.TestDiv][Method: testDivFailLong] - State [1] - [Time: 0 ms]
[Test: TestNG Regression Group][Class: com.epam.calculator.testCalculator.baseOperations.TestDiv][Method: testDivExceptionIsThrown] - State [1] - [Time: 0 ms]
[Test: TestNG Regression Group][Class: com.epam.calculator.testCalculator.baseOperations.TestDiv][Method: testDivExceptionIsThrown] - State [1] - [Time: 0 ms]
[Test: TestNG Regression Group][Class: com.epam.calculator.testCalculator.baseOperations.TestDiv][Method: testDivExceptionIsThrown] - State [1] - [Time: 0 ms]
[Test: TestNG Regression Group][Class: com.epam.calculator.testCalculator.baseOperations.TestDiv][Method: testDivExceptionIsThrown] - State [1] - [Time: 0 ms]
[Test: TestNG Regression Group][Class: com.epam.calculator.testCalculator.baseOperations.TestDiv][Method: testDivFailLong] - State [1] - [Time: 0 ms]
[Test: TestNG Regression Group][Class: com.epam.calculator.testCalculator.baseOperations.TestDiv][Method: testDivFailLong] - State [1] - [Time: 0 ms]
[Test: TestNG Regression Group][Class: com.epam.calculator.testCalculator.baseOperations.TestDiv][Method: testDivFailLong] - State [1] - [Time: 0 ms]
</system-out>
  </testcase>
  <testcase classname="com.epam.calculator.testCalculator.baseOperations.TestMult" name="testMultExceptionIsThrown" time="0.005">
    <failure message="
Method TestMult.testMultExceptionIsThrown(long, long)[pri:0, instance:com.epam.calculator.testCalculator.baseOperations.TestMult@1330ac6] should have thrown an exception of class java.lang.Exception" type="org.testng.TestException">org.testng.TestException: 
Method TestMult.testMultExceptionIsThrown(long, long)[pri:0, instance:com.epam.calculator.testCalculator.baseOperations.TestMult@1330ac6] should have thrown an exception of class java.lang.Exception
	at org.testng.internal.Invoker.handleInvocationResults(Invoker.java:1512)
	at org.testng.internal.Invoker.invokeMethod(Invoker.java:754)
	at org.testng.internal.Invoker.invokeTestMethod(Invoker.java:901)
	at org.testng.internal.TestMethodWithDataProviderMethodWorker.call(TestMethodWithDataProviderMethodWorker.java:73)
	at org.testng.internal.TestMethodWithDataProviderMethodWorker.call(TestMethodWithDataProviderMethodWorker.java:14)
	at java.util.concurrent.FutureTask.run(FutureTask.java:266)
	at java.util.concurrent.Executors$RunnableAdapter.call(Executors.java:511)
	at java.util.concurrent.FutureTask.run(FutureTask.java:266)
	at java.util.concurrent.ThreadPoolExecutor.runWorker(ThreadPoolExecutor.java:1142)
	at java.util.concurrent.ThreadPoolExecutor$Worker.run(ThreadPoolExecutor.java:617)
	at java.lang.Thread.run(Thread.java:745)
</failure>
    <system-out>[Test: TestNG Regression Group][Class: com.epam.calculator.testCalculator.baseOperations.TestDiv][Method: testDivFailLong] - State [1] - [Time: 0 ms]
[Test: TestNG Regression Group][Class: com.epam.calculator.testCalculator.baseOperations.TestSum][Method: testSumFailLong] - State [1] - [Time: 1 ms]
</system-out>
  </testcase>
  <testcase classname="com.epam.calculator.testCalculator.engineerOperations.TestCos" name="testCosPassDouble" time="0">
    <failure message="error in cos() expected [0.5403023058681398] but found [0.8414709848078965]" type="java.lang.AssertionError">java.lang.AssertionError: error in cos() expected [0.5403023058681398] but found [0.8414709848078965]
	at org.testng.Assert.fail(Assert.java:94)
	at org.testng.Assert.failNotEquals(Assert.java:494)
	at org.testng.Assert.assertEquals(Assert.java:123)
	at com.epam.calculator.testCalculator.engineerOperations.TestCos.testCosPassDouble(TestCos.java:23)
</failure>
    <system-out>[Test: TestNG Regression Group][Class: com.epam.calculator.testCalculator.baseOperations.TestSub][Method: testSubFailLong] - State [1] - [Time: 0 ms]
[Test: TestNG Regression Group][Class: com.epam.calculator.testCalculator.baseOperations.TestSub][Method: testSubFailLong] - State [1] - [Time: 0 ms]
[Test: TestNG Regression Group][Class: com.epam.calculator.testCalculator.baseOperations.TestSub][Method: testSubFailLong] - State [1] - [Time: 0 ms]
[Test: TestNG Regression Group][Class: com.epam.calculator.testCalculator.baseOperations.TestSub][Method: testSubFailLong] - State [1] - [Time: 0 ms]
[Test: TestNG Regression Group][Class: com.epam.calculator.testCalculator.baseOperations.TestSum][Method: testSumFailLong] - State [1] - [Time: 0 ms]
[Test: TestNG Regression Group][Class: com.epam.calculator.testCalculator.baseOperations.TestSub][Method: testSubPassLong] - State [1] - [Time: 0 ms]
[Test: TestNG Regression Group][Class: com.epam.calculator.testCalculator.baseOperations.TestSub][Method: testSubFailLong] - State [1] - [Time: 2 ms]
[Test: TestNG Regression Group][Class: com.epam.calculator.testCalculator.baseOperations.TestSum][Method: testSumFailLong] - State [1] - [Time: 0 ms]
[Test: TestNG Regression Group][Class: com.epam.calculator.testCalculator.baseOperations.TestSum][Method: testSumFailLong] - State [1] - [Time: 1 ms]
[Test: TestNG Regression Group][Class: com.epam.calculator.testCalculator.baseOperations.TestSub][Method: testSubFailLong] - State [1] - [Time: 1 ms]
[Test: TestNG Regression Group][Class: com.epam.calculator.testCalculator.baseOperations.TestSub][Method: testSubPassLong] - State [1] - [Time: 0 ms]
[Test: TestNG Regression Group][Class: com.epam.calculator.testCalculator.baseOperations.TestSum][Method: testSumFailLong] - State [1] - [Time: 0 ms]
[Test: TestNG Regression Group][Class: com.epam.calculator.testCalculator.baseOperations.TestSub][Method: testSubPassLong] - State [1] - [Time: 1 ms]
[Test: TestNG Regression Group][Class: com.epam.calculator.testCalculator.baseOperations.TestSub][Method: testSubPassLong] - State [1] - [Time: 0 ms]
[Test: TestNG Regression Group][Class: com.epam.calculator.testCalculator.baseOperations.TestSub][Method: testSubPassLong] - State [1] - [Time: 0 ms]
[Test: TestNG Regression Group][Class: com.epam.calculator.testCalculator.baseOperations.TestDiv][Method: testDivPassLong] - State [1] - [Time: 1 ms]
[Test: TestNG Regression Group][Class: com.epam.calculator.testCalculator.baseOperations.TestSub][Method: testSubPassLong] - State [1] - [Time: 0 ms]

[Test: TestNG Regression Group][Class: com.epam.calculator.testCalculator.baseOperations.TestSub][Method: testSubPassLong] - State [1] - [Time: 0 ms]
[Test: TestNG Regression Group][Class: com.epam.calculator.testCalculator.baseOperations.TestSub][Method: testSubPassLong] - State [1] - [Time: 1 ms]
[Test: TestNG Regression Group][Class: com.epam.calculator.testCalculator.baseOperations.TestSum][Method: testSumFailLong] - State [1] - [Time: 0 ms]
[Test: TestNG Regression Group][Class: com.epam.calculator.testCalculator.baseOperations.TestSub][Method: testSubPassLong] - State [1] - [Time: 0 ms]
[Test: TestNG Regression Group][Class: com.epam.calculator.testCalculator.baseOperations.TestSum][Method: testSumFailLong] - State [1] - [Time: 1 ms]
[Test: TestNG Regression Group][Class: com.epam.calculator.testCalculator.baseOperations.TestSum][Method: testSumFailLong] - State [1] - [Time: 0 ms]
[Test: TestNG Regression Group][Class: com.epam.calculator.testCalculator.baseOperations.TestSub][Method: testSubFailLong] - State [1] - [Time: 2 ms]
[Test: TestNG Regression Group][Class: com.epam.calculator.testCalculator.baseOperations.TestSum][Method: testSumFailLong] - State [1] - [Time: 0 ms]
[Test: TestNG Regression Group][Class: com.epam.calculator.testCalculator.baseOperations.TestSub][Method: testSubFailLong] - State [1] - [Time: 0 ms]
[Test: TestNG Regression Group][Class: com.epam.calculator.testCalculator.baseOperations.TestSub][Method: testSubFailLong] - State [1] - [Time: 0 ms]
[Test: TestNG Regression Group][Class: com.epam.calculator.testCalculator.baseOperations.TestSub][Method: testSubFailLong] - State [1] - [Time: 0 ms]
[Test: TestNG Regression Group][Class: com.epam.calculator.testCalculator.baseOperations.TestSub][Method: testSubFailLong] - State [1] - [Time: 0 ms]
testMultExceptionIsThrown--Test method failed
[Test: TestNG Regression Group][Class: com.epam.calculator.testCalculator.baseOperations.TestSum][Method: testSumFailLong] - State [1] - [Time: 1 ms]
testMultExceptionIsThrown--Test method failed
testMultExceptionIsThrown--Test method failed
[Test: TestNG Regression Group][Class: com.epam.calculator.testCalculator.baseOperations.TestDiv][Method: testDivFailLong] - State [1] - [Time: 1 ms]
testSubExceptionIsThrown--Test method failed
[Test: TestNG Regression Group][Class: com.epam.calculator.testCalculator.baseOperations.TestDiv][Method: testDivFailLong] - State [1] - [Time: 0 ms]
testSumExceptionIsThrown--Test method failed
testSumExceptionIsThrown--Test method failed
testSubExceptionIsThrown--Test method failed
[Test: TestNG Regression Group][Class: com.epam.calculator.testCalculator.baseOperations.TestDiv][Method: testDivFailLong] - State [1] - [Time: 1 ms]
testSubExceptionIsThrown--Test method failed
[Test: TestNG Regression Group][Class: com.epam.calculator.testCalculator.baseOperations.TestSub][Method: testSubPassLong] - State [1] - [Time: 3 ms]
testSubExceptionIsThrown--Test method failed
testSumExceptionIsThrown--Test method failed
[Test: TestNG Regression Group][Class: com.epam.calculator.testCalculator.baseOperations.TestSub][Method: testSubPassLong] - State [1] - [Time: 1 ms]
[Test: TestNG Regression Group][Class: com.epam.calculator.testCalculator.baseOperations.TestSum][Method: testSumFailLong] - State [1] - [Time: 0 ms]
testSumExceptionIsThrown--Test method failed
[Test: TestNG Regression Group][Class: com.epam.calculator.testCalculator.baseOperations.TestSub][Method: testSubPassLong] - State [1] - [Time: 1 ms]
testSumExceptionIsThrown--Test method failed

testSumExceptionIsThrown--Test method failed
testSubExceptionIsThrown--Test method failed
[Test: TestNG Regression Group][Class: com.epam.calculator.testCalculator.baseOperations.TestSub][Method: testSubPassLong] - State [1] - [Time: 3 ms]
testSubExceptionIsThrown--Test method failed
[Test: TestNG Regression Group][Class: com.epam.calculator.testCalculator.baseOperations.TestDiv][Method: testDivFailLong] - State [1] - [Time: 1 ms]
testSubExceptionIsThrown--Test method failed
testSumExceptionIsThrown--Test method failed
testSumExceptionIsThrown--Test method failed
[Test: TestNG Regression Group][Class: com.epam.calculator.testCalculator.baseOperations.TestDiv][Method: testDivFailLong] - State [1] - [Time: 0 ms]
testSubExceptionIsThrown--Test method failed
[Test: TestNG Regression Group][Class: com.epam.calculator.testCalculator.baseOperations.TestDiv][Method: testDivFailLong] - State [1] - [Time: 1 ms]
testMultExceptionIsThrown--Test method failed
testMultExceptionIsThrown--Test method failed
[Test: TestNG Regression Group][Class: com.epam.calculator.testCalculator.baseOperations.TestSum][Method: testSumFailLong] - State [1] - [Time: 1 ms]
testMultExceptionIsThrown--Test method failed
[Test: TestNG Regression Group][Class: com.epam.calculator.testCalculator.baseOperations.TestSub][Method: testSubFailLong] - State [1] - [Time: 0 ms]
[Test: TestNG Regression Group][Class: com.epam.calculator.testCalculator.baseOperations.TestSub][Method: testSubFailLong] - State [1] - [Time: 0 ms]
[Test: TestNG Regression Group][Class: com.epam.calculator.testCalculator.baseOperations.TestSub][Method: testSubFailLong] - State [1] - [Time: 0 ms]
[Test: TestNG Regression Group][Class: com.epam.calculator.testCalculator.baseOperations.TestSub][Method: testSubFailLong] - State [1] - [Time: 0 ms]
[Test: TestNG Regression Group][Class: com.epam.calculator.testCalculator.baseOperations.TestSum][Method: testSumFailLong] - State [1] - [Time: 0 ms]
[Test: TestNG Regression Group][Class: com.epam.calculator.testCalculator.baseOperations.TestSub][Method: testSubFailLong] - State [1] - [Time: 2 ms]
[Test: TestNG Regression Group][Class: com.epam.calculator.testCalculator.baseOperations.TestSum][Method: testSumFailLong] - State [1] - [Time: 0 ms]
[Test: TestNG Regression Group][Class: com.epam.calculator.testCalculator.baseOperations.TestSum][Method: testSumFailLong] - State [1] - [Time: 0 ms]
[Test: TestNG Regression Group][Class: com.epam.calculator.testCalculator.baseOperations.TestSum][Method: testSumFailLong] - State [1] - [Time: 1 ms]
[Test: TestNG Regression Group][Class: com.epam.calculator.testCalculator.baseOperations.TestSub][Method: testSubPassLong] - State [1] - [Time: 0 ms]
[Test: TestNG Regression Group][Class: com.epam.calculator.testCalculator.baseOperations.TestSum][Method: testSumFailLong] - State [1] - [Time: 0 ms]
[Test: TestNG Regression Group][Class: com.epam.calculator.testCalculator.baseOperations.TestSub][Method: testSubPassLong] - State [1] - [Time: 1 ms]
[Test: TestNG Regression Group][Class: com.epam.calculator.testCalculator.baseOperations.TestSub][Method: testSubPassLong] - State [1] - [Time: 0 ms]
[Test: TestNG Regression Group][Class: com.epam.calculator.testCalculator.baseOperations.TestDiv][Method: testDivPassLong] - State [1] - [Time: 1 ms]
[Test: TestNG Regression Group][Class: com.epam.calculator.testCalculator.baseOperations.TestSub][Method: testSubPassLong] - State [1] - [Time: 0 ms]
[Test: TestNG Regression Group][Class: com.epam.calculator.testCalculator.baseOperations.TestDiv][Method: testDivPassLong] - State [1] - [Time: 1 ms]

[Test: TestNG Regression Group][Class: com.epam.calculator.testCalculator.baseOperations.TestSub][Method: testSubPassLong] - State [1] - [Time: 0 ms]
[Test: TestNG Regression Group][Class: com.epam.calculator.testCalculator.baseOperations.TestSub][Method: testSubPassLong] - State [1] - [Time: 1 ms]
[Test: TestNG Regression Group][Class: com.epam.calculator.testCalculator.baseOperations.TestSum][Method: testSumFailLong] - State [1] - [Time: 0 ms]
[Test: TestNG Regression Group][Class: com.epam.calculator.testCalculator.baseOperations.TestSub][Method: testSubPassLong] - State [1] - [Time: 0 ms]
[Test: TestNG Regression Group][Class: com.epam.calculator.testCalculator.baseOperations.TestSum][Method: testSumFailLong] - State [1] - [Time: 1 ms]
[Test: TestNG Regression Group][Class: com.epam.calculator.testCalculator.baseOperations.TestSub][Method: testSubFailLong] - State [1] - [Time: 2 ms]
[Test: TestNG Regression Group][Class: com.epam.calculator.testCalculator.baseOperations.TestSub][Method: testSubFailLong] - State [1] - [Time: 0 ms]
[Test: TestNG Regression Group][Class: com.epam.calculator.testCalculator.baseOperations.TestSub][Method: testSubFailLong] - State [1] - [Time: 0 ms]
[Test: TestNG Regression Group][Class: com.epam.calculator.testCalculator.baseOperations.TestSub][Method: testSubFailLong] - State [1] - [Time: 0 ms]
[Test: TestNG Regression Group][Class: com.epam.calculator.testCalculator.baseOperations.TestSub][Method: testSubFailLong] - State [1] - [Time: 0 ms]
testMultExceptionIsThrown--Test method failed
[Test: TestNG Regression Group][Class: com.epam.calculator.testCalculator.baseOperations.TestSum][Method: testSumFailLong] - State [1] - [Time: 1 ms]
testMultExceptionIsThrown--Test method failed
testMultExceptionIsThrown--Test method failed
testMultExceptionIsThrown--Test method failed
testMultExceptionIsThrown--Test method failed
[Test: TestNG Regression Group][Class: com.epam.calculator.testCalculator.baseOperations.TestDiv][Method: testDivFailLong] - State [1] - [Time: 1 ms]
testSubExceptionIsThrown--Test method failed
testSubExceptionIsThrown--Test method failed

testSumExceptionIsThrown--Test method failed
testSumExceptionIsThrown--Test method failed
testSumExceptionIsThrown--Test method failed
testSumExceptionIsThrown--Test method failed
testSubExceptionIsThrown--Test method failed
testSubExceptionIsThrown--Test method failed
testSubExceptionIsThrown--Test method failed
testSubExceptionIsThrown--Test method failed
[Test: TestNG Regression Group][Class: com.epam.calculator.testCalculator.baseOperations.TestSub][Method: testSubPassLong] - State [1] - [Time: 3 ms]
[Test: TestNG Regression Group][Class: com.epam.calculator.testCalculator.baseOperations.TestSub][Method: testSubPassLong] - State [1] - [Time: 3 ms]
testSubExceptionIsThrown--Test method failed
testSumExceptionIsThrown--Test method failed
[Test: TestNG Regression Group][Class: com.epam.calculator.testCalculator.baseOperations.TestSub][Method: testSubPassLong] - State [1] - [Time: 1 ms]
[Test: TestNG Regression Group][Class: com.epam.calculator.testCalculator.baseOperations.TestSub][Method: testSubPassLong] - State [1] - [Time: 1 ms]
testSumExceptionIsThrown--Test method failed
testSubExceptionIsThrown--Test method failed
testMultExceptionIsThrown--Test method failed
[Test: TestNG Regression Group][Class: com.epam.calculator.testCalculator.baseOperations.TestDiv][Method: testDivPassLong] - State [1] - [Time: 1 ms]
[Test: TestNG Regression Group][Class: com.epam.calculator.testCalculator.baseOperations.TestSub][Method: testSubPassLong] - State [1] - [Time: 0 ms]
testSumExceptionIsThrown--Test method failed
After Test
[STOP]: TestNG Regression Group
[STOP]: TestNG Regression Group
[STOP]: TestNG Regression Group
[STOP]: TestNG Regression Group
[START]: TestNG Smoke Group
[START]: TestNG Smoke Group
[START]: TestNG Smoke Group
[START]: TestNG Smoke Group
Before Test
</system-out>
  </testcase>
  <testcase classname="com.epam.calculator.testCalculator.engineerOperations.TestPow" name="testPowPassDouble" time="0"/>
  <testcase classname="com.epam.calculator.testCalculator.engineerOperations.TestSin" name="testSinPassDouble" time="0"/>
  <testcase classname="com.epam.calculator.testCalculator.baseOperations.TestMult" name="testMultPassLong" time="0"/>
  <testcase classname="com.epam.calculator.testCalculator.baseOperations.TestMult" name="testMultPassLong" time="0"/>
  <testcase classname="com.epam.calculator.testCalculator.engineerOperations.TestSqrt" name="testSqrtPassDouble" time="0.005"/>
  <testcase classname="com.epam.calculator.testCalculator.baseOperations.TestDiv" name="testDivPassLong" time="0.005"/>
  <testcase classname="com.epam.calculator.testCalculator.baseOperations.TestDiv" name="testDivPassLong" time="0"/>
  <testcase classname="com.epam.calculator.testCalculator.baseOperations.TestDiv" name="testDivPassLong" time="0"/>
  <testcase classname="com.epam.calculator.testCalculator.baseOperations.TestDiv" name="testDivPassLong" time="0.005"/>
  <testcase classname="com.epam.calculator.testCalculator.baseOperations.TestDiv" name="testDivPassLong" time="0.01"/>
  <testcase classname="com.epam.calculator.testCalculator.baseOperations.TestSum" name="testSumPassLong" time="0"/>
  <testcase classname="com.epam.calculator.testCalculator.baseOperations.TestDiv" name="testDivPassLong" time="0"/>
  <testcase classname="com.epam.calculator.testCalculator.baseOperations.TestDiv" name="testDivPassLong" time="0"/>
  <testcase classname="com.epam.calculator.testCalculator.baseOperations.TestDiv" name="testDivPassLong" time="0.005"/>
  <testcase classname="com.epam.calculator.testCalculator.baseOperations.TestSum" name="testSumPassLong" time="0.005"/>
  <testcase classname="com.epam.calculator.testCalculator.baseOperations.TestMult" name="testMultPassLong" time="0"/>
  <testcase classname="com.epam.calculator.testCalculator.baseOperations.TestSum" name="testSumPassLong" time="0"/>
  <testcase classname="com.epam.calculator.testCalculator.baseOperations.TestDiv" name="testDivPassLong" time="0.011"/>
  <testcase classname="com.epam.calculator.testCalculator.baseOperations.TestSum" name="testSumPassLong" time="0"/>
  <testcase classname="com.epam.calculator.testCalculator.baseOperations.TestDiv" name="testDivPassLong" time="0"/>
  <testcase classname="com.epam.calculator.testCalculator.baseOperations.TestDiv" name="testDivPassLong" time="0.005"/>
  <testcase classname="com.epam.calculator.testCalculator.baseOperations.TestSum" name="testSumPassLong" time="0.001"/>
  <testcase classname="com.epam.calculator.testCalculator.baseOperations.TestSum" name="testSumPassLong" time="0"/>
  <testcase classname="com.epam.calculator.testCalculator.baseOperations.TestSum" name="testSumPassLong" time="0"/>
  <testcase classname="com.epam.calculator.testCalculator.baseOperations.TestSum" name="testSumPassLong" time="0.001"/>
  <testcase classname="com.epam.calculator.testCalculator.baseOperations.TestSum" name="testSumPassLong" time="0"/>
  <testcase classname="com.epam.calculator.testCalculator.baseOperations.TestDiv" name="testDivPassLong" time="0.005"/>
  <testcase classname="com.epam.calculator.testCalculator.baseOperations.TestDiv" name="testDivPassLong" time="0"/>
  <testcase classname="com.epam.calculator.testCalculator.baseOperations.TestDiv" name="testDivPassLong" time="0"/>
  <testcase classname="com.epam.calculator.testCalculator.baseOperations.TestDiv" name="testDivPassLong" time="0"/>
  <testcase classname="com.epam.calculator.testCalculator.baseOperations.TestDiv" name="testDivPassLong" time="0"/>
  <testcase classname="com.epam.calculator.testCalculator.baseOperations.TestDiv" name="testDivPassLong" time="0.005"/>
  <testcase classname="com.epam.calculator.testCalculator.baseOperations.TestSum" name="testSumPassLong" time="0.005"/>
  <testcase classname="com.epam.calculator.testCalculator.baseOperations.TestSum" name="testSumPassLong" time="0.005"/>
  <testcase classname="com.epam.calculator.testCalculator.baseOperations.TestDiv" name="testDivPassLong" time="0"/>
  <testcase classname="com.epam.calculator.testCalculator.baseOperations.TestSum" name="testSumPassLong" time="0"/>
  <testcase classname="com.epam.calculator.testCalculator.baseOperations.TestSub" name="testSubPassLong" time="0.004"/>
  <testcase classname="com.epam.calculator.testCalculator.baseOperations.TestSum" name="testSumPassLong" time="0.001"/>
  <testcase classname="com.epam.calculator.testCalculator.baseOperations.TestSub" name="testSubPassLong" time="0.003"/>
  <testcase classname="com.epam.calculator.testCalculator.baseOperations.TestSub" name="testSubPassLong" time="0.005"/>
  <testcase classname="com.epam.calculator.testCalculator.baseOperations.TestSub" name="testSubPassLong" time="0"/>
  <testcase classname="com.epam.calculator.testCalculator.baseOperations.TestSum" name="testSumPassLong" time="0.004"/>
  <testcase classname="com.epam.calculator.testCalculator.baseOperations.TestSub" name="testSubPassLong" time="0.011"/>
  <testcase classname="com.epam.calculator.testCalculator.baseOperations.TestSub" name="testSubPassLong" time="0"/>
  <testcase classname="com.epam.calculator.testCalculator.baseOperations.TestSub" name="testSubPassLong" time="0.004"/>
  <testcase classname="com.epam.calculator.testCalculator.baseOperations.TestSub" name="testSubPassLong" time="0.005"/>
  <testcase classname="com.epam.calculator.testCalculator.baseOperations.TestSum" name="testSumPassLong" time="0"/>
  <testcase classname="com.epam.calculator.testCalculator.baseOperations.TestSub" name="testSubPassLong" time="0"/>
  <testcase classname="com.epam.calculator.testCalculator.baseOperations.TestSub" name="testSubPassLong" time="0"/>
  <testcase classname="com.epam.calculator.testCalculator.baseOperations.TestSum" name="testSumPassLong" time="0"/>
  <testcase classname="com.epam.calculator.testCalculator.baseOperations.TestSub" name="testSubPassLong" time="0"/>
  <testcase classname="com.epam.calculator.testCalculator.baseOperations.TestSum" name="testSumPassLong" time="0"/>
  <testcase classname="com.epam.calculator.testCalculator.baseOperations.TestSum" name="testSumPassLong" time="0"/>
  <testcase classname="com.epam.calculator.testCalculator.baseOperations.TestMult" name="testMultPassLong" time="0.005"/>
  <testcase classname="com.epam.calculator.testCalculator.baseOperations.TestSum" name="testSumPassLong" time="0.005"/>
  <testcase classname="com.epam.calculator.testCalculator.baseOperations.TestSum" name="testSumPassLong" time="0.01"/>
  <testcase classname="com.epam.calculator.testCalculator.baseOperations.TestMult" name="testMultPassLong" time="0"/>
  <testcase classname="com.epam.calculator.testCalculator.baseOperations.TestMult" name="testMultPassLong" time="0"/>
  <testcase classname="com.epam.calculator.testCalculator.baseOperations.TestMult" name="testMultPassLong" time="0"/>
  <testcase classname="com.epam.calculator.testCalculator.baseOperations.TestSub" name="testSubPassLong" time="0.004"/>
  <testcase classname="com.epam.calculator.testCalculator.baseOperations.TestSub" name="testSubPassLong" time="0.005"/>
  <testcase classname="com.epam.calculator.testCalculator.baseOperations.TestMult" name="testMultPassLong" time="0"/>
  <testcase classname="com.epam.calculator.testCalculator.baseOperations.TestMult" name="testMultPassLong" time="0.004"/>
  <testcase classname="com.epam.calculator.testCalculator.baseOperations.TestMult" name="testMultPassLong" time="0"/>
  <testcase classname="com.epam.calculator.testCalculator.baseOperations.TestMult" name="testMultPassLong" time="0"/>
  <testcase classname="com.epam.calculator.testCalculator.baseOperations.TestMult" name="testMultPassLong" time="0"/>
  <testcase classname="com.epam.calculator.testCalculator.baseOperations.TestSub" name="testSubPassLong" time="0"/>
  <testcase classname="com.epam.calculator.testCalculator.baseOperations.TestMult" name="testMultPassLong" time="0.001"/>
  <testcase classname="com.epam.calculator.testCalculator.baseOperations.TestMult" name="testMultPassLong" time="0"/>
  <testcase classname="com.epam.calculator.testCalculator.baseOperations.TestSub" name="testSubPassLong" time="0.005"/>
  <testcase classname="com.epam.calculator.testCalculator.baseOperations.TestSub" name="testSubPassLong" time="0.006"/>
  <testcase classname="com.epam.calculator.testCalculator.baseOperations.TestSub" name="testSubPassLong" time="0.001"/>
  <testcase classname="com.epam.calculator.testCalculator.baseOperations.TestSub" name="testSubPassLong" time="0.001"/>
  <testcase classname="com.epam.calculator.testCalculator.baseOperations.TestSum" name="testSumPassLong" time="0"/>
  <testcase classname="com.epam.calculator.testCalculator.baseOperations.TestSub" name="testSubPassLong" time="0"/>
  <testcase classname="com.epam.calculator.testCalculator.baseOperations.TestMult" name="testMultPassLong" time="0"/>
  <testcase classname="com.epam.calculator.testCalculator.baseOperations.TestMult" name="testMultPassLong" time="0"/>
  <testcase classname="com.epam.calculator.testCalculator.baseOperations.TestMult" name="testMultPassLong" time="0"/>
  <testcase classname="com.epam.calculator.testCalculator.baseOperations.TestMult" name="testMultPassLong" time="0"/>
  <testcase classname="com.epam.calculator.testCalculator.baseOperations.TestSub" name="testSubPassLong" time="0"/>
  <testcase classname="com.epam.calculator.testCalculator.baseOperations.TestMult" name="testMultPassLong" time="0.005"/>
  <testcase classname="com.epam.calculator.testCalculator.baseOperations.TestMult" name="testMultPassLong" time="0"/>
  <testcase classname="com.epam.calculator.testCalculator.baseOperations.TestMult" name="testMultPassLong" time="0.001"/>
  <testcase classname="com.epam.calculator.testCalculator.baseOperations.TestMult" name="testMultPassLong" time="0.004"/>
  <testcase classname="com.epam.calculator.testCalculator.baseOperations.TestDiv" name="testDivFailLong" time="0"/>
  <testcase classname="com.epam.calculator.testCalculator.baseOperations.TestMult" name="testMultPassLong" time="0"/>
  <testcase classname="com.epam.calculator.testCalculator.baseOperations.TestDiv" name="testDivFailLong" time="0"/>
  <testcase classname="com.epam.calculator.testCalculator.baseOperations.TestDiv" name="testDivFailLong" time="0"/>
  <testcase classname="com.epam.calculator.testCalculator.baseOperations.TestDiv" name="testDivFailLong" time="0"/>
  <testcase classname="com.epam.calculator.testCalculator.baseOperations.TestMult" name="testMultPassLong" time="0.004"/>
  <testcase classname="com.epam.calculator.testCalculator.baseOperations.TestDiv" name="testDivFailLong" time="0.004"/>
  <testcase classname="com.epam.calculator.testCalculator.baseOperations.TestMult" name="testMultFailLong" time="0.001"/>
  <testcase classname="com.epam.calculator.testCalculator.baseOperations.TestSub" name="testSubExceptionIsThrown" time="0">
    <failure message="
Method TestSub.testSubExceptionIsThrown(long, long)[pri:0, instance:com.epam.calculator.testCalculator.baseOperations.TestSub@1c6f96d] should have thrown an exception of class java.lang.Exception" type="org.testng.TestException">org.testng.TestException: 
Method TestSub.testSubExceptionIsThrown(long, long)[pri:0, instance:com.epam.calculator.testCalculator.baseOperations.TestSub@1c6f96d] should have thrown an exception of class java.lang.Exception
	at org.testng.internal.Invoker.handleInvocationResults(Invoker.java:1512)
	at org.testng.internal.Invoker.invokeMethod(Invoker.java:754)
	at org.testng.internal.Invoker.invokeTestMethod(Invoker.java:901)
	at org.testng.internal.TestMethodWithDataProviderMethodWorker.call(TestMethodWithDataProviderMethodWorker.java:73)
	at org.testng.internal.TestMethodWithDataProviderMethodWorker.call(TestMethodWithDataProviderMethodWorker.java:14)
	at java.util.concurrent.FutureTask.run(FutureTask.java:266)
	at java.util.concurrent.Executors$RunnableAdapter.call(Executors.java:511)
	at java.util.concurrent.FutureTask.run(FutureTask.java:266)
	at java.util.concurrent.ThreadPoolExecutor.runWorker(ThreadPoolExecutor.java:1142)
	at java.util.concurrent.ThreadPoolExecutor$Worker.run(ThreadPoolExecutor.java:617)
	at java.lang.Thread.run(Thread.java:745)
</failure>
    <system-out>[Test: TestNG Unit Group][Class: com.epam.calculator.testCalculator.baseOperations.TestMult][Method: testMultFailLong] - State [1] - [Time: 0 ms]
[Test: TestNG Unit Group][Class: com.epam.calculator.testCalculator.baseOperations.TestMult][Method: testMultFailLong] - State [1] - [Time: 0 ms]
[Test: TestNG Unit Group][Class: com.epam.calculator.testCalculator.baseOperations.TestMult][Method: testMultFailLong] - State [1] - [Time: 0 ms]
[Test: TestNG Unit Group][Class: com.epam.calculator.testCalculator.baseOperations.TestMult][Method: testMultFailLong] - State [1] - [Time: 0 ms]
</system-out>
  </testcase>
  <testcase classname="com.epam.calculator.testCalculator.baseOperations.TestSub" name="testSubExceptionIsThrown" time="0.005">
    <failure message="
Method TestSub.testSubExceptionIsThrown(long, long)[pri:0, instance:com.epam.calculator.testCalculator.baseOperations.TestSub@1c6f96d] should have thrown an exception of class java.lang.Exception" type="org.testng.TestException">org.testng.TestException: 
Method TestSub.testSubExceptionIsThrown(long, long)[pri:0, instance:com.epam.calculator.testCalculator.baseOperations.TestSub@1c6f96d] should have thrown an exception of class java.lang.Exception
	at org.testng.internal.Invoker.handleInvocationResults(Invoker.java:1512)
	at org.testng.internal.Invoker.invokeMethod(Invoker.java:754)
	at org.testng.internal.Invoker.invokeTestMethod(Invoker.java:901)
	at org.testng.internal.TestMethodWithDataProviderMethodWorker.call(TestMethodWithDataProviderMethodWorker.java:73)
	at org.testng.internal.TestMethodWithDataProviderMethodWorker.call(TestMethodWithDataProviderMethodWorker.java:14)
	at java.util.concurrent.FutureTask.run(FutureTask.java:266)
	at java.util.concurrent.Executors$RunnableAdapter.call(Executors.java:511)
	at java.util.concurrent.FutureTask.run(FutureTask.java:266)
	at java.util.concurrent.ThreadPoolExecutor.runWorker(ThreadPoolExecutor.java:1142)
	at java.util.concurrent.ThreadPoolExecutor$Worker.run(ThreadPoolExecutor.java:617)
	at java.lang.Thread.run(Thread.java:745)
</failure>
    <system-out>testSubExceptionIsThrown--Test method failed
testSubExceptionIsThrown--Test method failed
testSubExceptionIsThrown--Test method failed
testSubExceptionIsThrown--Test method failed
</system-out>
  </testcase>
  <testcase classname="com.epam.calculator.testCalculator.baseOperations.TestSub" name="testSubExceptionIsThrown" time="0">
    <failure message="
Method TestSub.testSubExceptionIsThrown(long, long)[pri:0, instance:com.epam.calculator.testCalculator.baseOperations.TestSub@1c6f96d] should have thrown an exception of class java.lang.Exception" type="org.testng.TestException">org.testng.TestException: 
Method TestSub.testSubExceptionIsThrown(long, long)[pri:0, instance:com.epam.calculator.testCalculator.baseOperations.TestSub@1c6f96d] should have thrown an exception of class java.lang.Exception
	at org.testng.internal.Invoker.handleInvocationResults(Invoker.java:1512)
	at org.testng.internal.Invoker.invokeMethod(Invoker.java:754)
	at org.testng.internal.Invoker.invokeTestMethod(Invoker.java:901)
	at org.testng.internal.TestMethodWithDataProviderMethodWorker.call(TestMethodWithDataProviderMethodWorker.java:73)
	at org.testng.internal.TestMethodWithDataProviderMethodWorker.call(TestMethodWithDataProviderMethodWorker.java:14)
	at java.util.concurrent.FutureTask.run(FutureTask.java:266)
	at java.util.concurrent.Executors$RunnableAdapter.call(Executors.java:511)
	at java.util.concurrent.FutureTask.run(FutureTask.java:266)
	at java.util.concurrent.ThreadPoolExecutor.runWorker(ThreadPoolExecutor.java:1142)
	at java.util.concurrent.ThreadPoolExecutor$Worker.run(ThreadPoolExecutor.java:617)
	at java.lang.Thread.run(Thread.java:745)
</failure>
    <system-out>testSubExceptionIsThrown--Test method failed
testSubExceptionIsThrown--Test method failed
testSubExceptionIsThrown--Test method failed
testSubExceptionIsThrown--Test method failed
</system-out>
  </testcase>
  <testcase classname="com.epam.calculator.testCalculator.baseOperations.TestSub" name="testSubExceptionIsThrown" time="0.001">
    <failure message="
Method TestSub.testSubExceptionIsThrown(long, long)[pri:0, instance:com.epam.calculator.testCalculator.baseOperations.TestSub@1c6f96d] should have thrown an exception of class java.lang.Exception" type="org.testng.TestException">org.testng.TestException: 
Method TestSub.testSubExceptionIsThrown(long, long)[pri:0, instance:com.epam.calculator.testCalculator.baseOperations.TestSub@1c6f96d] should have thrown an exception of class java.lang.Exception
	at org.testng.internal.Invoker.handleInvocationResults(Invoker.java:1512)
	at org.testng.internal.Invoker.invokeMethod(Invoker.java:754)
	at org.testng.internal.Invoker.invokeTestMethod(Invoker.java:901)
	at org.testng.internal.TestMethodWithDataProviderMethodWorker.call(TestMethodWithDataProviderMethodWorker.java:73)
	at org.testng.internal.TestMethodWithDataProviderMethodWorker.call(TestMethodWithDataProviderMethodWorker.java:14)
	at java.util.concurrent.FutureTask.run(FutureTask.java:266)
	at java.util.concurrent.Executors$RunnableAdapter.call(Executors.java:511)
	at java.util.concurrent.FutureTask.run(FutureTask.java:266)
	at java.util.concurrent.ThreadPoolExecutor.runWorker(ThreadPoolExecutor.java:1142)
	at java.util.concurrent.ThreadPoolExecutor$Worker.run(ThreadPoolExecutor.java:617)
	at java.lang.Thread.run(Thread.java:745)
</failure>
    <system-out>testSubExceptionIsThrown--Test method failed
</system-out>
  </testcase>
  <testcase classname="com.epam.calculator.testCalculator.baseOperations.TestSub" name="testSubExceptionIsThrown" time="0">
    <failure message="
Method TestSub.testSubExceptionIsThrown(long, long)[pri:0, instance:com.epam.calculator.testCalculator.baseOperations.TestSub@1c6f96d] should have thrown an exception of class java.lang.Exception" type="org.testng.TestException">org.testng.TestException: 
Method TestSub.testSubExceptionIsThrown(long, long)[pri:0, instance:com.epam.calculator.testCalculator.baseOperations.TestSub@1c6f96d] should have thrown an exception of class java.lang.Exception
	at org.testng.internal.Invoker.handleInvocationResults(Invoker.java:1512)
	at org.testng.internal.Invoker.invokeMethod(Invoker.java:754)
	at org.testng.internal.Invoker.invokeTestMethod(Invoker.java:901)
	at org.testng.internal.TestMethodWithDataProviderMethodWorker.call(TestMethodWithDataProviderMethodWorker.java:73)
	at org.testng.internal.TestMethodWithDataProviderMethodWorker.call(TestMethodWithDataProviderMethodWorker.java:14)
	at java.util.concurrent.FutureTask.run(FutureTask.java:266)
	at java.util.concurrent.Executors$RunnableAdapter.call(Executors.java:511)
	at java.util.concurrent.FutureTask.run(FutureTask.java:266)
	at java.util.concurrent.ThreadPoolExecutor.runWorker(ThreadPoolExecutor.java:1142)
	at java.util.concurrent.ThreadPoolExecutor$Worker.run(ThreadPoolExecutor.java:617)
	at java.lang.Thread.run(Thread.java:745)
</failure>
    <system-out>testSubExceptionIsThrown--Test method failed
testSubExceptionIsThrown--Test method failed
testSubExceptionIsThrown--Test method failed
testSubExceptionIsThrown--Test method failed
testSubExceptionIsThrown--Test method failed
testSubExceptionIsThrown--Test method failed
testSubExceptionIsThrown--Test method failed
</system-out>
  </testcase>
  <testcase classname="com.epam.calculator.testCalculator.baseOperations.TestMult" name="testMultPassLong" time="0.004"/>
  <testcase classname="com.epam.calculator.testCalculator.baseOperations.TestSub" name="testSubExceptionIsThrown" time="0">
    <failure message="
Method TestSub.testSubExceptionIsThrown(long, long)[pri:0, instance:com.epam.calculator.testCalculator.baseOperations.TestSub@1c6f96d] should have thrown an exception of class java.lang.Exception" type="org.testng.TestException">org.testng.TestException: 
Method TestSub.testSubExceptionIsThrown(long, long)[pri:0, instance:com.epam.calculator.testCalculator.baseOperations.TestSub@1c6f96d] should have thrown an exception of class java.lang.Exception
	at org.testng.internal.Invoker.handleInvocationResults(Invoker.java:1512)
	at org.testng.internal.Invoker.invokeMethod(Invoker.java:754)
	at org.testng.internal.Invoker.invokeTestMethod(Invoker.java:901)
	at org.testng.internal.TestMethodWithDataProviderMethodWorker.call(TestMethodWithDataProviderMethodWorker.java:73)
	at org.testng.internal.TestMethodWithDataProviderMethodWorker.call(TestMethodWithDataProviderMethodWorker.java:14)
	at java.util.concurrent.FutureTask.run(FutureTask.java:266)
	at java.util.concurrent.Executors$RunnableAdapter.call(Executors.java:511)
	at java.util.concurrent.FutureTask.run(FutureTask.java:266)
	at java.util.concurrent.ThreadPoolExecutor.runWorker(ThreadPoolExecutor.java:1142)
	at java.util.concurrent.ThreadPoolExecutor$Worker.run(ThreadPoolExecutor.java:617)
	at java.lang.Thread.run(Thread.java:745)
</failure>
    <system-out>[Test: TestNG Unit Group][Class: com.epam.calculator.testCalculator.baseOperations.TestMult][Method: testMultPassLong] - State [1] - [Time: 0 ms]
[Test: TestNG Unit Group][Class: com.epam.calculator.testCalculator.baseOperations.TestMult][Method: testMultPassLong] - State [1] - [Time: 0 ms]
[Test: TestNG Unit Group][Class: com.epam.calculator.testCalculator.baseOperations.TestMult][Method: testMultPassLong] - State [1] - [Time: 0 ms]
[Test: TestNG Unit Group][Class: com.epam.calculator.testCalculator.baseOperations.TestMult][Method: testMultPassLong] - State [1] - [Time: 0 ms]
</system-out>
  </testcase>
  <testcase classname="com.epam.calculator.testCalculator.baseOperations.TestSub" name="testSubExceptionIsThrown" time="0.001">
    <failure message="
Method TestSub.testSubExceptionIsThrown(long, long)[pri:0, instance:com.epam.calculator.testCalculator.baseOperations.TestSub@1c6f96d] should have thrown an exception of class java.lang.Exception" type="org.testng.TestException">org.testng.TestException: 
Method TestSub.testSubExceptionIsThrown(long, long)[pri:0, instance:com.epam.calculator.testCalculator.baseOperations.TestSub@1c6f96d] should have thrown an exception of class java.lang.Exception
	at org.testng.internal.Invoker.handleInvocationResults(Invoker.java:1512)
	at org.testng.internal.Invoker.invokeMethod(Invoker.java:754)
	at org.testng.internal.Invoker.invokeTestMethod(Invoker.java:901)
	at org.testng.internal.TestMethodWithDataProviderMethodWorker.call(TestMethodWithDataProviderMethodWorker.java:73)
	at org.testng.internal.TestMethodWithDataProviderMethodWorker.call(TestMethodWithDataProviderMethodWorker.java:14)
	at java.util.concurrent.FutureTask.run(FutureTask.java:266)
	at java.util.concurrent.Executors$RunnableAdapter.call(Executors.java:511)
	at java.util.concurrent.FutureTask.run(FutureTask.java:266)
	at java.util.concurrent.ThreadPoolExecutor.runWorker(ThreadPoolExecutor.java:1142)
	at java.util.concurrent.ThreadPoolExecutor$Worker.run(ThreadPoolExecutor.java:617)
	at java.lang.Thread.run(Thread.java:745)
</failure>
    <system-out>testSubExceptionIsThrown--Test method failed
testSubExceptionIsThrown--Test method failed
testSubExceptionIsThrown--Test method failed
testSubExceptionIsThrown--Test method failed
</system-out>
  </testcase>
  <testcase classname="com.epam.calculator.testCalculator.baseOperations.TestDiv" name="testDivPassLong" time="0.005"/>
  <testcase classname="com.epam.calculator.testCalculator.baseOperations.TestDiv" name="testDivPassLong" time="0.005"/>
  <testcase classname="com.epam.calculator.testCalculator.baseOperations.TestDiv" name="testDivPassLong" time="0"/>
  <testcase classname="com.epam.calculator.testCalculator.baseOperations.TestSub" name="testSubExceptionIsThrown" time="0.005">
    <failure message="
Method TestSub.testSubExceptionIsThrown(long, long)[pri:0, instance:com.epam.calculator.testCalculator.baseOperations.TestSub@1c6f96d] should have thrown an exception of class java.lang.Exception" type="org.testng.TestException">org.testng.TestException: 
Method TestSub.testSubExceptionIsThrown(long, long)[pri:0, instance:com.epam.calculator.testCalculator.baseOperations.TestSub@1c6f96d] should have thrown an exception of class java.lang.Exception
	at org.testng.internal.Invoker.handleInvocationResults(Invoker.java:1512)
	at org.testng.internal.Invoker.invokeMethod(Invoker.java:754)
	at org.testng.internal.Invoker.invokeTestMethod(Invoker.java:901)
	at org.testng.internal.TestMethodWithDataProviderMethodWorker.call(TestMethodWithDataProviderMethodWorker.java:73)
	at org.testng.internal.TestMethodWithDataProviderMethodWorker.call(TestMethodWithDataProviderMethodWorker.java:14)
	at java.util.concurrent.FutureTask.run(FutureTask.java:266)
	at java.util.concurrent.Executors$RunnableAdapter.call(Executors.java:511)
	at java.util.concurrent.FutureTask.run(FutureTask.java:266)
	at java.util.concurrent.ThreadPoolExecutor.runWorker(ThreadPoolExecutor.java:1142)
	at java.util.concurrent.ThreadPoolExecutor$Worker.run(ThreadPoolExecutor.java:617)
	at java.lang.Thread.run(Thread.java:745)
</failure>
    <system-out>[Test: TestNG Unit Group][Class: com.epam.calculator.testCalculator.baseOperations.TestDiv][Method: testDivPassLong] - State [1] - [Time: 0 ms]
[Test: TestNG Unit Group][Class: com.epam.calculator.testCalculator.baseOperations.TestDiv][Method: testDivPassLong] - State [1] - [Time: 0 ms]
</system-out>
  </testcase>
  <testcase classname="com.epam.calculator.testCalculator.baseOperations.TestSub" name="testSubFailLong" time="0"/>
  <testcase classname="com.epam.calculator.testCalculator.baseOperations.TestDiv" name="testDivPassLong" time="0"/>
  <testcase classname="com.epam.calculator.testCalculator.baseOperations.TestDiv" name="testDivPassLong" time="0"/>
  <testcase classname="com.epam.calculator.testCalculator.baseOperations.TestSub" name="testSubFailLong" time="0.001"/>
  <testcase classname="com.epam.calculator.testCalculator.baseOperations.TestDiv" name="testDivPassLong" time="0"/>
  <testcase classname="com.epam.calculator.testCalculator.baseOperations.TestSub" name="testSubFailLong" time="0.01"/>
  <testcase classname="com.epam.calculator.testCalculator.baseOperations.TestDiv" name="testDivPassLong" time="0.006"/>
  <testcase classname="com.epam.calculator.testCalculator.baseOperations.TestDiv" name="testDivPassLong" time="0.006"/>
  <testcase classname="com.epam.calculator.testCalculator.baseOperations.TestDiv" name="testDivPassLong" time="0"/>
  <testcase classname="com.epam.calculator.testCalculator.baseOperations.TestDiv" name="testDivPassLong" time="0"/>
  <testcase classname="com.epam.calculator.testCalculator.baseOperations.TestSum" name="testSumFailLong" time="0"/>
  <testcase classname="com.epam.calculator.testCalculator.baseOperations.TestDiv" name="testDivPassLong" time="0"/>
  <testcase classname="com.epam.calculator.testCalculator.baseOperations.TestDiv" name="testDivPassLong" time="0"/>
  <testcase classname="com.epam.calculator.testCalculator.baseOperations.TestDiv" name="testDivPassLong" time="0"/>
  <testcase classname="com.epam.calculator.testCalculator.baseOperations.TestSum" name="testSumFailLong" time="0"/>
  <testcase classname="com.epam.calculator.testCalculator.baseOperations.TestSum" name="testSumFailLong" time="0"/>
  <testcase classname="com.epam.calculator.testCalculator.baseOperations.TestSum" name="testSumFailLong" time="0"/>
  <testcase classname="com.epam.calculator.testCalculator.baseOperations.TestDiv" name="testDivPassLong" time="0"/>
  <testcase classname="com.epam.calculator.testCalculator.baseOperations.TestSum" name="testSumFailLong" time="0.003"/>
  <testcase classname="com.epam.calculator.testCalculator.baseOperations.TestSum" name="testSumFailLong" time="0.004"/>
  <testcase classname="com.epam.calculator.testCalculator.baseOperations.TestSum" name="testSumFailLong" time="0"/>
  <testcase classname="com.epam.calculator.testCalculator.baseOperations.TestSum" name="testSumFailLong" time="0"/>
  <testcase classname="com.epam.calculator.testCalculator.baseOperations.TestSum" name="testSumFailLong" time="0.004"/>
  <testcase classname="com.epam.calculator.testCalculator.baseOperations.TestSum" name="testSumFailLong" time="0"/>
  <testcase classname="com.epam.calculator.testCalculator.baseOperations.TestSum" name="testSumFailLong" time="0"/>
  <testcase classname="com.epam.calculator.testCalculator.baseOperations.TestDiv" name="testDivPassLong" time="0.005"/>
  <testcase classname="com.epam.calculator.testCalculator.sign.TestIsPositive" name="testIsPositiveFailLong" time="0.005"/>
  <testcase classname="com.epam.calculator.testCalculator.sign.TestIsPositive" name="testIsPositiveFailLong" time="0.009"/>
  <testcase classname="com.epam.calculator.testCalculator.baseOperations.TestDiv" name="testDivPassLong" time="0.005"/>
  <testcase classname="com.epam.calculator.testCalculator.sign.TestIsPositive" name="testIsPositiveFailLong" time="0"/>
  <testcase classname="com.epam.calculator.testCalculator.baseOperations.TestMult" name="testMultFailLong" time="0"/>
  <testcase classname="com.epam.calculator.testCalculator.sign.TestIsPositive" name="testIsPositiveFailLong" time="0.001"/>
  <testcase classname="com.epam.calculator.testCalculator.baseOperations.TestSum" name="testSumPassLong" time="0"/>
  <testcase classname="com.epam.calculator.testCalculator.baseOperations.TestMult" name="testMultPassLong" time="0"/>
  <testcase classname="com.epam.calculator.testCalculator.baseOperations.TestMult" name="testMultPassLong" time="0"/>
  <testcase classname="com.epam.calculator.testCalculator.baseOperations.TestDiv" name="testDivFailLong" time="0"/>
  <testcase classname="com.epam.calculator.testCalculator.baseOperations.TestMult" name="testMultFailLong" time="0"/>
  <testcase classname="com.epam.calculator.testCalculator.baseOperations.TestSum" name="testSumPassLong" time="0"/>
  <testcase classname="com.epam.calculator.testCalculator.baseOperations.TestDiv" name="testDivFailLong" time="0"/>
  <testcase classname="com.epam.calculator.testCalculator.baseOperations.TestSum" name="testSumPassLong" time="0"/>
  <testcase classname="com.epam.calculator.testCalculator.baseOperations.TestMult" name="testMultPassLong" time="0"/>
  <testcase classname="com.epam.calculator.testCalculator.baseOperations.TestDiv" name="testDivFailLong" time="0"/>
  <testcase classname="com.epam.calculator.testCalculator.baseOperations.TestDiv" name="testDivFailLong" time="0"/>
  <testcase classname="com.epam.calculator.testCalculator.baseOperations.TestDiv" name="testDivFailLong" time="0"/>
  <testcase classname="com.epam.calculator.testCalculator.baseOperations.TestSum" name="testSumPassLong" time="0"/>
  <testcase classname="com.epam.calculator.testCalculator.baseOperations.TestSum" name="testSumPassLong" time="0"/>
  <testcase classname="com.epam.calculator.testCalculator.baseOperations.TestDiv" name="testDivPassLong" time="0"/>
  <testcase classname="com.epam.calculator.testCalculator.baseOperations.TestSum" name="testSumPassLong" time="0.001"/>
  <testcase classname="com.epam.calculator.testCalculator.baseOperations.TestSum" name="testSumPassLong" time="0"/>
  <testcase classname="com.epam.calculator.testCalculator.baseOperations.TestSum" name="testSumPassLong" time="0.01"/>
  <testcase classname="com.epam.calculator.testCalculator.baseOperations.TestMult" name="testMultFailLong" time="0.003"/>
  <testcase classname="com.epam.calculator.testCalculator.baseOperations.TestMult" name="testMultFailLong" time="0"/>
  <testcase classname="com.epam.calculator.testCalculator.baseOperations.TestSum" name="testSumPassLong" time="0.002"/>
  <testcase classname="com.epam.calculator.testCalculator.baseOperations.TestMult" name="testMultFailLong" time="0.004"/>
  <testcase classname="com.epam.calculator.testCalculator.baseOperations.TestSum" name="testSumPassLong" time="0"/>
  <testcase classname="com.epam.calculator.testCalculator.baseOperations.TestSum" name="testSumPassLong" time="0"/>
  <testcase classname="com.epam.calculator.testCalculator.baseOperations.TestSum" name="testSumPassLong" time="0.004"/>
  <testcase classname="com.epam.calculator.testCalculator.baseOperations.TestSum" name="testSumPassLong" time="0"/>
  <testcase classname="com.epam.calculator.testCalculator.sign.TestIsNegative" name="testIsNegativeFailLong" time="0"/>
  <testcase classname="com.epam.calculator.testCalculator.sign.TestIsNegative" name="testIsNegativeFailLong" time="0.005"/>
  <testcase classname="com.epam.calculator.testCalculator.sign.TestIsNegative" name="testIsNegativeFailLong" time="0.01"/>
  <testcase classname="com.epam.calculator.testCalculator.baseOperations.TestSum" name="testSumExceptionIsThrown" time="0">
    <failure message="
Method TestSum.testSumExceptionIsThrown(long, long)[pri:0, instance:com.epam.calculator.testCalculator.baseOperations.TestSum@1af06fc] should have thrown an exception of class java.lang.Exception" type="org.testng.TestException">org.testng.TestException: 
Method TestSum.testSumExceptionIsThrown(long, long)[pri:0, instance:com.epam.calculator.testCalculator.baseOperations.TestSum@1af06fc] should have thrown an exception of class java.lang.Exception
	at org.testng.internal.Invoker.handleInvocationResults(Invoker.java:1512)
	at org.testng.internal.Invoker.invokeMethod(Invoker.java:754)
	at org.testng.internal.Invoker.invokeTestMethod(Invoker.java:901)
	at org.testng.internal.TestMethodWithDataProviderMethodWorker.call(TestMethodWithDataProviderMethodWorker.java:73)
	at org.testng.internal.TestMethodWithDataProviderMethodWorker.call(TestMethodWithDataProviderMethodWorker.java:14)
	at java.util.concurrent.FutureTask.run(FutureTask.java:266)
	at java.util.concurrent.Executors$RunnableAdapter.call(Executors.java:511)
	at java.util.concurrent.FutureTask.run(FutureTask.java:266)
	at java.util.concurrent.ThreadPoolExecutor.runWorker(ThreadPoolExecutor.java:1142)
	at java.util.concurrent.ThreadPoolExecutor$Worker.run(ThreadPoolExecutor.java:617)
	at java.lang.Thread.run(Thread.java:745)
</failure>
    <system-out>[Test: TestNG Unit Group][Class: com.epam.calculator.testCalculator.baseOperations.TestDiv][Method: testDivFailLong] - State [1] - [Time: 2 ms]
[Test: TestNG Unit Group][Class: com.epam.calculator.testCalculator.baseOperations.TestDiv][Method: testDivFailLong] - State [1] - [Time: 2 ms]
[Test: TestNG Unit Group][Class: com.epam.calculator.testCalculator.baseOperations.TestDiv][Method: testDivFailLong] - State [1] - [Time: 2 ms]
[Test: TestNG Unit Group][Class: com.epam.calculator.testCalculator.baseOperations.TestDiv][Method: testDivFailLong] - State [1] - [Time: 2 ms]
[Test: TestNG Unit Group][Class: com.epam.calculator.testCalculator.baseOperations.TestSum][Method: testSumPassLong] - State [1] - [Time: 0 ms]
[Test: TestNG Unit Group][Class: com.epam.calculator.testCalculator.baseOperations.TestSum][Method: testSumPassLong] - State [1] - [Time: 0 ms]
[Test: TestNG Unit Group][Class: com.epam.calculator.testCalculator.baseOperations.TestSum][Method: testSumPassLong] - State [1] - [Time: 0 ms]
[Test: TestNG Unit Group][Class: com.epam.calculator.testCalculator.baseOperations.TestSum][Method: testSumPassLong] - State [1] - [Time: 0 ms]
</system-out>
  </testcase>
  <testcase classname="com.epam.calculator.testCalculator.baseOperations.TestSum" name="testSumPassLong" time="0"/>
  <testcase classname="com.epam.calculator.testCalculator.baseOperations.TestSub" name="testSubFailLong" time="0"/>
  <testcase classname="com.epam.calculator.testCalculator.baseOperations.TestSub" name="testSubFailLong" time="0"/>
  <testcase classname="com.epam.calculator.testCalculator.baseOperations.TestSub" name="testSubPassLong" time="0"/>
  <testcase classname="com.epam.calculator.testCalculator.baseOperations.TestSub" name="testSubFailLong" time="0"/>
  <testcase classname="com.epam.calculator.testCalculator.baseOperations.TestSub" name="testSubFailLong" time="0"/>
  <testcase classname="com.epam.calculator.testCalculator.sign.TestIsNegative" name="testIsNegativePassLong" time="0"/>
  <testcase classname="com.epam.calculator.testCalculator.baseOperations.TestMult" name="testMultFailLong" time="0"/>
  <testcase classname="com.epam.calculator.testCalculator.baseOperations.TestSum" name="testSumExceptionIsThrown" time="0">
    <failure message="
Method TestSum.testSumExceptionIsThrown(long, long)[pri:0, instance:com.epam.calculator.testCalculator.baseOperations.TestSum@1af06fc] should have thrown an exception of class java.lang.Exception" type="org.testng.TestException">org.testng.TestException: 
Method TestSum.testSumExceptionIsThrown(long, long)[pri:0, instance:com.epam.calculator.testCalculator.baseOperations.TestSum@1af06fc] should have thrown an exception of class java.lang.Exception
	at org.testng.internal.Invoker.handleInvocationResults(Invoker.java:1512)
	at org.testng.internal.Invoker.invokeMethod(Invoker.java:754)
	at org.testng.internal.Invoker.invokeTestMethod(Invoker.java:901)
	at org.testng.internal.TestMethodWithDataProviderMethodWorker.call(TestMethodWithDataProviderMethodWorker.java:73)
	at org.testng.internal.TestMethodWithDataProviderMethodWorker.call(TestMethodWithDataProviderMethodWorker.java:14)
	at java.util.concurrent.FutureTask.run(FutureTask.java:266)
	at java.util.concurrent.Executors$RunnableAdapter.call(Executors.java:511)
	at java.util.concurrent.FutureTask.run(FutureTask.java:266)
	at java.util.concurrent.ThreadPoolExecutor.runWorker(ThreadPoolExecutor.java:1142)
	at java.util.concurrent.ThreadPoolExecutor$Worker.run(ThreadPoolExecutor.java:617)
	at java.lang.Thread.run(Thread.java:745)
</failure>
  </testcase>
  <testcase classname="com.epam.calculator.testCalculator.baseOperations.TestSum" name="testSumFailLong" time="0"/>
  <testcase classname="com.epam.calculator.testCalculator.baseOperations.TestSum" name="testSumExceptionIsThrown" time="0.001">
    <failure message="
Method TestSum.testSumExceptionIsThrown(long, long)[pri:0, instance:com.epam.calculator.testCalculator.baseOperations.TestSum@1af06fc] should have thrown an exception of class java.lang.Exception" type="org.testng.TestException">org.testng.TestException: 
Method TestSum.testSumExceptionIsThrown(long, long)[pri:0, instance:com.epam.calculator.testCalculator.baseOperations.TestSum@1af06fc] should have thrown an exception of class java.lang.Exception
	at org.testng.internal.Invoker.handleInvocationResults(Invoker.java:1512)
	at org.testng.internal.Invoker.invokeMethod(Invoker.java:754)
	at org.testng.internal.Invoker.invokeTestMethod(Invoker.java:901)
	at org.testng.internal.TestMethodWithDataProviderMethodWorker.call(TestMethodWithDataProviderMethodWorker.java:73)
	at org.testng.internal.TestMethodWithDataProviderMethodWorker.call(TestMethodWithDataProviderMethodWorker.java:14)
	at java.util.concurrent.FutureTask.run(FutureTask.java:266)
	at java.util.concurrent.Executors$RunnableAdapter.call(Executors.java:511)
	at java.util.concurrent.FutureTask.run(FutureTask.java:266)
	at java.util.concurrent.ThreadPoolExecutor.runWorker(ThreadPoolExecutor.java:1142)
	at java.util.concurrent.ThreadPoolExecutor$Worker.run(ThreadPoolExecutor.java:617)
	at java.lang.Thread.run(Thread.java:745)
</failure>
  </testcase>
  <testcase classname="com.epam.calculator.testCalculator.baseOperations.TestMult" name="testMultExceptionIsThrown" time="0">
    <failure message="
Method TestMult.testMultExceptionIsThrown(long, long)[pri:0, instance:com.epam.calculator.testCalculator.baseOperations.TestMult@369e14] should have thrown an exception of class java.lang.Exception" type="org.testng.TestException">org.testng.TestException: 
Method TestMult.testMultExceptionIsThrown(long, long)[pri:0, instance:com.epam.calculator.testCalculator.baseOperations.TestMult@369e14] should have thrown an exception of class java.lang.Exception
	at org.testng.internal.Invoker.handleInvocationResults(Invoker.java:1512)
	at org.testng.internal.Invoker.invokeMethod(Invoker.java:754)
	at org.testng.internal.Invoker.invokeTestMethod(Invoker.java:901)
	at org.testng.internal.TestMethodWithDataProviderMethodWorker.call(TestMethodWithDataProviderMethodWorker.java:73)
	at org.testng.internal.TestMethodWithDataProviderMethodWorker.call(TestMethodWithDataProviderMethodWorker.java:14)
	at java.util.concurrent.FutureTask.run(FutureTask.java:266)
	at java.util.concurrent.Executors$RunnableAdapter.call(Executors.java:511)
	at java.util.concurrent.FutureTask.run(FutureTask.java:266)
	at java.util.concurrent.ThreadPoolExecutor.runWorker(ThreadPoolExecutor.java:1142)
	at java.util.concurrent.ThreadPoolExecutor$Worker.run(ThreadPoolExecutor.java:617)
	at java.lang.Thread.run(Thread.java:745)
</failure>
  </testcase>
  <testcase classname="com.epam.calculator.testCalculator.baseOperations.TestSum" name="testSumExceptionIsThrown" time="0">
    <failure message="
Method TestSum.testSumExceptionIsThrown(long, long)[pri:0, instance:com.epam.calculator.testCalculator.baseOperations.TestSum@1af06fc] should have thrown an exception of class java.lang.Exception" type="org.testng.TestException">org.testng.TestException: 
Method TestSum.testSumExceptionIsThrown(long, long)[pri:0, instance:com.epam.calculator.testCalculator.baseOperations.TestSum@1af06fc] should have thrown an exception of class java.lang.Exception
	at org.testng.internal.Invoker.handleInvocationResults(Invoker.java:1512)
	at org.testng.internal.Invoker.invokeMethod(Invoker.java:754)
	at org.testng.internal.Invoker.invokeTestMethod(Invoker.java:901)
	at org.testng.internal.TestMethodWithDataProviderMethodWorker.call(TestMethodWithDataProviderMethodWorker.java:73)
	at org.testng.internal.TestMethodWithDataProviderMethodWorker.call(TestMethodWithDataProviderMethodWorker.java:14)
	at java.util.concurrent.FutureTask.run(FutureTask.java:266)
	at java.util.concurrent.Executors$RunnableAdapter.call(Executors.java:511)
	at java.util.concurrent.FutureTask.run(FutureTask.java:266)
	at java.util.concurrent.ThreadPoolExecutor.runWorker(ThreadPoolExecutor.java:1142)
	at java.util.concurrent.ThreadPoolExecutor$Worker.run(ThreadPoolExecutor.java:617)
	at java.lang.Thread.run(Thread.java:745)
</failure>
  </testcase>
  <testcase classname="com.epam.calculator.testCalculator.baseOperations.TestSub" name="testSubFailLong" time="0"/>
  <testcase classname="com.epam.calculator.testCalculator.sign.TestIsNegative" name="testIsNegativeFailLong" time="0"/>
  <testcase classname="com.epam.calculator.testCalculator.baseOperations.TestSum" name="testSumExceptionIsThrown" time="0">
    <failure message="
Method TestSum.testSumExceptionIsThrown(long, long)[pri:0, instance:com.epam.calculator.testCalculator.baseOperations.TestSum@1af06fc] should have thrown an exception of class java.lang.Exception" type="org.testng.TestException">org.testng.TestException: 
Method TestSum.testSumExceptionIsThrown(long, long)[pri:0, instance:com.epam.calculator.testCalculator.baseOperations.TestSum@1af06fc] should have thrown an exception of class java.lang.Exception
	at org.testng.internal.Invoker.handleInvocationResults(Invoker.java:1512)
	at org.testng.internal.Invoker.invokeMethod(Invoker.java:754)
	at org.testng.internal.Invoker.invokeTestMethod(Invoker.java:901)
	at org.testng.internal.TestMethodWithDataProviderMethodWorker.call(TestMethodWithDataProviderMethodWorker.java:73)
	at org.testng.internal.TestMethodWithDataProviderMethodWorker.call(TestMethodWithDataProviderMethodWorker.java:14)
	at java.util.concurrent.FutureTask.run(FutureTask.java:266)
	at java.util.concurrent.Executors$RunnableAdapter.call(Executors.java:511)
	at java.util.concurrent.FutureTask.run(FutureTask.java:266)
	at java.util.concurrent.ThreadPoolExecutor.runWorker(ThreadPoolExecutor.java:1142)
	at java.util.concurrent.ThreadPoolExecutor$Worker.run(ThreadPoolExecutor.java:617)
	at java.lang.Thread.run(Thread.java:745)
</failure>
  </testcase>
  <testcase classname="com.epam.calculator.testCalculator.sign.TestIsNegative" name="testIsNegativeFailLong" time="0"/>
  <testcase classname="com.epam.calculator.testCalculator.sign.TestIsPositive" name="testIsPositiveFailLong" time="0"/>
  <testcase classname="com.epam.calculator.testCalculator.baseOperations.TestDiv" name="testDivPassLong" time="0"/>
  <testcase classname="com.epam.calculator.testCalculator.baseOperations.TestSum" name="testSumExceptionIsThrown" time="0">
    <failure message="
Method TestSum.testSumExceptionIsThrown(long, long)[pri:0, instance:com.epam.calculator.testCalculator.baseOperations.TestSum@1af06fc] should have thrown an exception of class java.lang.Exception" type="org.testng.TestException">org.testng.TestException: 
Method TestSum.testSumExceptionIsThrown(long, long)[pri:0, instance:com.epam.calculator.testCalculator.baseOperations.TestSum@1af06fc] should have thrown an exception of class java.lang.Exception
	at org.testng.internal.Invoker.handleInvocationResults(Invoker.java:1512)
	at org.testng.internal.Invoker.invokeMethod(Invoker.java:754)
	at org.testng.internal.Invoker.invokeTestMethod(Invoker.java:901)
	at org.testng.internal.TestMethodWithDataProviderMethodWorker.call(TestMethodWithDataProviderMethodWorker.java:73)
	at org.testng.internal.TestMethodWithDataProviderMethodWorker.call(TestMethodWithDataProviderMethodWorker.java:14)
	at java.util.concurrent.FutureTask.run(FutureTask.java:266)
	at java.util.concurrent.Executors$RunnableAdapter.call(Executors.java:511)
	at java.util.concurrent.FutureTask.run(FutureTask.java:266)
	at java.util.concurrent.ThreadPoolExecutor.runWorker(ThreadPoolExecutor.java:1142)
	at java.util.concurrent.ThreadPoolExecutor$Worker.run(ThreadPoolExecutor.java:617)
	at java.lang.Thread.run(Thread.java:745)
</failure>
  </testcase>
  <testcase classname="com.epam.calculator.testCalculator.baseOperations.TestMult" name="testMultFailLong" time="0"/>
  <testcase classname="com.epam.calculator.testCalculator.baseOperations.TestMult" name="testMultFailLong" time="0"/>
  <testcase classname="com.epam.calculator.testCalculator.baseOperations.TestMult" name="testMultFailLong" time="0"/>
  <testcase classname="com.epam.calculator.testCalculator.baseOperations.TestMult" name="testMultFailLong" time="0"/>
  <testcase classname="com.epam.calculator.testCalculator.baseOperations.TestSum" name="testSumPassLong" time="0"/>
  <testcase classname="com.epam.calculator.testCalculator.baseOperations.TestSum" name="testSumPassLong" time="0"/>
  <testcase classname="com.epam.calculator.testCalculator.baseOperations.TestMult" name="testMultFailLong" time="0"/>
  <testcase classname="com.epam.calculator.testCalculator.baseOperations.TestSum" name="testSumFailLong" time="0"/>
  <testcase classname="com.epam.calculator.testCalculator.baseOperations.TestSum" name="testSumExceptionIsThrown" time="0">
    <failure message="
Method TestSum.testSumExceptionIsThrown(long, long)[pri:0, instance:com.epam.calculator.testCalculator.baseOperations.TestSum@1af06fc] should have thrown an exception of class java.lang.Exception" type="org.testng.TestException">org.testng.TestException: 
Method TestSum.testSumExceptionIsThrown(long, long)[pri:0, instance:com.epam.calculator.testCalculator.baseOperations.TestSum@1af06fc] should have thrown an exception of class java.lang.Exception
	at org.testng.internal.Invoker.handleInvocationResults(Invoker.java:1512)
	at org.testng.internal.Invoker.invokeMethod(Invoker.java:754)
	at org.testng.internal.Invoker.invokeTestMethod(Invoker.java:901)
	at org.testng.internal.TestMethodWithDataProviderMethodWorker.call(TestMethodWithDataProviderMethodWorker.java:73)
	at org.testng.internal.TestMethodWithDataProviderMethodWorker.call(TestMethodWithDataProviderMethodWorker.java:14)
	at java.util.concurrent.FutureTask.run(FutureTask.java:266)
	at java.util.concurrent.Executors$RunnableAdapter.call(Executors.java:511)
	at java.util.concurrent.FutureTask.run(FutureTask.java:266)
	at java.util.concurrent.ThreadPoolExecutor.runWorker(ThreadPoolExecutor.java:1142)
	at java.util.concurrent.ThreadPoolExecutor$Worker.run(ThreadPoolExecutor.java:617)
	at java.lang.Thread.run(Thread.java:745)
</failure>
  </testcase>
  <testcase classname="com.epam.calculator.testCalculator.baseOperations.TestSum" name="testSumExceptionIsThrown" time="0">
    <failure message="
Method TestSum.testSumExceptionIsThrown(long, long)[pri:0, instance:com.epam.calculator.testCalculator.baseOperations.TestSum@1af06fc] should have thrown an exception of class java.lang.Exception" type="org.testng.TestException">org.testng.TestException: 
Method TestSum.testSumExceptionIsThrown(long, long)[pri:0, instance:com.epam.calculator.testCalculator.baseOperations.TestSum@1af06fc] should have thrown an exception of class java.lang.Exception
	at org.testng.internal.Invoker.handleInvocationResults(Invoker.java:1512)
	at org.testng.internal.Invoker.invokeMethod(Invoker.java:754)
	at org.testng.internal.Invoker.invokeTestMethod(Invoker.java:901)
	at org.testng.internal.TestMethodWithDataProviderMethodWorker.call(TestMethodWithDataProviderMethodWorker.java:73)
	at org.testng.internal.TestMethodWithDataProviderMethodWorker.call(TestMethodWithDataProviderMethodWorker.java:14)
	at java.util.concurrent.FutureTask.run(FutureTask.java:266)
	at java.util.concurrent.Executors$RunnableAdapter.call(Executors.java:511)
	at java.util.concurrent.FutureTask.run(FutureTask.java:266)
	at java.util.concurrent.ThreadPoolExecutor.runWorker(ThreadPoolExecutor.java:1142)
	at java.util.concurrent.ThreadPoolExecutor$Worker.run(ThreadPoolExecutor.java:617)
	at java.lang.Thread.run(Thread.java:745)
</failure>
    <system-out>[Test: TestNG Unit Group][Class: com.epam.calculator.testCalculator.baseOperations.TestMult][Method: testMultPassLong] - State [1] - [Time: 1 ms]
[Test: TestNG Unit Group][Class: com.epam.calculator.testCalculator.baseOperations.TestMult][Method: testMultPassLong] - State [1] - [Time: 1 ms]
</system-out>
  </testcase>
  <testcase classname="com.epam.calculator.testCalculator.baseOperations.TestDiv" name="testDivExceptionIsThrown" time="0"/>
  <testcase classname="com.epam.calculator.testCalculator.baseOperations.TestSum" name="testSumExceptionIsThrown" time="0.011">
    <failure message="
Method TestSum.testSumExceptionIsThrown(long, long)[pri:0, instance:com.epam.calculator.testCalculator.baseOperations.TestSum@1af06fc] should have thrown an exception of class java.lang.Exception" type="org.testng.TestException">org.testng.TestException: 
Method TestSum.testSumExceptionIsThrown(long, long)[pri:0, instance:com.epam.calculator.testCalculator.baseOperations.TestSum@1af06fc] should have thrown an exception of class java.lang.Exception
	at org.testng.internal.Invoker.handleInvocationResults(Invoker.java:1512)
	at org.testng.internal.Invoker.invokeMethod(Invoker.java:754)
	at org.testng.internal.Invoker.invokeTestMethod(Invoker.java:901)
	at org.testng.internal.TestMethodWithDataProviderMethodWorker.call(TestMethodWithDataProviderMethodWorker.java:73)
	at org.testng.internal.TestMethodWithDataProviderMethodWorker.call(TestMethodWithDataProviderMethodWorker.java:14)
	at java.util.concurrent.FutureTask.run(FutureTask.java:266)
	at java.util.concurrent.Executors$RunnableAdapter.call(Executors.java:511)
	at java.util.concurrent.FutureTask.run(FutureTask.java:266)
	at java.util.concurrent.ThreadPoolExecutor.runWorker(ThreadPoolExecutor.java:1142)
	at java.util.concurrent.ThreadPoolExecutor$Worker.run(ThreadPoolExecutor.java:617)
	at java.lang.Thread.run(Thread.java:745)
</failure>
    <system-out>testSumExceptionIsThrown--Test method failed
[Test: TestNG Unit Group][Class: com.epam.calculator.testCalculator.baseOperations.TestDiv][Method: testDivExceptionIsThrown] - State [1] - [Time: 0 ms]
[Test: TestNG Unit Group][Class: com.epam.calculator.testCalculator.baseOperations.TestDiv][Method: testDivExceptionIsThrown] - State [1] - [Time: 0 ms]
[Test: TestNG Unit Group][Class: com.epam.calculator.testCalculator.baseOperations.TestDiv][Method: testDivExceptionIsThrown] - State [1] - [Time: 0 ms]
[Test: TestNG Unit Group][Class: com.epam.calculator.testCalculator.baseOperations.TestDiv][Method: testDivExceptionIsThrown] - State [1] - [Time: 0 ms]
</system-out>
  </testcase>
  <testcase classname="com.epam.calculator.testCalculator.baseOperations.TestDiv" name="testDivExceptionIsThrown" time="0"/>
  <testcase classname="com.epam.calculator.testCalculator.baseOperations.TestSum" name="testSumPassLong" time="0"/>
  <testcase classname="com.epam.calculator.testCalculator.baseOperations.TestSub" name="testSubFailLong" time="0.004"/>
  <testcase classname="com.epam.calculator.testCalculator.baseOperations.TestSub" name="testSubFailLong" time="0.001"/>
  <testcase classname="com.epam.calculator.testCalculator.baseOperations.TestSum" name="testSumExceptionIsThrown" time="0.001">
    <failure message="
Method TestSum.testSumExceptionIsThrown(long, long)[pri:0, instance:com.epam.calculator.testCalculator.baseOperations.TestSum@1af06fc] should have thrown an exception of class java.lang.Exception" type="org.testng.TestException">org.testng.TestException: 
Method TestSum.testSumExceptionIsThrown(long, long)[pri:0, instance:com.epam.calculator.testCalculator.baseOperations.TestSum@1af06fc] should have thrown an exception of class java.lang.Exception
	at org.testng.internal.Invoker.handleInvocationResults(Invoker.java:1512)
	at org.testng.internal.Invoker.invokeMethod(Invoker.java:754)
	at org.testng.internal.Invoker.invokeTestMethod(Invoker.java:901)
	at org.testng.internal.TestMethodWithDataProviderMethodWorker.call(TestMethodWithDataProviderMethodWorker.java:73)
	at org.testng.internal.TestMethodWithDataProviderMethodWorker.call(TestMethodWithDataProviderMethodWorker.java:14)
	at java.util.concurrent.FutureTask.run(FutureTask.java:266)
	at java.util.concurrent.Executors$RunnableAdapter.call(Executors.java:511)
	at java.util.concurrent.FutureTask.run(FutureTask.java:266)
	at java.util.concurrent.ThreadPoolExecutor.runWorker(ThreadPoolExecutor.java:1142)
	at java.util.concurrent.ThreadPoolExecutor$Worker.run(ThreadPoolExecutor.java:617)
	at java.lang.Thread.run(Thread.java:745)
</failure>
    <system-out>[Test: TestNG Unit Group][Class: com.epam.calculator.testCalculator.sign.TestIsPositive][Method: testIsPositiveFailLong] - State [1] - [Time: 0 ms]
</system-out>
  </testcase>
  <testcase classname="com.epam.calculator.testCalculator.baseOperations.TestSub" name="testSubPassLong" time="0.001"/>
  <testcase classname="com.epam.calculator.testCalculator.baseOperations.TestSub" name="testSubPassLong" time="0.001"/>
  <testcase classname="com.epam.calculator.testCalculator.sign.TestIsPositive" name="testIsPositivePassLong" time="0"/>
  <testcase classname="com.epam.calculator.testCalculator.sign.TestIsPositive" name="testIsPositivePassLong" time="0.004"/>
  <testcase classname="com.epam.calculator.testCalculator.baseOperations.TestDiv" name="testDivExceptionIsThrown" time="0.005"/>
  <testcase classname="com.epam.calculator.testCalculator.baseOperations.TestDiv" name="testDivExceptionIsThrown" time="0"/>
  <testcase classname="com.epam.calculator.testCalculator.baseOperations.TestSub" name="testSubFailLong" time="0"/>
  <testcase classname="com.epam.calculator.testCalculator.baseOperations.TestSub" name="testSubPassLong" time="0.004"/>
  <testcase classname="com.epam.calculator.testCalculator.baseOperations.TestMult" name="testMultExceptionIsThrown" time="0.005">
    <failure message="
Method TestMult.testMultExceptionIsThrown(long, long)[pri:0, instance:com.epam.calculator.testCalculator.baseOperations.TestMult@369e14] should have thrown an exception of class java.lang.Exception" type="org.testng.TestException">org.testng.TestException: 
Method TestMult.testMultExceptionIsThrown(long, long)[pri:0, instance:com.epam.calculator.testCalculator.baseOperations.TestMult@369e14] should have thrown an exception of class java.lang.Exception
	at org.testng.internal.Invoker.handleInvocationResults(Invoker.java:1512)
	at org.testng.internal.Invoker.invokeMethod(Invoker.java:754)
	at org.testng.internal.Invoker.invokeTestMethod(Invoker.java:901)
	at org.testng.internal.TestMethodWithDataProviderMethodWorker.call(TestMethodWithDataProviderMethodWorker.java:73)
	at org.testng.internal.TestMethodWithDataProviderMethodWorker.call(TestMethodWithDataProviderMethodWorker.java:14)
	at java.util.concurrent.FutureTask.run(FutureTask.java:266)
	at java.util.concurrent.Executors$RunnableAdapter.call(Executors.java:511)
	at java.util.concurrent.FutureTask.run(FutureTask.java:266)
	at java.util.concurrent.ThreadPoolExecutor.runWorker(ThreadPoolExecutor.java:1142)
	at java.util.concurrent.ThreadPoolExecutor$Worker.run(ThreadPoolExecutor.java:617)
	at java.lang.Thread.run(Thread.java:745)
</failure>
    <system-out>[Test: TestNG Unit Group][Class: com.epam.calculator.testCalculator.baseOperations.TestSub][Method: testSubPassLong] - State [1] - [Time: 1 ms]
[Test: TestNG Unit Group][Class: com.epam.calculator.testCalculator.baseOperations.TestSub][Method: testSubPassLong] - State [1] - [Time: 1 ms]
</system-out>
  </testcase>
  <testcase classname="com.epam.calculator.testCalculator.baseOperations.TestSum" name="testSumFailLong" time="0.014"/>
  <testcase classname="com.epam.calculator.testCalculator.baseOperations.TestSub" name="testSubPassLong" time="0.015"/>
  <testcase classname="com.epam.calculator.testCalculator.baseOperations.TestSub" name="testSubPassLong" time="0"/>
  <testcase classname="com.epam.calculator.testCalculator.sign.TestIsNegative" name="testIsNegativePassLong" time="0"/>
  <testcase classname="com.epam.calculator.testCalculator.baseOperations.TestSub" name="testSubPassLong" time="0"/>
  <testcase classname="com.epam.calculator.testCalculator.baseOperations.TestSub" name="testSubPassLong" time="0"/>
  <testcase classname="com.epam.calculator.testCalculator.sign.TestIsPositive" name="testIsPositivePassLong" time="0"/>
  <testcase classname="com.epam.calculator.testCalculator.baseOperations.TestSum" name="testSumFailLong" time="0"/>
  <testcase classname="com.epam.calculator.testCalculator.baseOperations.TestMult" name="testMultExceptionIsThrown" time="0">
    <failure message="
Method TestMult.testMultExceptionIsThrown(long, long)[pri:0, instance:com.epam.calculator.testCalculator.baseOperations.TestMult@369e14] should have thrown an exception of class java.lang.Exception" type="org.testng.TestException">org.testng.TestException: 
Method TestMult.testMultExceptionIsThrown(long, long)[pri:0, instance:com.epam.calculator.testCalculator.baseOperations.TestMult@369e14] should have thrown an exception of class java.lang.Exception
	at org.testng.internal.Invoker.handleInvocationResults(Invoker.java:1512)
	at org.testng.internal.Invoker.invokeMethod(Invoker.java:754)
	at org.testng.internal.Invoker.invokeTestMethod(Invoker.java:901)
	at org.testng.internal.TestMethodWithDataProviderMethodWorker.call(TestMethodWithDataProviderMethodWorker.java:73)
	at org.testng.internal.TestMethodWithDataProviderMethodWorker.call(TestMethodWithDataProviderMethodWorker.java:14)
	at java.util.concurrent.FutureTask.run(FutureTask.java:266)
	at java.util.concurrent.Executors$RunnableAdapter.call(Executors.java:511)
	at java.util.concurrent.FutureTask.run(FutureTask.java:266)
	at java.util.concurrent.ThreadPoolExecutor.runWorker(ThreadPoolExecutor.java:1142)
	at java.util.concurrent.ThreadPoolExecutor$Worker.run(ThreadPoolExecutor.java:617)
	at java.lang.Thread.run(Thread.java:745)
</failure>
    <system-out>[Test: TestNG Unit Group][Class: com.epam.calculator.testCalculator.baseOperations.TestSub][Method: testSubPassLong] - State [1] - [Time: 1 ms]
[Test: TestNG Unit Group][Class: com.epam.calculator.testCalculator.baseOperations.TestSub][Method: testSubPassLong] - State [1] - [Time: 1 ms]
[Test: TestNG Unit Group][Class: com.epam.calculator.testCalculator.baseOperations.TestSub][Method: testSubPassLong] - State [1] - [Time: 1 ms]
[Test: TestNG Unit Group][Class: com.epam.calculator.testCalculator.baseOperations.TestSub][Method: testSubPassLong] - State [1] - [Time: 1 ms]
</system-out>
  </testcase>
  <testcase classname="com.epam.calculator.testCalculator.baseOperations.TestSub" name="testSubPassLong" time="0.001"/>
  <testcase classname="com.epam.calculator.testCalculator.baseOperations.TestSub" name="testSubFailLong" time="0.003"/>
  <testcase classname="com.epam.calculator.testCalculator.sign.TestIsNegative" name="testIsNegativePassLong" time="0.008"/>
  <testcase classname="com.epam.calculator.testCalculator.baseOperations.TestSub" name="testSubFailLong" time="0.014"/>
  <testcase classname="com.epam.calculator.testCalculator.baseOperations.TestSub" name="testSubPassLong" time="0.018"/>
  <testcase classname="com.epam.calculator.testCalculator.baseOperations.TestSum" name="testSumFailLong" time="0.019"/>
  <testcase classname="com.epam.calculator.testCalculator.baseOperations.TestSub" name="testSubPassLong" time="0.019"/>
  <testcase classname="com.epam.calculator.testCalculator.baseOperations.TestSub" name="testSubPassLong" time="0.023"/>
  <testcase classname="com.epam.calculator.testCalculator.baseOperations.TestSub" name="testSubFailLong" time="0.005"/>
  <testcase classname="com.epam.calculator.testCalculator.baseOperations.TestSub" name="testSubFailLong" time="0.005"/>
  <testcase classname="com.epam.calculator.testCalculator.baseOperations.TestMult" name="testMultExceptionIsThrown" time="0.009">
    <failure message="
Method TestMult.testMultExceptionIsThrown(long, long)[pri:0, instance:com.epam.calculator.testCalculator.baseOperations.TestMult@369e14] should have thrown an exception of class java.lang.Exception" type="org.testng.TestException">org.testng.TestException: 
Method TestMult.testMultExceptionIsThrown(long, long)[pri:0, instance:com.epam.calculator.testCalculator.baseOperations.TestMult@369e14] should have thrown an exception of class java.lang.Exception
	at org.testng.internal.Invoker.handleInvocationResults(Invoker.java:1512)
	at org.testng.internal.Invoker.invokeMethod(Invoker.java:754)
	at org.testng.internal.Invoker.invokeTestMethod(Invoker.java:901)
	at org.testng.internal.TestMethodWithDataProviderMethodWorker.call(TestMethodWithDataProviderMethodWorker.java:73)
	at org.testng.internal.TestMethodWithDataProviderMethodWorker.call(TestMethodWithDataProviderMethodWorker.java:14)
	at java.util.concurrent.FutureTask.run(FutureTask.java:266)
	at java.util.concurrent.Executors$RunnableAdapter.call(Executors.java:511)
	at java.util.concurrent.FutureTask.run(FutureTask.java:266)
	at java.util.concurrent.ThreadPoolExecutor.runWorker(ThreadPoolExecutor.java:1142)
	at java.util.concurrent.ThreadPoolExecutor$Worker.run(ThreadPoolExecutor.java:617)
	at java.lang.Thread.run(Thread.java:745)
</failure>
    <system-out>[Test: TestNG Unit Group][Class: com.epam.calculator.testCalculator.baseOperations.TestSub][Method: testSubFailLong] - State [1] - [Time: 0 ms]
[Test: TestNG Unit Group][Class: com.epam.calculator.testCalculator.baseOperations.TestSub][Method: testSubFailLong] - State [1] - [Time: 0 ms]
</system-out>
  </testcase>
  <testcase classname="com.epam.calculator.testCalculator.baseOperations.TestSub" name="testSubFailLong" time="0"/>
  <testcase classname="com.epam.calculator.testCalculator.baseOperations.TestSub" name="testSubPassLong" time="0.004"/>
  <testcase classname="com.epam.calculator.testCalculator.baseOperations.TestSub" name="testSubPassLong" time="0.001"/>
  <testcase classname="com.epam.calculator.testCalculator.baseOperations.TestSub" name="testSubPassLong" time="0"/>
  <testcase classname="com.epam.calculator.testCalculator.baseOperations.TestSub" name="testSubPassLong" time="0.001"/>
  <testcase classname="com.epam.calculator.testCalculator.baseOperations.TestSum" name="testSumPassLong" time="0.006"/>
  <testcase classname="com.epam.calculator.testCalculator.baseOperations.TestSum" name="testSumPassLong" time="0.001"/>
</testsuite>